<?xml version="1.0" encoding="UTF-8"?>
<testsuite xmlns:xsi="http://www.w3.org/2001/XMLSchema-instance" xsi:noNamespaceSchemaLocation="https://maven.apache.org/surefire/maven-failsafe-plugin/xsd/failsafe-test-report.xsd" name="com.yugabyte.cdcsdk.testing.PostgresSinkConsumerIT" time="63.537" tests="2" errors="0" skipped="0" failures="0">
  <properties>
    <property name="awt.toolkit" value="sun.awt.X11.XToolkit"/>
    <property name="java.specification.version" value="11"/>
    <property name="sun.cpu.isalist" value=""/>
    <property name="sun.jnu.encoding" value="UTF-8"/>
    <property name="java.class.path" value="/home/ec2-user/code/cdcsdk-testing/target/test-classes:/home/ec2-user/code/cdcsdk-testing/target/cdcsdk-testing-1.0.0-SNAPSHOT.jar:/home/ec2-user/.m2/repository/com/yugabyte/cdcsdk-server-core/1.0.0.RC1/cdcsdk-server-core-1.0.0.RC1.jar:/home/ec2-user/.m2/repository/io/quarkus/quarkus-core/2.7.2.Final/quarkus-core-2.7.2.Final.jar:/home/ec2-user/.m2/repository/jakarta/annotation/jakarta.annotation-api/1.3.5/jakarta.annotation-api-1.3.5.jar:/home/ec2-user/.m2/repository/jakarta/enterprise/jakarta.enterprise.cdi-api/2.0.2/jakarta.enterprise.cdi-api-2.0.2.jar:/home/ec2-user/.m2/repository/jakarta/el/jakarta.el-api/3.0.3/jakarta.el-api-3.0.3.jar:/home/ec2-user/.m2/repository/jakarta/interceptor/jakarta.interceptor-api/1.2.5/jakarta.interceptor-api-1.2.5.jar:/home/ec2-user/.m2/repository/jakarta/ejb/jakarta.ejb-api/3.2.6/jakarta.ejb-api-3.2.6.jar:/home/ec2-user/.m2/repository/jakarta/inject/jakarta.inject-api/1.0/jakarta.inject-api-1.0.jar:/home/ec2-user/.m2/repository/io/quarkus/quarkus-ide-launcher/2.7.2.Final/quarkus-ide-launcher-2.7.2.Final.jar:/home/ec2-user/.m2/repository/io/quarkus/quarkus-development-mode-spi/2.7.2.Final/quarkus-development-mode-spi-2.7.2.Final.jar:/home/ec2-user/.m2/repository/io/smallrye/config/smallrye-config/2.9.0/smallrye-config-2.9.0.jar:/home/ec2-user/.m2/repository/io/smallrye/config/smallrye-config-core/2.9.0/smallrye-config-core-2.9.0.jar:/home/ec2-user/.m2/repository/org/eclipse/microprofile/config/microprofile-config-api/2.0/microprofile-config-api-2.0.jar:/home/ec2-user/.m2/repository/io/smallrye/common/smallrye-common-annotation/1.9.0/smallrye-common-annotation-1.9.0.jar:/home/ec2-user/.m2/repository/io/smallrye/common/smallrye-common-expression/1.9.0/smallrye-common-expression-1.9.0.jar:/home/ec2-user/.m2/repository/io/smallrye/common/smallrye-common-function/1.9.0/smallrye-common-function-1.9.0.jar:/home/ec2-user/.m2/repository/io/smallrye/common/smallrye-common-constraint/1.9.0/smallrye-common-constraint-1.9.0.jar:/home/ec2-user/.m2/repository/io/smallrye/common/smallrye-common-classloader/1.9.0/smallrye-common-classloader-1.9.0.jar:/home/ec2-user/.m2/repository/io/smallrye/config/smallrye-config-common/2.9.0/smallrye-config-common-2.9.0.jar:/home/ec2-user/.m2/repository/org/jboss/logging/jboss-logging/3.4.3.Final/jboss-logging-3.4.3.Final.jar:/home/ec2-user/.m2/repository/org/jboss/logmanager/jboss-logmanager-embedded/1.0.9/jboss-logmanager-embedded-1.0.9.jar:/home/ec2-user/.m2/repository/org/jboss/logging/jboss-logging-annotations/2.2.1.Final/jboss-logging-annotations-2.2.1.Final.jar:/home/ec2-user/.m2/repository/org/jboss/threads/jboss-threads/3.4.2.Final/jboss-threads-3.4.2.Final.jar:/home/ec2-user/.m2/repository/org/jboss/slf4j/slf4j-jboss-logmanager/1.1.0.Final/slf4j-jboss-logmanager-1.1.0.Final.jar:/home/ec2-user/.m2/repository/org/graalvm/sdk/graal-sdk/21.3.1/graal-sdk-21.3.1.jar:/home/ec2-user/.m2/repository/org/wildfly/common/wildfly-common/1.5.4.Final-format-001/wildfly-common-1.5.4.Final-format-001.jar:/home/ec2-user/.m2/repository/io/quarkus/quarkus-bootstrap-runner/2.7.2.Final/quarkus-bootstrap-runner-2.7.2.Final.jar:/home/ec2-user/.m2/repository/io/smallrye/common/smallrye-common-io/1.10.0/smallrye-common-io-1.10.0.jar:/home/ec2-user/.m2/repository/io/quarkus/quarkus-fs-util/0.0.9/quarkus-fs-util-0.0.9.jar:/home/ec2-user/.m2/repository/io/quarkus/quarkus-smallrye-health/2.7.2.Final/quarkus-smallrye-health-2.7.2.Final.jar:/home/ec2-user/.m2/repository/io/smallrye/smallrye-health/3.1.2/smallrye-health-3.1.2.jar:/home/ec2-user/.m2/repository/org/eclipse/microprofile/health/microprofile-health-api/3.1/microprofile-health-api-3.1.jar:/home/ec2-user/.m2/repository/io/smallrye/smallrye-health-api/3.1.2/smallrye-health-api-3.1.2.jar:/home/ec2-user/.m2/repository/io/smallrye/reactive/mutiny/0.17.0/mutiny-0.17.0.jar:/home/ec2-user/.m2/repository/io/smallrye/smallrye-health-provided-checks/3.1.2/smallrye-health-provided-checks-3.1.2.jar:/home/ec2-user/.m2/repository/io/quarkus/quarkus-vertx-http/2.7.2.Final/quarkus-vertx-http-2.7.2.Final.jar:/home/ec2-user/.m2/repository/io/quarkus/quarkus-security-runtime-spi/2.7.2.Final/quarkus-security-runtime-spi-2.7.2.Final.jar:/home/ec2-user/.m2/repository/io/quarkus/quarkus-mutiny/2.7.2.Final/quarkus-mutiny-2.7.2.Final.jar:/home/ec2-user/.m2/repository/io/quarkus/quarkus-smallrye-context-propagation/2.7.2.Final/quarkus-smallrye-context-propagation-2.7.2.Final.jar:/home/ec2-user/.m2/repository/io/smallrye/smallrye-context-propagation/1.2.2/smallrye-context-propagation-1.2.2.jar:/home/ec2-user/.m2/repository/io/smallrye/smallrye-context-propagation-api/1.2.2/smallrye-context-propagation-api-1.2.2.jar:/home/ec2-user/.m2/repository/io/smallrye/smallrye-context-propagation-storage/1.2.2/smallrye-context-propagation-storage-1.2.2.jar:/home/ec2-user/.m2/repository/io/smallrye/reactive/mutiny-smallrye-context-propagation/1.3.1/mutiny-smallrye-context-propagation-1.3.1.jar:/home/ec2-user/.m2/repository/io/smallrye/common/smallrye-common-vertx-context/1.10.0/smallrye-common-vertx-context-1.10.0.jar:/home/ec2-user/.m2/repository/io/vertx/vertx-core/4.2.4/vertx-core-4.2.4.jar:/home/ec2-user/.m2/repository/io/quarkus/quarkus-vertx-http-dev-console-runtime-spi/2.7.2.Final/quarkus-vertx-http-dev-console-runtime-spi-2.7.2.Final.jar:/home/ec2-user/.m2/repository/io/quarkus/security/quarkus-security/1.1.4.Final/quarkus-security-1.1.4.Final.jar:/home/ec2-user/.m2/repository/io/quarkus/quarkus-vertx/2.7.2.Final/quarkus-vertx-2.7.2.Final.jar:/home/ec2-user/.m2/repository/io/quarkus/quarkus-netty/2.7.2.Final/quarkus-netty-2.7.2.Final.jar:/home/ec2-user/.m2/repository/io/smallrye/reactive/smallrye-mutiny-vertx-core/2.18.1/smallrye-mutiny-vertx-core-2.18.1.jar:/home/ec2-user/.m2/repository/io/smallrye/reactive/smallrye-mutiny-vertx-runtime/2.18.1/smallrye-mutiny-vertx-runtime-2.18.1.jar:/home/ec2-user/.m2/repository/io/smallrye/reactive/vertx-mutiny-generator/2.18.1/vertx-mutiny-generator-2.18.1.jar:/home/ec2-user/.m2/repository/io/vertx/vertx-codegen/4.2.3/vertx-codegen-4.2.3.jar:/home/ec2-user/.m2/repository/io/smallrye/smallrye-fault-tolerance-vertx/5.2.1/smallrye-fault-tolerance-vertx-5.2.1.jar:/home/ec2-user/.m2/repository/io/smallrye/reactive/smallrye-mutiny-vertx-web/2.18.1/smallrye-mutiny-vertx-web-2.18.1.jar:/home/ec2-user/.m2/repository/io/smallrye/reactive/smallrye-mutiny-vertx-web-common/2.18.1/smallrye-mutiny-vertx-web-common-2.18.1.jar:/home/ec2-user/.m2/repository/io/smallrye/reactive/smallrye-mutiny-vertx-auth-common/2.18.1/smallrye-mutiny-vertx-auth-common-2.18.1.jar:/home/ec2-user/.m2/repository/io/smallrye/reactive/smallrye-mutiny-vertx-bridge-common/2.18.1/smallrye-mutiny-vertx-bridge-common-2.18.1.jar:/home/ec2-user/.m2/repository/io/vertx/vertx-web/4.2.4/vertx-web-4.2.4.jar:/home/ec2-user/.m2/repository/io/vertx/vertx-web-common/4.2.4/vertx-web-common-4.2.4.jar:/home/ec2-user/.m2/repository/io/vertx/vertx-auth-common/4.2.4/vertx-auth-common-4.2.4.jar:/home/ec2-user/.m2/repository/io/vertx/vertx-bridge-common/4.2.4/vertx-bridge-common-4.2.4.jar:/home/ec2-user/.m2/repository/io/quarkus/quarkus-jsonp/2.7.2.Final/quarkus-jsonp-2.7.2.Final.jar:/home/ec2-user/.m2/repository/io/quarkus/quarkus-micrometer/2.7.2.Final/quarkus-micrometer-2.7.2.Final.jar:/home/ec2-user/.m2/repository/io/quarkus/quarkus-arc/2.7.2.Final/quarkus-arc-2.7.2.Final.jar:/home/ec2-user/.m2/repository/io/quarkus/arc/arc/2.7.2.Final/arc-2.7.2.Final.jar:/home/ec2-user/.m2/repository/jakarta/transaction/jakarta.transaction-api/1.3.3/jakarta.transaction-api-1.3.3.jar:/home/ec2-user/.m2/repository/org/eclipse/microprofile/context-propagation/microprofile-context-propagation-api/1.2/microprofile-context-propagation-api-1.2.jar:/home/ec2-user/.m2/repository/io/micrometer/micrometer-core/1.8.3/micrometer-core-1.8.3.jar:/home/ec2-user/.m2/repository/org/hdrhistogram/HdrHistogram/2.1.12/HdrHistogram-2.1.12.jar:/home/ec2-user/.m2/repository/org/latencyutils/LatencyUtils/2.0.3/LatencyUtils-2.0.3.jar:/home/ec2-user/.m2/repository/org/glassfish/jakarta.json/1.1.6/jakarta.json-1.1.6.jar:/home/ec2-user/.m2/repository/io/quarkus/quarkus-micrometer-registry-prometheus/2.10.0.Final/quarkus-micrometer-registry-prometheus-2.10.0.Final.jar:/home/ec2-user/.m2/repository/io/micrometer/micrometer-registry-prometheus/1.9.0/micrometer-registry-prometheus-1.9.0.jar:/home/ec2-user/.m2/repository/io/prometheus/simpleclient_common/0.15.0/simpleclient_common-0.15.0.jar:/home/ec2-user/.m2/repository/io/prometheus/simpleclient/0.15.0/simpleclient-0.15.0.jar:/home/ec2-user/.m2/repository/io/prometheus/simpleclient_tracer_otel/0.15.0/simpleclient_tracer_otel-0.15.0.jar:/home/ec2-user/.m2/repository/io/prometheus/simpleclient_tracer_common/0.15.0/simpleclient_tracer_common-0.15.0.jar:/home/ec2-user/.m2/repository/io/prometheus/simpleclient_tracer_otel_agent/0.15.0/simpleclient_tracer_otel_agent-0.15.0.jar:/home/ec2-user/.m2/repository/io/quarkus/quarkus-resteasy/2.7.2.Final/quarkus-resteasy-2.7.2.Final.jar:/home/ec2-user/.m2/repository/io/quarkus/quarkus-resteasy-server-common/2.7.2.Final/quarkus-resteasy-server-common-2.7.2.Final.jar:/home/ec2-user/.m2/repository/io/quarkus/quarkus-resteasy-common/2.7.2.Final/quarkus-resteasy-common-2.7.2.Final.jar:/home/ec2-user/.m2/repository/org/jboss/resteasy/resteasy-core/4.7.5.Final/resteasy-core-4.7.5.Final.jar:/home/ec2-user/.m2/repository/org/jboss/spec/javax/annotation/jboss-annotations-api_1.3_spec/2.0.1.Final/jboss-annotations-api_1.3_spec-2.0.1.Final.jar:/home/ec2-user/.m2/repository/org/jboss/spec/javax/ws/rs/jboss-jaxrs-api_2.1_spec/2.0.1.Final/jboss-jaxrs-api_2.1_spec-2.0.1.Final.jar:/home/ec2-user/.m2/repository/org/jboss/resteasy/resteasy-core-spi/4.7.5.Final/resteasy-core-spi-4.7.5.Final.jar:/home/ec2-user/.m2/repository/com/ibm/async/asyncutil/0.1.0/asyncutil-0.1.0.jar:/home/ec2-user/.m2/repository/com/sun/activation/jakarta.activation/1.2.1/jakarta.activation-1.2.1.jar:/home/ec2-user/.m2/repository/jakarta/validation/jakarta.validation-api/2.0.2/jakarta.validation-api-2.0.2.jar:/home/ec2-user/.m2/repository/io/debezium/debezium-api/1.9.5.Final/debezium-api-1.9.5.Final.jar:/home/ec2-user/.m2/repository/com/yugabyte/cdcsdk-engine/1.0.0.RC1/cdcsdk-engine-1.0.0.RC1.jar:/home/ec2-user/.m2/repository/io/debezium/debezium-core/1.9.5.Final/debezium-core-1.9.5.Final.jar:/home/ec2-user/.m2/repository/org/apache/kafka/connect-api/3.2.0/connect-api-3.2.0.jar:/home/ec2-user/.m2/repository/javax/ws/rs/javax.ws.rs-api/2.1.1/javax.ws.rs-api-2.1.1.jar:/home/ec2-user/.m2/repository/org/apache/kafka/connect-runtime/3.2.0/connect-runtime-3.2.0.jar:/home/ec2-user/.m2/repository/org/apache/kafka/connect-transforms/3.2.0/connect-transforms-3.2.0.jar:/home/ec2-user/.m2/repository/org/apache/kafka/kafka-tools/3.2.0/kafka-tools-3.2.0.jar:/home/ec2-user/.m2/repository/org/apache/kafka/kafka-log4j-appender/3.2.0/kafka-log4j-appender-3.2.0.jar:/home/ec2-user/.m2/repository/org/slf4j/slf4j-reload4j/1.7.36/slf4j-reload4j-1.7.36.jar:/home/ec2-user/.m2/repository/net/sourceforge/argparse4j/argparse4j/0.7.0/argparse4j-0.7.0.jar:/home/ec2-user/.m2/repository/ch/qos/reload4j/reload4j/1.2.19/reload4j-1.2.19.jar:/home/ec2-user/.m2/repository/org/bitbucket/b_c/jose4j/0.7.9/jose4j-0.7.9.jar:/home/ec2-user/.m2/repository/com/fasterxml/jackson/jaxrs/jackson-jaxrs-json-provider/2.12.6/jackson-jaxrs-json-provider-2.12.6.jar:/home/ec2-user/.m2/repository/com/fasterxml/jackson/jaxrs/jackson-jaxrs-base/2.12.6/jackson-jaxrs-base-2.12.6.jar:/home/ec2-user/.m2/repository/com/fasterxml/jackson/module/jackson-module-jaxb-annotations/2.12.6/jackson-module-jaxb-annotations-2.12.6.jar:/home/ec2-user/.m2/repository/jakarta/xml/bind/jakarta.xml.bind-api/2.3.2/jakarta.xml.bind-api-2.3.2.jar:/home/ec2-user/.m2/repository/jakarta/activation/jakarta.activation-api/1.2.1/jakarta.activation-api-1.2.1.jar:/home/ec2-user/.m2/repository/org/glassfish/jersey/containers/jersey-container-servlet/2.34/jersey-container-servlet-2.34.jar:/home/ec2-user/.m2/repository/org/glassfish/jersey/containers/jersey-container-servlet-core/2.34/jersey-container-servlet-core-2.34.jar:/home/ec2-user/.m2/repository/org/glassfish/hk2/external/jakarta.inject/2.6.1/jakarta.inject-2.6.1.jar:/home/ec2-user/.m2/repository/org/glassfish/jersey/core/jersey-common/2.34/jersey-common-2.34.jar:/home/ec2-user/.m2/repository/org/glassfish/hk2/osgi-resource-locator/1.0.3/osgi-resource-locator-1.0.3.jar:/home/ec2-user/.m2/repository/org/glassfish/jersey/core/jersey-server/2.34/jersey-server-2.34.jar:/home/ec2-user/.m2/repository/org/glassfish/jersey/core/jersey-client/2.34/jersey-client-2.34.jar:/home/ec2-user/.m2/repository/jakarta/ws/rs/jakarta.ws.rs-api/2.1.6/jakarta.ws.rs-api-2.1.6.jar:/home/ec2-user/.m2/repository/org/glassfish/jersey/inject/jersey-hk2/2.34/jersey-hk2-2.34.jar:/home/ec2-user/.m2/repository/org/glassfish/hk2/hk2-locator/2.6.1/hk2-locator-2.6.1.jar:/home/ec2-user/.m2/repository/org/glassfish/hk2/external/aopalliance-repackaged/2.6.1/aopalliance-repackaged-2.6.1.jar:/home/ec2-user/.m2/repository/org/glassfish/hk2/hk2-api/2.6.1/hk2-api-2.6.1.jar:/home/ec2-user/.m2/repository/org/glassfish/hk2/hk2-utils/2.6.1/hk2-utils-2.6.1.jar:/home/ec2-user/.m2/repository/org/javassist/javassist/3.25.0-GA/javassist-3.25.0-GA.jar:/home/ec2-user/.m2/repository/javax/xml/bind/jaxb-api/2.3.0/jaxb-api-2.3.0.jar:/home/ec2-user/.m2/repository/javax/activation/activation/1.1.1/activation-1.1.1.jar:/home/ec2-user/.m2/repository/org/eclipse/jetty/jetty-server/9.4.44.v20210927/jetty-server-9.4.44.v20210927.jar:/home/ec2-user/.m2/repository/javax/servlet/javax.servlet-api/3.1.0/javax.servlet-api-3.1.0.jar:/home/ec2-user/.m2/repository/org/eclipse/jetty/jetty-http/9.4.44.v20210927/jetty-http-9.4.44.v20210927.jar:/home/ec2-user/.m2/repository/org/eclipse/jetty/jetty-io/9.4.44.v20210927/jetty-io-9.4.44.v20210927.jar:/home/ec2-user/.m2/repository/org/eclipse/jetty/jetty-servlet/9.4.44.v20210927/jetty-servlet-9.4.44.v20210927.jar:/home/ec2-user/.m2/repository/org/eclipse/jetty/jetty-security/9.4.44.v20210927/jetty-security-9.4.44.v20210927.jar:/home/ec2-user/.m2/repository/org/eclipse/jetty/jetty-util-ajax/9.4.44.v20210927/jetty-util-ajax-9.4.44.v20210927.jar:/home/ec2-user/.m2/repository/org/eclipse/jetty/jetty-servlets/9.4.44.v20210927/jetty-servlets-9.4.44.v20210927.jar:/home/ec2-user/.m2/repository/org/eclipse/jetty/jetty-continuation/9.4.44.v20210927/jetty-continuation-9.4.44.v20210927.jar:/home/ec2-user/.m2/repository/org/eclipse/jetty/jetty-util/9.4.44.v20210927/jetty-util-9.4.44.v20210927.jar:/home/ec2-user/.m2/repository/org/eclipse/jetty/jetty-client/9.4.44.v20210927/jetty-client-9.4.44.v20210927.jar:/home/ec2-user/.m2/repository/org/reflections/reflections/0.9.12/reflections-0.9.12.jar:/home/ec2-user/.m2/repository/org/apache/maven/maven-artifact/3.8.4/maven-artifact-3.8.4.jar:/home/ec2-user/.m2/repository/org/codehaus/plexus/plexus-utils/3.3.0/plexus-utils-3.3.0.jar:/home/ec2-user/.m2/repository/org/apache/kafka/connect-json/3.2.0/connect-json-3.2.0.jar:/home/ec2-user/.m2/repository/com/fasterxml/jackson/datatype/jackson-datatype-jdk8/2.12.6/jackson-datatype-jdk8-2.12.6.jar:/home/ec2-user/.m2/repository/org/apache/kafka/connect-file/3.2.0/connect-file-3.2.0.jar:/home/ec2-user/.m2/repository/io/apicurio/apicurio-registry-utils-converter/2.1.5.Final/apicurio-registry-utils-converter-2.1.5.Final.jar:/home/ec2-user/.m2/repository/io/apicurio/apicurio-registry-serdes-avro-serde/2.1.5.Final/apicurio-registry-serdes-avro-serde-2.1.5.Final.jar:/home/ec2-user/.m2/repository/io/apicurio/apicurio-registry-serde-common/2.1.5.Final/apicurio-registry-serde-common-2.1.5.Final.jar:/home/ec2-user/.m2/repository/io/apicurio/apicurio-registry-client/2.1.5.Final/apicurio-registry-client-2.1.5.Final.jar:/home/ec2-user/.m2/repository/io/apicurio/apicurio-registry-common/2.1.5.Final/apicurio-registry-common-2.1.5.Final.jar:/home/ec2-user/.m2/repository/io/apicurio/apicurio-common-rest-client-jdk/0.1.5.Final/apicurio-common-rest-client-jdk-0.1.5.Final.jar:/home/ec2-user/.m2/repository/io/apicurio/apicurio-common-rest-client-common/0.1.5.Final/apicurio-common-rest-client-common-0.1.5.Final.jar:/home/ec2-user/.m2/repository/org/apache/avro/avro/1.11.0/avro-1.11.0.jar:/home/ec2-user/.m2/repository/io/apicurio/apicurio-registry-serdes-jsonschema-serde/2.1.5.Final/apicurio-registry-serdes-jsonschema-serde-2.1.5.Final.jar:/home/ec2-user/.m2/repository/com/networknt/json-schema-validator/1.0.64/json-schema-validator-1.0.64.jar:/home/ec2-user/.m2/repository/io/quarkus/quarkus-resteasy-jackson/2.7.2.Final/quarkus-resteasy-jackson-2.7.2.Final.jar:/home/ec2-user/.m2/repository/io/quarkus/quarkus-jackson/2.7.2.Final/quarkus-jackson-2.7.2.Final.jar:/home/ec2-user/.m2/repository/com/fasterxml/jackson/module/jackson-module-parameter-names/2.13.1/jackson-module-parameter-names-2.13.1.jar:/home/ec2-user/.m2/repository/org/jboss/resteasy/resteasy-jackson2-provider/4.7.5.Final/resteasy-jackson2-provider-4.7.5.Final.jar:/home/ec2-user/.m2/repository/com/github/java-json-tools/json-patch/1.13/json-patch-1.13.jar:/home/ec2-user/.m2/repository/com/github/java-json-tools/msg-simple/1.2/msg-simple-1.2.jar:/home/ec2-user/.m2/repository/com/github/java-json-tools/btf/1.3/btf-1.3.jar:/home/ec2-user/.m2/repository/com/github/java-json-tools/jackson-coreutils/2.0/jackson-coreutils-2.0.jar:/home/ec2-user/.m2/repository/org/jboss/spec/javax/xml/bind/jboss-jaxb-api_2.3_spec/2.0.0.Final/jboss-jaxb-api_2.3_spec-2.0.0.Final.jar:/home/ec2-user/.m2/repository/commons-logging/commons-logging/1.2/commons-logging-1.2.jar:/home/ec2-user/.m2/repository/com/yugabyte/cdcsdk-server-s3/1.0.0.RC1/cdcsdk-server-s3-1.0.0.RC1.jar:/home/ec2-user/.m2/repository/commons-io/commons-io/2.11.0/commons-io-2.11.0.jar:/home/ec2-user/.m2/repository/joda-time/joda-time/2.9.6/joda-time-2.9.6.jar:/home/ec2-user/.m2/repository/com/amazonaws/aws-java-sdk-s3/1.11.1015/aws-java-sdk-s3-1.11.1015.jar:/home/ec2-user/.m2/repository/com/amazonaws/jmespath-java/1.11.1015/jmespath-java-1.11.1015.jar:/home/ec2-user/.m2/repository/com/github/spotbugs/spotbugs-annotations/4.2.0/spotbugs-annotations-4.2.0.jar:/home/ec2-user/.m2/repository/org/apache/commons/commons-lang3/3.12.0/commons-lang3-3.12.0.jar:/home/ec2-user/.m2/repository/xerces/xercesImpl/2.12.2/xercesImpl-2.12.2.jar:/home/ec2-user/.m2/repository/xml-apis/xml-apis/1.4.01/xml-apis-1.4.01.jar:/home/ec2-user/.m2/repository/org/yb/yb-client/0.8.34-SNAPSHOT/yb-client-0.8.34-SNAPSHOT.jar:/home/ec2-user/.m2/repository/org/bouncycastle/bcpkix-jdk15on/1.69/bcpkix-jdk15on-1.69.jar:/home/ec2-user/.m2/repository/org/bouncycastle/bcprov-jdk15on/1.69/bcprov-jdk15on-1.69.jar:/home/ec2-user/.m2/repository/org/bouncycastle/bcutil-jdk15on/1.69/bcutil-jdk15on-1.69.jar:/home/ec2-user/.m2/repository/com/google/code/gson/gson/2.9.1/gson-2.9.1.jar:/home/ec2-user/.m2/repository/org/yb/interface-annotations/0.8.34-SNAPSHOT/interface-annotations-0.8.34-SNAPSHOT.jar:/home/ec2-user/.m2/repository/org/spf4j/spf4j-jdiff-maven-plugin/8.9.5/spf4j-jdiff-maven-plugin-8.9.5.jar:/home/ec2-user/.m2/repository/org/spf4j/spf4j-aether/8.9.5/spf4j-aether-8.9.5.jar:/home/ec2-user/.m2/repository/org/apache/maven/maven-aether-provider/3.3.9/maven-aether-provider-3.3.9.jar:/home/ec2-user/.m2/repository/org/eclipse/aether/aether-spi/1.0.2.v20150114/aether-spi-1.0.2.v20150114.jar:/home/ec2-user/.m2/repository/org/eclipse/aether/aether-impl/1.1.0/aether-impl-1.1.0.jar:/home/ec2-user/.m2/repository/org/eclipse/aether/aether-connector-basic/1.1.0/aether-connector-basic-1.1.0.jar:/home/ec2-user/.m2/repository/org/eclipse/aether/aether-transport-file/1.1.0/aether-transport-file-1.1.0.jar:/home/ec2-user/.m2/repository/org/eclipse/aether/aether-transport-http/1.1.0/aether-transport-http-1.1.0.jar:/home/ec2-user/.m2/repository/org/slf4j/jcl-over-slf4j/1.6.2/jcl-over-slf4j-1.6.2.jar:/home/ec2-user/.m2/repository/com/google/code/findbugs/findbugs-annotations/3.0.1/findbugs-annotations-3.0.1.jar:/home/ec2-user/.m2/repository/org/apache/maven/maven-core/3.3.9/maven-core-3.3.9.jar:/home/ec2-user/.m2/repository/org/apache/maven/maven-settings/3.3.9/maven-settings-3.3.9.jar:/home/ec2-user/.m2/repository/org/apache/maven/maven-settings-builder/3.3.9/maven-settings-builder-3.3.9.jar:/home/ec2-user/.m2/repository/org/apache/maven/maven-builder-support/3.3.9/maven-builder-support-3.3.9.jar:/home/ec2-user/.m2/repository/org/apache/maven/maven-repository-metadata/3.3.9/maven-repository-metadata-3.3.9.jar:/home/ec2-user/.m2/repository/org/apache/maven/maven-model-builder/3.3.9/maven-model-builder-3.3.9.jar:/home/ec2-user/.m2/repository/org/eclipse/aether/aether-api/1.0.2.v20150114/aether-api-1.0.2.v20150114.jar:/home/ec2-user/.m2/repository/org/eclipse/aether/aether-util/1.0.2.v20150114/aether-util-1.0.2.v20150114.jar:/home/ec2-user/.m2/repository/org/eclipse/sisu/org.eclipse.sisu.plexus/0.3.2/org.eclipse.sisu.plexus-0.3.2.jar:/home/ec2-user/.m2/repository/javax/enterprise/cdi-api/1.0/cdi-api-1.0.jar:/home/ec2-user/.m2/repository/javax/annotation/jsr250-api/1.0/jsr250-api-1.0.jar:/home/ec2-user/.m2/repository/com/google/inject/guice/4.0/guice-4.0-no_aop.jar:/home/ec2-user/.m2/repository/javax/inject/javax.inject/1/javax.inject-1.jar:/home/ec2-user/.m2/repository/aopalliance/aopalliance/1.0/aopalliance-1.0.jar:/home/ec2-user/.m2/repository/org/codehaus/plexus/plexus-interpolation/1.21/plexus-interpolation-1.21.jar:/home/ec2-user/.m2/repository/org/codehaus/plexus/plexus-classworlds/2.5.2/plexus-classworlds-2.5.2.jar:/home/ec2-user/.m2/repository/org/codehaus/plexus/plexus-component-annotations/1.6/plexus-component-annotations-1.6.jar:/home/ec2-user/.m2/repository/org/sonatype/plexus/plexus-sec-dispatcher/1.3/plexus-sec-dispatcher-1.3.jar:/home/ec2-user/.m2/repository/org/sonatype/plexus/plexus-cipher/1.4/plexus-cipher-1.4.jar:/home/ec2-user/.m2/repository/org/apache/maven/maven-model/3.3.9/maven-model-3.3.9.jar:/home/ec2-user/.m2/repository/org/apache/maven/maven-plugin-api/3.3.9/maven-plugin-api-3.3.9.jar:/home/ec2-user/.m2/repository/org/apache/maven/reporting/maven-reporting-impl/3.0.0/maven-reporting-impl-3.0.0.jar:/home/ec2-user/.m2/repository/org/apache/maven/reporting/maven-reporting-api/3.0/maven-reporting-api-3.0.jar:/home/ec2-user/.m2/repository/org/apache/maven/shared/maven-shared-utils/3.2.0/maven-shared-utils-3.2.0.jar:/home/ec2-user/.m2/repository/org/apache/maven/doxia/doxia-sink-api/1.7/doxia-sink-api-1.7.jar:/home/ec2-user/.m2/repository/org/apache/maven/doxia/doxia-logging-api/1.7/doxia-logging-api-1.7.jar:/home/ec2-user/.m2/repository/org/apache/maven/doxia/doxia-decoration-model/1.7.4/doxia-decoration-model-1.7.4.jar:/home/ec2-user/.m2/repository/org/apache/maven/doxia/doxia-core/1.7/doxia-core-1.7.jar:/home/ec2-user/.m2/repository/org/codehaus/plexus/plexus-container-default/1.0-alpha-30/plexus-container-default-1.0-alpha-30.jar:/home/ec2-user/.m2/repository/commons-lang/commons-lang/2.4/commons-lang-2.4.jar:/home/ec2-user/.m2/repository/xmlunit/xmlunit/1.5/xmlunit-1.5.jar:/home/ec2-user/.m2/repository/org/apache/maven/doxia/doxia-site-renderer/1.7.4/doxia-site-renderer-1.7.4.jar:/home/ec2-user/.m2/repository/org/apache/maven/doxia/doxia-skin-model/1.7.4/doxia-skin-model-1.7.4.jar:/home/ec2-user/.m2/repository/org/apache/maven/doxia/doxia-module-xhtml/1.7/doxia-module-xhtml-1.7.jar:/home/ec2-user/.m2/repository/org/codehaus/plexus/plexus-i18n/1.0-beta-7/plexus-i18n-1.0-beta-7.jar:/home/ec2-user/.m2/repository/org/codehaus/plexus/plexus-velocity/1.2/plexus-velocity-1.2.jar:/home/ec2-user/.m2/repository/org/apache/velocity/velocity/1.7/velocity-1.7.jar:/home/ec2-user/.m2/repository/org/apache/velocity/velocity-tools/2.0/velocity-tools-2.0.jar:/home/ec2-user/.m2/repository/commons-beanutils/commons-beanutils/1.7.0/commons-beanutils-1.7.0.jar:/home/ec2-user/.m2/repository/commons-digester/commons-digester/1.8/commons-digester-1.8.jar:/home/ec2-user/.m2/repository/commons-chain/commons-chain/1.1/commons-chain-1.1.jar:/home/ec2-user/.m2/repository/commons-validator/commons-validator/1.3.1/commons-validator-1.3.1.jar:/home/ec2-user/.m2/repository/dom4j/dom4j/1.1/dom4j-1.1.jar:/home/ec2-user/.m2/repository/oro/oro/2.0.8/oro-2.0.8.jar:/home/ec2-user/.m2/repository/sslext/sslext/1.2-0/sslext-1.2-0.jar:/home/ec2-user/.m2/repository/org/apache/struts/struts-core/1.3.8/struts-core-1.3.8.jar:/home/ec2-user/.m2/repository/antlr/antlr/2.7.2/antlr-2.7.2.jar:/home/ec2-user/.m2/repository/org/apache/struts/struts-taglib/1.3.8/struts-taglib-1.3.8.jar:/home/ec2-user/.m2/repository/org/apache/struts/struts-tiles/1.3.8/struts-tiles-1.3.8.jar:/home/ec2-user/.m2/repository/commons-collections/commons-collections/3.2.1/commons-collections-3.2.1.jar:/home/ec2-user/.m2/repository/jdiff/jdiff/1.0.9/jdiff-1.0.9.jar:/home/ec2-user/.m2/repository/com/google/protobuf/protobuf-java/3.21.7/protobuf-java-3.21.7.jar:/home/ec2-user/.m2/repository/com/google/guava/guava/31.1-jre/guava-31.1-jre.jar:/home/ec2-user/.m2/repository/io/netty/netty-all/4.1.80.Final/netty-all-4.1.80.Final.jar:/home/ec2-user/.m2/repository/io/netty/netty-buffer/4.1.80.Final/netty-buffer-4.1.80.Final.jar:/home/ec2-user/.m2/repository/io/netty/netty-codec/4.1.80.Final/netty-codec-4.1.80.Final.jar:/home/ec2-user/.m2/repository/io/netty/netty-codec-dns/4.1.80.Final/netty-codec-dns-4.1.80.Final.jar:/home/ec2-user/.m2/repository/io/netty/netty-codec-haproxy/4.1.80.Final/netty-codec-haproxy-4.1.80.Final.jar:/home/ec2-user/.m2/repository/io/netty/netty-codec-http/4.1.80.Final/netty-codec-http-4.1.80.Final.jar:/home/ec2-user/.m2/repository/io/netty/netty-codec-http2/4.1.80.Final/netty-codec-http2-4.1.80.Final.jar:/home/ec2-user/.m2/repository/io/netty/netty-codec-memcache/4.1.80.Final/netty-codec-memcache-4.1.80.Final.jar:/home/ec2-user/.m2/repository/io/netty/netty-codec-mqtt/4.1.80.Final/netty-codec-mqtt-4.1.80.Final.jar:/home/ec2-user/.m2/repository/io/netty/netty-codec-redis/4.1.80.Final/netty-codec-redis-4.1.80.Final.jar:/home/ec2-user/.m2/repository/io/netty/netty-codec-smtp/4.1.80.Final/netty-codec-smtp-4.1.80.Final.jar:/home/ec2-user/.m2/repository/io/netty/netty-codec-socks/4.1.80.Final/netty-codec-socks-4.1.80.Final.jar:/home/ec2-user/.m2/repository/io/netty/netty-codec-stomp/4.1.80.Final/netty-codec-stomp-4.1.80.Final.jar:/home/ec2-user/.m2/repository/io/netty/netty-codec-xml/4.1.80.Final/netty-codec-xml-4.1.80.Final.jar:/home/ec2-user/.m2/repository/io/netty/netty-common/4.1.80.Final/netty-common-4.1.80.Final.jar:/home/ec2-user/.m2/repository/io/netty/netty-handler/4.1.80.Final/netty-handler-4.1.80.Final.jar:/home/ec2-user/.m2/repository/io/netty/netty-transport-native-unix-common/4.1.80.Final/netty-transport-native-unix-common-4.1.80.Final.jar:/home/ec2-user/.m2/repository/io/netty/netty-handler-proxy/4.1.80.Final/netty-handler-proxy-4.1.80.Final.jar:/home/ec2-user/.m2/repository/io/netty/netty-resolver/4.1.80.Final/netty-resolver-4.1.80.Final.jar:/home/ec2-user/.m2/repository/io/netty/netty-resolver-dns/4.1.80.Final/netty-resolver-dns-4.1.80.Final.jar:/home/ec2-user/.m2/repository/io/netty/netty-transport/4.1.80.Final/netty-transport-4.1.80.Final.jar:/home/ec2-user/.m2/repository/io/netty/netty-transport-rxtx/4.1.80.Final/netty-transport-rxtx-4.1.80.Final.jar:/home/ec2-user/.m2/repository/io/netty/netty-transport-sctp/4.1.80.Final/netty-transport-sctp-4.1.80.Final.jar:/home/ec2-user/.m2/repository/io/netty/netty-transport-udt/4.1.80.Final/netty-transport-udt-4.1.80.Final.jar:/home/ec2-user/.m2/repository/io/netty/netty-transport-classes-epoll/4.1.80.Final/netty-transport-classes-epoll-4.1.80.Final.jar:/home/ec2-user/.m2/repository/io/netty/netty-transport-classes-kqueue/4.1.80.Final/netty-transport-classes-kqueue-4.1.80.Final.jar:/home/ec2-user/.m2/repository/io/netty/netty-resolver-dns-classes-macos/4.1.80.Final/netty-resolver-dns-classes-macos-4.1.80.Final.jar:/home/ec2-user/.m2/repository/io/netty/netty-transport-native-epoll/4.1.80.Final/netty-transport-native-epoll-4.1.80.Final-linux-x86_64.jar:/home/ec2-user/.m2/repository/io/netty/netty-transport-native-epoll/4.1.80.Final/netty-transport-native-epoll-4.1.80.Final-linux-aarch_64.jar:/home/ec2-user/.m2/repository/io/netty/netty-transport-native-kqueue/4.1.80.Final/netty-transport-native-kqueue-4.1.80.Final-osx-x86_64.jar:/home/ec2-user/.m2/repository/io/netty/netty-transport-native-kqueue/4.1.80.Final/netty-transport-native-kqueue-4.1.80.Final-osx-aarch_64.jar:/home/ec2-user/.m2/repository/io/netty/netty-resolver-dns-native-macos/4.1.80.Final/netty-resolver-dns-native-macos-4.1.80.Final-osx-x86_64.jar:/home/ec2-user/.m2/repository/io/netty/netty-resolver-dns-native-macos/4.1.80.Final/netty-resolver-dns-native-macos-4.1.80.Final-osx-aarch_64.jar:/home/ec2-user/.m2/repository/com/stumbleupon/async/1.4.1/async-1.4.1.jar:/home/ec2-user/.m2/repository/com/sangupta/murmur/1.0.0/murmur-1.0.0.jar:/home/ec2-user/.m2/repository/org/postgresql/postgresql/42.5.0/postgresql-42.5.0.jar:/home/ec2-user/.m2/repository/com/google/code/findbugs/jsr305/3.0.1/jsr305-3.0.1.jar:/home/ec2-user/.m2/repository/org/yb/yb-client/0.8.34-SNAPSHOT/yb-client-0.8.34-SNAPSHOT-tests.jar:/home/ec2-user/.m2/repository/org/slf4j/slf4j-api/1.7.36/slf4j-api-1.7.36.jar:/home/ec2-user/.m2/repository/org/junit/jupiter/junit-jupiter-engine/5.8.1/junit-jupiter-engine-5.8.1.jar:/home/ec2-user/.m2/repository/org/junit/platform/junit-platform-engine/1.8.1/junit-platform-engine-1.8.1.jar:/home/ec2-user/.m2/repository/org/apiguardian/apiguardian-api/1.1.2/apiguardian-api-1.1.2.jar:/home/ec2-user/.m2/repository/org/junit/jupiter/junit-jupiter-api/5.8.1/junit-jupiter-api-5.8.1.jar:/home/ec2-user/.m2/repository/org/opentest4j/opentest4j/1.2.0/opentest4j-1.2.0.jar:/home/ec2-user/.m2/repository/org/junit/platform/junit-platform-commons/1.8.1/junit-platform-commons-1.8.1.jar:/home/ec2-user/.m2/repository/com/yugabyte/jdbc-yugabytedb/42.3.0-beta.1/jdbc-yugabytedb-42.3.0-beta.1.jar:/home/ec2-user/.m2/repository/org/checkerframework/checker-qual/3.5.0/checker-qual-3.5.0.jar:/home/ec2-user/.m2/repository/com/yugabyte/cdcsdk-server-core/1.0.0.RC1/cdcsdk-server-core-1.0.0.RC1-tests.jar:/home/ec2-user/.m2/repository/com/yugabyte/cdcsdk-server-s3/1.0.0.RC1/cdcsdk-server-s3-1.0.0.RC1-tests.jar:/home/ec2-user/.m2/repository/com/yugabyte/testcontainers-yugabytedb/1.0.0-beta-3/testcontainers-yugabytedb-1.0.0-beta-3.jar:/home/ec2-user/.m2/repository/org/testcontainers/jdbc/1.16.0/jdbc-1.16.0.jar:/home/ec2-user/.m2/repository/org/testcontainers/database-commons/1.16.0/database-commons-1.16.0.jar:/home/ec2-user/.m2/repository/org/testcontainers/kafka/1.17.3/kafka-1.17.3.jar:/home/ec2-user/.m2/repository/org/testcontainers/testcontainers/1.17.3/testcontainers-1.17.3.jar:/home/ec2-user/.m2/repository/junit/junit/4.13.2/junit-4.13.2.jar:/home/ec2-user/.m2/repository/org/hamcrest/hamcrest-core/1.3/hamcrest-core-1.3.jar:/home/ec2-user/.m2/repository/org/apache/commons/commons-compress/1.21/commons-compress-1.21.jar:/home/ec2-user/.m2/repository/org/rnorth/duct-tape/duct-tape/1.0.8/duct-tape-1.0.8.jar:/home/ec2-user/.m2/repository/org/jetbrains/annotations/17.0.0/annotations-17.0.0.jar:/home/ec2-user/.m2/repository/com/github/docker-java/docker-java-api/3.2.13/docker-java-api-3.2.13.jar:/home/ec2-user/.m2/repository/com/github/docker-java/docker-java-transport-zerodep/3.2.13/docker-java-transport-zerodep-3.2.13.jar:/home/ec2-user/.m2/repository/com/github/docker-java/docker-java-transport/3.2.13/docker-java-transport-3.2.13.jar:/home/ec2-user/.m2/repository/net/java/dev/jna/jna/5.8.0/jna-5.8.0.jar:/home/ec2-user/.m2/repository/org/testcontainers/elasticsearch/1.17.3/elasticsearch-1.17.3.jar:/home/ec2-user/.m2/repository/org/testcontainers/postgresql/1.17.3/postgresql-1.17.3.jar:/home/ec2-user/.m2/repository/io/debezium/debezium-testing-testcontainers/1.9.5.Final/debezium-testing-testcontainers-1.9.5.Final.jar:/home/ec2-user/.m2/repository/com/squareup/okhttp3/okhttp/4.8.1/okhttp-4.8.1.jar:/home/ec2-user/.m2/repository/com/squareup/okio/okio/2.7.0/okio-2.7.0.jar:/home/ec2-user/.m2/repository/org/jetbrains/kotlin/kotlin-stdlib-common/1.3.70/kotlin-stdlib-common-1.3.70.jar:/home/ec2-user/.m2/repository/org/jetbrains/kotlin/kotlin-stdlib/1.3.72/kotlin-stdlib-1.3.72.jar:/home/ec2-user/.m2/repository/com/fasterxml/jackson/core/jackson-core/2.13.2/jackson-core-2.13.2.jar:/home/ec2-user/.m2/repository/com/fasterxml/jackson/core/jackson-databind/2.13.2.2/jackson-databind-2.13.2.2.jar:/home/ec2-user/.m2/repository/org/testcontainers/mongodb/1.16.1/mongodb-1.16.1.jar:/home/ec2-user/.m2/repository/io/debezium/debezium-core/1.9.5.Final/debezium-core-1.9.5.Final-tests.jar:/home/ec2-user/.m2/repository/com/fasterxml/jackson/datatype/jackson-datatype-jsr310/2.13.2/jackson-datatype-jsr310-2.13.2.jar:/home/ec2-user/.m2/repository/io/quarkus/quarkus-test-common/2.7.2.Final/quarkus-test-common-2.7.2.Final.jar:/home/ec2-user/.m2/repository/io/quarkus/quarkus-core-deployment/2.7.2.Final/quarkus-core-deployment-2.7.2.Final.jar:/home/ec2-user/.m2/repository/org/aesh/readline/2.2/readline-2.2.jar:/home/ec2-user/.m2/repository/org/fusesource/jansi/jansi/1.18/jansi-1.18.jar:/home/ec2-user/.m2/repository/org/aesh/aesh/2.6/aesh-2.6.jar:/home/ec2-user/.m2/repository/io/quarkus/gizmo/gizmo/1.0.10.Final/gizmo-1.0.10.Final.jar:/home/ec2-user/.m2/repository/org/ow2/asm/asm-util/9.2/asm-util-9.2.jar:/home/ec2-user/.m2/repository/org/ow2/asm/asm/9.2/asm-9.2.jar:/home/ec2-user/.m2/repository/org/ow2/asm/asm-commons/9.2/asm-commons-9.2.jar:/home/ec2-user/.m2/repository/org/ow2/asm/asm-tree/9.2/asm-tree-9.2.jar:/home/ec2-user/.m2/repository/org/ow2/asm/asm-analysis/9.2/asm-analysis-9.2.jar:/home/ec2-user/.m2/repository/io/quarkus/quarkus-class-change-agent/2.7.2.Final/quarkus-class-change-agent-2.7.2.Final.jar:/home/ec2-user/.m2/repository/io/quarkus/quarkus-bootstrap-core/2.7.2.Final/quarkus-bootstrap-core-2.7.2.Final.jar:/home/ec2-user/.m2/repository/io/quarkus/quarkus-bootstrap-app-model/2.7.2.Final/quarkus-bootstrap-app-model-2.7.2.Final.jar:/home/ec2-user/.m2/repository/io/quarkus/quarkus-bootstrap-maven-resolver/2.7.2.Final/quarkus-bootstrap-maven-resolver-2.7.2.Final.jar:/home/ec2-user/.m2/repository/org/apache/maven/maven-embedder/3.8.4/maven-embedder-3.8.4.jar:/home/ec2-user/.m2/repository/org/apache/maven/resolver/maven-resolver-api/1.6.3/maven-resolver-api-1.6.3.jar:/home/ec2-user/.m2/repository/org/apache/maven/resolver/maven-resolver-util/1.6.3/maven-resolver-util-1.6.3.jar:/home/ec2-user/.m2/repository/org/codehaus/plexus/plexus-sec-dispatcher/2.0/plexus-sec-dispatcher-2.0.jar:/home/ec2-user/.m2/repository/org/codehaus/plexus/plexus-cipher/2.0/plexus-cipher-2.0.jar:/home/ec2-user/.m2/repository/commons-cli/commons-cli/1.4/commons-cli-1.4.jar:/home/ec2-user/.m2/repository/org/apache/maven/maven-resolver-provider/3.8.4/maven-resolver-provider-3.8.4.jar:/home/ec2-user/.m2/repository/org/apache/maven/resolver/maven-resolver-spi/1.6.3/maven-resolver-spi-1.6.3.jar:/home/ec2-user/.m2/repository/org/apache/maven/resolver/maven-resolver-impl/1.6.3/maven-resolver-impl-1.6.3.jar:/home/ec2-user/.m2/repository/org/apache/maven/resolver/maven-resolver-connector-basic/1.6.3/maven-resolver-connector-basic-1.6.3.jar:/home/ec2-user/.m2/repository/org/apache/maven/resolver/maven-resolver-transport-wagon/1.6.3/maven-resolver-transport-wagon-1.6.3.jar:/home/ec2-user/.m2/repository/org/apache/maven/wagon/wagon-http/3.4.3/wagon-http-3.4.3.jar:/home/ec2-user/.m2/repository/org/apache/maven/wagon/wagon-http-shared/3.4.3/wagon-http-shared-3.4.3.jar:/home/ec2-user/.m2/repository/org/jsoup/jsoup/1.12.1/jsoup-1.12.1.jar:/home/ec2-user/.m2/repository/org/apache/maven/wagon/wagon-provider-api/3.4.3/wagon-provider-api-3.4.3.jar:/home/ec2-user/.m2/repository/org/apache/maven/wagon/wagon-file/3.4.3/wagon-file-3.4.3.jar:/home/ec2-user/.m2/repository/io/quarkus/quarkus-bootstrap-gradle-resolver/2.7.2.Final/quarkus-bootstrap-gradle-resolver-2.7.2.Final.jar:/home/ec2-user/.m2/repository/io/quarkus/quarkus-devtools-utilities/2.7.2.Final/quarkus-devtools-utilities-2.7.2.Final.jar:/home/ec2-user/.m2/repository/org/eclipse/sisu/org.eclipse.sisu.inject/0.3.5/org.eclipse.sisu.inject-0.3.5.jar:/home/ec2-user/.m2/repository/io/quarkus/quarkus-builder/2.7.2.Final/quarkus-builder-2.7.2.Final.jar:/home/ec2-user/.m2/repository/org/junit/platform/junit-platform-launcher/1.8.2/junit-platform-launcher-1.8.2.jar:/home/ec2-user/.m2/repository/org/junit/jupiter/junit-jupiter/5.8.2/junit-jupiter-5.8.2.jar:/home/ec2-user/.m2/repository/io/quarkus/quarkus-jsonp-deployment/2.7.2.Final/quarkus-jsonp-deployment-2.7.2.Final.jar:/home/ec2-user/.m2/repository/org/jboss/jandex/2.4.2.Final/jandex-2.4.2.Final.jar:/home/ec2-user/.m2/repository/org/jboss/logging/commons-logging-jboss-logging/1.0.0.Final/commons-logging-jboss-logging-1.0.0.Final.jar:/home/ec2-user/.m2/repository/com/zaxxer/HikariCP/5.0.1/HikariCP-5.0.1.jar:/home/ec2-user/.m2/repository/org/awaitility/awaitility/4.2.0/awaitility-4.2.0.jar:/home/ec2-user/.m2/repository/org/hamcrest/hamcrest/2.1/hamcrest-2.1.jar:/home/ec2-user/.m2/repository/org/elasticsearch/client/elasticsearch-rest-client/8.3.2/elasticsearch-rest-client-8.3.2.jar:/home/ec2-user/.m2/repository/org/apache/httpcomponents/httpclient/4.5.10/httpclient-4.5.10.jar:/home/ec2-user/.m2/repository/org/apache/httpcomponents/httpcore/4.4.12/httpcore-4.4.12.jar:/home/ec2-user/.m2/repository/org/apache/httpcomponents/httpasyncclient/4.1.4/httpasyncclient-4.1.4.jar:/home/ec2-user/.m2/repository/org/apache/httpcomponents/httpcore-nio/4.4.12/httpcore-nio-4.4.12.jar:/home/ec2-user/.m2/repository/commons-codec/commons-codec/1.14/commons-codec-1.14.jar:/home/ec2-user/.m2/repository/org/json/json/20220320/json-20220320.jar:/home/ec2-user/.m2/repository/org/apache/kafka/kafka-clients/3.2.0/kafka-clients-3.2.0.jar:/home/ec2-user/.m2/repository/com/github/luben/zstd-jni/1.5.2-1/zstd-jni-1.5.2-1.jar:/home/ec2-user/.m2/repository/org/lz4/lz4-java/1.8.0/lz4-java-1.8.0.jar:/home/ec2-user/.m2/repository/org/xerial/snappy/snappy-java/1.1.8.4/snappy-java-1.1.8.4.jar:/home/ec2-user/.m2/repository/org/junit/jupiter/junit-jupiter-params/5.8.1/junit-jupiter-params-5.8.1.jar:/home/ec2-user/.m2/repository/com/google/cloud/google-cloud-pubsub/1.120.20/google-cloud-pubsub-1.120.20.jar:/home/ec2-user/.m2/repository/io/grpc/grpc-api/1.49.2/grpc-api-1.49.2.jar:/home/ec2-user/.m2/repository/io/grpc/grpc-context/1.49.2/grpc-context-1.49.2.jar:/home/ec2-user/.m2/repository/io/grpc/grpc-stub/1.49.2/grpc-stub-1.49.2.jar:/home/ec2-user/.m2/repository/io/grpc/grpc-protobuf/1.49.2/grpc-protobuf-1.49.2.jar:/home/ec2-user/.m2/repository/io/grpc/grpc-protobuf-lite/1.49.2/grpc-protobuf-lite-1.49.2.jar:/home/ec2-user/.m2/repository/com/google/api/api-common/2.2.1/api-common-2.2.1.jar:/home/ec2-user/.m2/repository/javax/annotation/javax.annotation-api/1.3.2/javax.annotation-api-1.3.2.jar:/home/ec2-user/.m2/repository/com/google/api/grpc/proto-google-common-protos/2.9.6/proto-google-common-protos-2.9.6.jar:/home/ec2-user/.m2/repository/com/google/auth/google-auth-library-oauth2-http/1.11.0/google-auth-library-oauth2-http-1.11.0.jar:/home/ec2-user/.m2/repository/com/google/auth/google-auth-library-credentials/1.11.0/google-auth-library-credentials-1.11.0.jar:/home/ec2-user/.m2/repository/com/google/http-client/google-http-client-gson/1.42.2/google-http-client-gson-1.42.2.jar:/home/ec2-user/.m2/repository/com/google/api/grpc/proto-google-cloud-pubsub-v1/1.102.20/proto-google-cloud-pubsub-v1-1.102.20.jar:/home/ec2-user/.m2/repository/com/google/api/grpc/proto-google-iam-v1/1.6.2/proto-google-iam-v1-1.6.2.jar:/home/ec2-user/.m2/repository/com/google/guava/failureaccess/1.0.1/failureaccess-1.0.1.jar:/home/ec2-user/.m2/repository/com/google/guava/listenablefuture/9999.0-empty-to-avoid-conflict-with-guava/listenablefuture-9999.0-empty-to-avoid-conflict-with-guava.jar:/home/ec2-user/.m2/repository/com/google/j2objc/j2objc-annotations/1.3/j2objc-annotations-1.3.jar:/home/ec2-user/.m2/repository/com/google/api/gax/2.19.2/gax-2.19.2.jar:/home/ec2-user/.m2/repository/com/google/api/gax-grpc/2.19.2/gax-grpc-2.19.2.jar:/home/ec2-user/.m2/repository/io/grpc/grpc-alts/1.49.2/grpc-alts-1.49.2.jar:/home/ec2-user/.m2/repository/io/grpc/grpc-grpclb/1.49.2/grpc-grpclb-1.49.2.jar:/home/ec2-user/.m2/repository/org/conscrypt/conscrypt-openjdk-uber/2.5.2/conscrypt-openjdk-uber-2.5.2.jar:/home/ec2-user/.m2/repository/io/grpc/grpc-auth/1.49.2/grpc-auth-1.49.2.jar:/home/ec2-user/.m2/repository/io/grpc/grpc-netty-shaded/1.49.2/grpc-netty-shaded-1.49.2.jar:/home/ec2-user/.m2/repository/io/grpc/grpc-googleapis/1.49.2/grpc-googleapis-1.49.2.jar:/home/ec2-user/.m2/repository/io/grpc/grpc-xds/1.49.2/grpc-xds-1.49.2.jar:/home/ec2-user/.m2/repository/io/opencensus/opencensus-proto/0.2.0/opencensus-proto-0.2.0.jar:/home/ec2-user/.m2/repository/io/grpc/grpc-services/1.49.2/grpc-services-1.49.2.jar:/home/ec2-user/.m2/repository/com/google/re2j/re2j/1.6/re2j-1.6.jar:/home/ec2-user/.m2/repository/com/google/api/gax-httpjson/0.104.2/gax-httpjson-0.104.2.jar:/home/ec2-user/.m2/repository/com/google/protobuf/protobuf-java-util/3.21.7/protobuf-java-util-3.21.7.jar:/home/ec2-user/.m2/repository/org/threeten/threetenbp/1.6.2/threetenbp-1.6.2.jar:/home/ec2-user/.m2/repository/io/opencensus/opencensus-api/0.31.1/opencensus-api-0.31.1.jar:/home/ec2-user/.m2/repository/io/grpc/grpc-core/1.49.2/grpc-core-1.49.2.jar:/home/ec2-user/.m2/repository/com/google/android/annotations/4.1.1.4/annotations-4.1.1.4.jar:/home/ec2-user/.m2/repository/org/codehaus/mojo/animal-sniffer-annotations/1.22/animal-sniffer-annotations-1.22.jar:/home/ec2-user/.m2/repository/io/perfmark/perfmark-api/0.25.0/perfmark-api-0.25.0.jar:/home/ec2-user/.m2/repository/com/google/errorprone/error_prone_annotations/2.15.0/error_prone_annotations-2.15.0.jar:/home/ec2-user/.m2/repository/com/google/auto/value/auto-value-annotations/1.9/auto-value-annotations-1.9.jar:/home/ec2-user/.m2/repository/com/google/http-client/google-http-client/1.42.2/google-http-client-1.42.2.jar:/home/ec2-user/.m2/repository/io/opencensus/opencensus-contrib-http-util/0.31.1/opencensus-contrib-http-util-0.31.1.jar:/home/ec2-user/.m2/repository/com/amazonaws/aws-java-sdk/1.11.1015/aws-java-sdk-1.11.1015.jar:/home/ec2-user/.m2/repository/com/amazonaws/aws-java-sdk-finspacedata/1.11.1015/aws-java-sdk-finspacedata-1.11.1015.jar:/home/ec2-user/.m2/repository/com/amazonaws/aws-java-sdk-finspace/1.11.1015/aws-java-sdk-finspace-1.11.1015.jar:/home/ec2-user/.m2/repository/com/amazonaws/aws-java-sdk-nimblestudio/1.11.1015/aws-java-sdk-nimblestudio-1.11.1015.jar:/home/ec2-user/.m2/repository/com/amazonaws/aws-java-sdk-lookoutequipment/1.11.1015/aws-java-sdk-lookoutequipment-1.11.1015.jar:/home/ec2-user/.m2/repository/com/amazonaws/aws-java-sdk-mgn/1.11.1015/aws-java-sdk-mgn-1.11.1015.jar:/home/ec2-user/.m2/repository/com/amazonaws/aws-java-sdk-lookoutmetrics/1.11.1015/aws-java-sdk-lookoutmetrics-1.11.1015.jar:/home/ec2-user/.m2/repository/com/amazonaws/aws-java-sdk-fis/1.11.1015/aws-java-sdk-fis-1.11.1015.jar:/home/ec2-user/.m2/repository/com/amazonaws/aws-java-sdk-lexmodelsv2/1.11.1015/aws-java-sdk-lexmodelsv2-1.11.1015.jar:/home/ec2-user/.m2/repository/com/amazonaws/aws-java-sdk-lexruntimev2/1.11.1015/aws-java-sdk-lexruntimev2-1.11.1015.jar:/home/ec2-user/.m2/repository/com/amazonaws/aws-java-sdk-wellarchitected/1.11.1015/aws-java-sdk-wellarchitected-1.11.1015.jar:/home/ec2-user/.m2/repository/com/amazonaws/aws-java-sdk-location/1.11.1015/aws-java-sdk-location-1.11.1015.jar:/home/ec2-user/.m2/repository/com/amazonaws/aws-java-sdk-iotdeviceadvisor/1.11.1015/aws-java-sdk-iotdeviceadvisor-1.11.1015.jar:/home/ec2-user/.m2/repository/com/amazonaws/aws-java-sdk-iotfleethub/1.11.1015/aws-java-sdk-iotfleethub-1.11.1015.jar:/home/ec2-user/.m2/repository/com/amazonaws/aws-java-sdk-iotwireless/1.11.1015/aws-java-sdk-iotwireless-1.11.1015.jar:/home/ec2-user/.m2/repository/com/amazonaws/aws-java-sdk-greengrassv2/1.11.1015/aws-java-sdk-greengrassv2-1.11.1015.jar:/home/ec2-user/.m2/repository/com/amazonaws/aws-java-sdk-prometheus/1.11.1015/aws-java-sdk-prometheus-1.11.1015.jar:/home/ec2-user/.m2/repository/com/amazonaws/aws-java-sdk-auditmanager/1.11.1015/aws-java-sdk-auditmanager-1.11.1015.jar:/home/ec2-user/.m2/repository/com/amazonaws/aws-java-sdk-healthlake/1.11.1015/aws-java-sdk-healthlake-1.11.1015.jar:/home/ec2-user/.m2/repository/com/amazonaws/aws-java-sdk-sagemakeredgemanager/1.11.1015/aws-java-sdk-sagemakeredgemanager-1.11.1015.jar:/home/ec2-user/.m2/repository/com/amazonaws/aws-java-sdk-emrcontainers/1.11.1015/aws-java-sdk-emrcontainers-1.11.1015.jar:/home/ec2-user/.m2/repository/com/amazonaws/aws-java-sdk-customerprofiles/1.11.1015/aws-java-sdk-customerprofiles-1.11.1015.jar:/home/ec2-user/.m2/repository/com/amazonaws/aws-java-sdk-lookoutforvision/1.11.1015/aws-java-sdk-lookoutforvision-1.11.1015.jar:/home/ec2-user/.m2/repository/com/amazonaws/aws-java-sdk-connectcontactlens/1.11.1015/aws-java-sdk-connectcontactlens-1.11.1015.jar:/home/ec2-user/.m2/repository/com/amazonaws/aws-java-sdk-amplifybackend/1.11.1015/aws-java-sdk-amplifybackend-1.11.1015.jar:/home/ec2-user/.m2/repository/com/amazonaws/aws-java-sdk-ecrpublic/1.11.1015/aws-java-sdk-ecrpublic-1.11.1015.jar:/home/ec2-user/.m2/repository/com/amazonaws/aws-java-sdk-appintegrations/1.11.1015/aws-java-sdk-appintegrations-1.11.1015.jar:/home/ec2-user/.m2/repository/com/amazonaws/aws-java-sdk-sagemakerfeaturestoreruntime/1.11.1015/aws-java-sdk-sagemakerfeaturestoreruntime-1.11.1015.jar:/home/ec2-user/.m2/repository/com/amazonaws/aws-java-sdk-devopsguru/1.11.1015/aws-java-sdk-devopsguru-1.11.1015.jar:/home/ec2-user/.m2/repository/com/amazonaws/aws-java-sdk-mwaa/1.11.1015/aws-java-sdk-mwaa-1.11.1015.jar:/home/ec2-user/.m2/repository/com/amazonaws/aws-java-sdk-networkfirewall/1.11.1015/aws-java-sdk-networkfirewall-1.11.1015.jar:/home/ec2-user/.m2/repository/com/amazonaws/aws-java-sdk-appregistry/1.11.1015/aws-java-sdk-appregistry-1.11.1015.jar:/home/ec2-user/.m2/repository/com/amazonaws/aws-java-sdk-gluedatabrew/1.11.1015/aws-java-sdk-gluedatabrew-1.11.1015.jar:/home/ec2-user/.m2/repository/com/amazonaws/aws-java-sdk-s3outposts/1.11.1015/aws-java-sdk-s3outposts-1.11.1015.jar:/home/ec2-user/.m2/repository/com/amazonaws/aws-java-sdk-timestreamquery/1.11.1015/aws-java-sdk-timestreamquery-1.11.1015.jar:/home/ec2-user/.m2/repository/com/amazonaws/aws-java-sdk-timestreamwrite/1.11.1015/aws-java-sdk-timestreamwrite-1.11.1015.jar:/home/ec2-user/.m2/repository/com/amazonaws/aws-java-sdk-ssoadmin/1.11.1015/aws-java-sdk-ssoadmin-1.11.1015.jar:/home/ec2-user/.m2/repository/com/amazonaws/aws-java-sdk-redshiftdataapi/1.11.1015/aws-java-sdk-redshiftdataapi-1.11.1015.jar:/home/ec2-user/.m2/repository/com/amazonaws/aws-java-sdk-appflow/1.11.1015/aws-java-sdk-appflow-1.11.1015.jar:/home/ec2-user/.m2/repository/com/amazonaws/aws-java-sdk-identitystore/1.11.1015/aws-java-sdk-identitystore-1.11.1015.jar:/home/ec2-user/.m2/repository/com/amazonaws/aws-java-sdk-braket/1.11.1015/aws-java-sdk-braket-1.11.1015.jar:/home/ec2-user/.m2/repository/com/amazonaws/aws-java-sdk-ivs/1.11.1015/aws-java-sdk-ivs-1.11.1015.jar:/home/ec2-user/.m2/repository/com/amazonaws/aws-java-sdk-honeycode/1.11.1015/aws-java-sdk-honeycode-1.11.1015.jar:/home/ec2-user/.m2/repository/com/amazonaws/aws-java-sdk-codeartifact/1.11.1015/aws-java-sdk-codeartifact-1.11.1015.jar:/home/ec2-user/.m2/repository/com/amazonaws/aws-java-sdk-macie2/1.11.1015/aws-java-sdk-macie2-1.11.1015.jar:/home/ec2-user/.m2/repository/com/amazonaws/aws-java-sdk-iotsitewise/1.11.1015/aws-java-sdk-iotsitewise-1.11.1015.jar:/home/ec2-user/.m2/repository/com/amazonaws/aws-java-sdk-synthetics/1.11.1015/aws-java-sdk-synthetics-1.11.1015.jar:/home/ec2-user/.m2/repository/com/amazonaws/aws-java-sdk-codestarconnections/1.11.1015/aws-java-sdk-codestarconnections-1.11.1015.jar:/home/ec2-user/.m2/repository/com/amazonaws/aws-java-sdk-detective/1.11.1015/aws-java-sdk-detective-1.11.1015.jar:/home/ec2-user/.m2/repository/com/amazonaws/aws-java-sdk-kinesisvideosignalingchannels/1.11.1015/aws-java-sdk-kinesisvideosignalingchannels-1.11.1015.jar:/home/ec2-user/.m2/repository/com/amazonaws/aws-java-sdk-ebs/1.11.1015/aws-java-sdk-ebs-1.11.1015.jar:/home/ec2-user/.m2/repository/com/amazonaws/aws-java-sdk-augmentedairuntime/1.11.1015/aws-java-sdk-augmentedairuntime-1.11.1015.jar:/home/ec2-user/.m2/repository/com/amazonaws/aws-java-sdk-outposts/1.11.1015/aws-java-sdk-outposts-1.11.1015.jar:/home/ec2-user/.m2/repository/com/amazonaws/aws-java-sdk-codeguruprofiler/1.11.1015/aws-java-sdk-codeguruprofiler-1.11.1015.jar:/home/ec2-user/.m2/repository/com/amazonaws/aws-java-sdk-codegurureviewer/1.11.1015/aws-java-sdk-codegurureviewer-1.11.1015.jar:/home/ec2-user/.m2/repository/com/amazonaws/aws-java-sdk-frauddetector/1.11.1015/aws-java-sdk-frauddetector-1.11.1015.jar:/home/ec2-user/.m2/repository/com/amazonaws/aws-java-sdk-kendra/1.11.1015/aws-java-sdk-kendra-1.11.1015.jar:/home/ec2-user/.m2/repository/com/amazonaws/aws-java-sdk-networkmanager/1.11.1015/aws-java-sdk-networkmanager-1.11.1015.jar:/home/ec2-user/.m2/repository/com/amazonaws/aws-java-sdk-computeoptimizer/1.11.1015/aws-java-sdk-computeoptimizer-1.11.1015.jar:/home/ec2-user/.m2/repository/com/amazonaws/aws-java-sdk-accessanalyzer/1.11.1015/aws-java-sdk-accessanalyzer-1.11.1015.jar:/home/ec2-user/.m2/repository/com/amazonaws/aws-java-sdk-schemas/1.11.1015/aws-java-sdk-schemas-1.11.1015.jar:/home/ec2-user/.m2/repository/com/amazonaws/aws-java-sdk-imagebuilder/1.11.1015/aws-java-sdk-imagebuilder-1.11.1015.jar:/home/ec2-user/.m2/repository/com/amazonaws/aws-java-sdk-elasticinference/1.11.1015/aws-java-sdk-elasticinference-1.11.1015.jar:/home/ec2-user/.m2/repository/com/amazonaws/aws-java-sdk-iotsecuretunneling/1.11.1015/aws-java-sdk-iotsecuretunneling-1.11.1015.jar:/home/ec2-user/.m2/repository/com/amazonaws/aws-java-sdk-appconfig/1.11.1015/aws-java-sdk-appconfig-1.11.1015.jar:/home/ec2-user/.m2/repository/com/amazonaws/aws-java-sdk-wafv2/1.11.1015/aws-java-sdk-wafv2-1.11.1015.jar:/home/ec2-user/.m2/repository/com/amazonaws/aws-java-sdk-connectparticipant/1.11.1015/aws-java-sdk-connectparticipant-1.11.1015.jar:/home/ec2-user/.m2/repository/com/amazonaws/aws-java-sdk-migrationhubconfig/1.11.1015/aws-java-sdk-migrationhubconfig-1.11.1015.jar:/home/ec2-user/.m2/repository/com/amazonaws/aws-java-sdk-dataexchange/1.11.1015/aws-java-sdk-dataexchange-1.11.1015.jar:/home/ec2-user/.m2/repository/com/amazonaws/aws-java-sdk-sesv2/1.11.1015/aws-java-sdk-sesv2-1.11.1015.jar:/home/ec2-user/.m2/repository/com/amazonaws/aws-java-sdk-marketplacecatalog/1.11.1015/aws-java-sdk-marketplacecatalog-1.11.1015.jar:/home/ec2-user/.m2/repository/com/amazonaws/aws-java-sdk-ssooidc/1.11.1015/aws-java-sdk-ssooidc-1.11.1015.jar:/home/ec2-user/.m2/repository/com/amazonaws/aws-java-sdk-sso/1.11.1015/aws-java-sdk-sso-1.11.1015.jar:/home/ec2-user/.m2/repository/com/amazonaws/aws-java-sdk-savingsplans/1.11.1015/aws-java-sdk-savingsplans-1.11.1015.jar:/home/ec2-user/.m2/repository/com/amazonaws/aws-java-sdk-codestarnotifications/1.11.1015/aws-java-sdk-codestarnotifications-1.11.1015.jar:/home/ec2-user/.m2/repository/com/amazonaws/aws-java-sdk-workmailmessageflow/1.11.1015/aws-java-sdk-workmailmessageflow-1.11.1015.jar:/home/ec2-user/.m2/repository/com/amazonaws/aws-java-sdk-qldbsession/1.11.1015/aws-java-sdk-qldbsession-1.11.1015.jar:/home/ec2-user/.m2/repository/com/amazonaws/aws-java-sdk-qldb/1.11.1015/aws-java-sdk-qldb-1.11.1015.jar:/home/ec2-user/.m2/repository/com/amazonaws/aws-java-sdk-forecastquery/1.11.1015/aws-java-sdk-forecastquery-1.11.1015.jar:/home/ec2-user/.m2/repository/com/amazonaws/aws-java-sdk-forecast/1.11.1015/aws-java-sdk-forecast-1.11.1015.jar:/home/ec2-user/.m2/repository/com/amazonaws/aws-java-sdk-lakeformation/1.11.1015/aws-java-sdk-lakeformation-1.11.1015.jar:/home/ec2-user/.m2/repository/com/amazonaws/aws-java-sdk-eventbridge/1.11.1015/aws-java-sdk-eventbridge-1.11.1015.jar:/home/ec2-user/.m2/repository/com/amazonaws/aws-java-sdk-ec2instanceconnect/1.11.1015/aws-java-sdk-ec2instanceconnect-1.11.1015.jar:/home/ec2-user/.m2/repository/com/amazonaws/aws-java-sdk-applicationinsights/1.11.1015/aws-java-sdk-applicationinsights-1.11.1015.jar:/home/ec2-user/.m2/repository/com/amazonaws/aws-java-sdk-servicequotas/1.11.1015/aws-java-sdk-servicequotas-1.11.1015.jar:/home/ec2-user/.m2/repository/com/amazonaws/aws-java-sdk-personalizeevents/1.11.1015/aws-java-sdk-personalizeevents-1.11.1015.jar:/home/ec2-user/.m2/repository/com/amazonaws/aws-java-sdk-personalize/1.11.1015/aws-java-sdk-personalize-1.11.1015.jar:/home/ec2-user/.m2/repository/com/amazonaws/aws-java-sdk-personalizeruntime/1.11.1015/aws-java-sdk-personalizeruntime-1.11.1015.jar:/home/ec2-user/.m2/repository/com/amazonaws/aws-java-sdk-ioteventsdata/1.11.1015/aws-java-sdk-ioteventsdata-1.11.1015.jar:/home/ec2-user/.m2/repository/com/amazonaws/aws-java-sdk-iotevents/1.11.1015/aws-java-sdk-iotevents-1.11.1015.jar:/home/ec2-user/.m2/repository/com/amazonaws/aws-java-sdk-iotthingsgraph/1.11.1015/aws-java-sdk-iotthingsgraph-1.11.1015.jar:/home/ec2-user/.m2/repository/com/amazonaws/aws-java-sdk-groundstation/1.11.1015/aws-java-sdk-groundstation-1.11.1015.jar:/home/ec2-user/.m2/repository/com/amazonaws/aws-java-sdk-mediapackagevod/1.11.1015/aws-java-sdk-mediapackagevod-1.11.1015.jar:/home/ec2-user/.m2/repository/com/amazonaws/aws-java-sdk-managedblockchain/1.11.1015/aws-java-sdk-managedblockchain-1.11.1015.jar:/home/ec2-user/.m2/repository/com/amazonaws/aws-java-sdk-textract/1.11.1015/aws-java-sdk-textract-1.11.1015.jar:/home/ec2-user/.m2/repository/com/amazonaws/aws-java-sdk-worklink/1.11.1015/aws-java-sdk-worklink-1.11.1015.jar:/home/ec2-user/.m2/repository/com/amazonaws/aws-java-sdk-backup/1.11.1015/aws-java-sdk-backup-1.11.1015.jar:/home/ec2-user/.m2/repository/com/amazonaws/aws-java-sdk-docdb/1.11.1015/aws-java-sdk-docdb-1.11.1015.jar:/home/ec2-user/.m2/repository/com/amazonaws/aws-java-sdk-apigatewayv2/1.11.1015/aws-java-sdk-apigatewayv2-1.11.1015.jar:/home/ec2-user/.m2/repository/com/amazonaws/aws-java-sdk-apigatewaymanagementapi/1.11.1015/aws-java-sdk-apigatewaymanagementapi-1.11.1015.jar:/home/ec2-user/.m2/repository/com/amazonaws/aws-java-sdk-kafka/1.11.1015/aws-java-sdk-kafka-1.11.1015.jar:/home/ec2-user/.m2/repository/com/amazonaws/aws-java-sdk-appmesh/1.11.1015/aws-java-sdk-appmesh-1.11.1015.jar:/home/ec2-user/.m2/repository/com/amazonaws/aws-java-sdk-licensemanager/1.11.1015/aws-java-sdk-licensemanager-1.11.1015.jar:/home/ec2-user/.m2/repository/com/amazonaws/aws-java-sdk-securityhub/1.11.1015/aws-java-sdk-securityhub-1.11.1015.jar:/home/ec2-user/.m2/repository/com/amazonaws/aws-java-sdk-fsx/1.11.1015/aws-java-sdk-fsx-1.11.1015.jar:/home/ec2-user/.m2/repository/com/amazonaws/aws-java-sdk-mediaconnect/1.11.1015/aws-java-sdk-mediaconnect-1.11.1015.jar:/home/ec2-user/.m2/repository/com/amazonaws/aws-java-sdk-kinesisanalyticsv2/1.11.1015/aws-java-sdk-kinesisanalyticsv2-1.11.1015.jar:/home/ec2-user/.m2/repository/com/amazonaws/aws-java-sdk-comprehendmedical/1.11.1015/aws-java-sdk-comprehendmedical-1.11.1015.jar:/home/ec2-user/.m2/repository/com/amazonaws/aws-java-sdk-globalaccelerator/1.11.1015/aws-java-sdk-globalaccelerator-1.11.1015.jar:/home/ec2-user/.m2/repository/com/amazonaws/aws-java-sdk-transfer/1.11.1015/aws-java-sdk-transfer-1.11.1015.jar:/home/ec2-user/.m2/repository/com/amazonaws/aws-java-sdk-datasync/1.11.1015/aws-java-sdk-datasync-1.11.1015.jar:/home/ec2-user/.m2/repository/com/amazonaws/aws-java-sdk-robomaker/1.11.1015/aws-java-sdk-robomaker-1.11.1015.jar:/home/ec2-user/.m2/repository/com/amazonaws/aws-java-sdk-amplify/1.11.1015/aws-java-sdk-amplify-1.11.1015.jar:/home/ec2-user/.m2/repository/com/amazonaws/aws-java-sdk-quicksight/1.11.1015/aws-java-sdk-quicksight-1.11.1015.jar:/home/ec2-user/.m2/repository/com/amazonaws/aws-java-sdk-rdsdata/1.11.1015/aws-java-sdk-rdsdata-1.11.1015.jar:/home/ec2-user/.m2/repository/com/amazonaws/aws-java-sdk-route53resolver/1.11.1015/aws-java-sdk-route53resolver-1.11.1015.jar:/home/ec2-user/.m2/repository/com/amazonaws/aws-java-sdk-ram/1.11.1015/aws-java-sdk-ram-1.11.1015.jar:/home/ec2-user/.m2/repository/com/amazonaws/aws-java-sdk-s3control/1.11.1015/aws-java-sdk-s3control-1.11.1015.jar:/home/ec2-user/.m2/repository/com/amazonaws/aws-java-sdk-pinpointsmsvoice/1.11.1015/aws-java-sdk-pinpointsmsvoice-1.11.1015.jar:/home/ec2-user/.m2/repository/com/amazonaws/aws-java-sdk-pinpointemail/1.11.1015/aws-java-sdk-pinpointemail-1.11.1015.jar:/home/ec2-user/.m2/repository/com/amazonaws/aws-java-sdk-chime/1.11.1015/aws-java-sdk-chime-1.11.1015.jar:/home/ec2-user/.m2/repository/com/amazonaws/aws-java-sdk-signer/1.11.1015/aws-java-sdk-signer-1.11.1015.jar:/home/ec2-user/.m2/repository/com/amazonaws/aws-java-sdk-dlm/1.11.1015/aws-java-sdk-dlm-1.11.1015.jar:/home/ec2-user/.m2/repository/com/amazonaws/aws-java-sdk-macie/1.11.1015/aws-java-sdk-macie-1.11.1015.jar:/home/ec2-user/.m2/repository/com/amazonaws/aws-java-sdk-eks/1.11.1015/aws-java-sdk-eks-1.11.1015.jar:/home/ec2-user/.m2/repository/com/amazonaws/aws-java-sdk-mediatailor/1.11.1015/aws-java-sdk-mediatailor-1.11.1015.jar:/home/ec2-user/.m2/repository/com/amazonaws/aws-java-sdk-neptune/1.11.1015/aws-java-sdk-neptune-1.11.1015.jar:/home/ec2-user/.m2/repository/com/amazonaws/aws-java-sdk-pi/1.11.1015/aws-java-sdk-pi-1.11.1015.jar:/home/ec2-user/.m2/repository/com/amazonaws/aws-java-sdk-iot1clickprojects/1.11.1015/aws-java-sdk-iot1clickprojects-1.11.1015.jar:/home/ec2-user/.m2/repository/com/amazonaws/aws-java-sdk-iot1clickdevices/1.11.1015/aws-java-sdk-iot1clickdevices-1.11.1015.jar:/home/ec2-user/.m2/repository/com/amazonaws/aws-java-sdk-iotanalytics/1.11.1015/aws-java-sdk-iotanalytics-1.11.1015.jar:/home/ec2-user/.m2/repository/com/amazonaws/aws-java-sdk-acmpca/1.11.1015/aws-java-sdk-acmpca-1.11.1015.jar:/home/ec2-user/.m2/repository/com/amazonaws/aws-java-sdk-secretsmanager/1.11.1015/aws-java-sdk-secretsmanager-1.11.1015.jar:/home/ec2-user/.m2/repository/com/amazonaws/aws-java-sdk-fms/1.11.1015/aws-java-sdk-fms-1.11.1015.jar:/home/ec2-user/.m2/repository/com/amazonaws/aws-java-sdk-connect/1.11.1015/aws-java-sdk-connect-1.11.1015.jar:/home/ec2-user/.m2/repository/com/amazonaws/aws-java-sdk-transcribe/1.11.1015/aws-java-sdk-transcribe-1.11.1015.jar:/home/ec2-user/.m2/repository/com/amazonaws/aws-java-sdk-autoscalingplans/1.11.1015/aws-java-sdk-autoscalingplans-1.11.1015.jar:/home/ec2-user/.m2/repository/com/amazonaws/aws-java-sdk-workmail/1.11.1015/aws-java-sdk-workmail-1.11.1015.jar:/home/ec2-user/.m2/repository/com/amazonaws/aws-java-sdk-servicediscovery/1.11.1015/aws-java-sdk-servicediscovery-1.11.1015.jar:/home/ec2-user/.m2/repository/com/amazonaws/aws-java-sdk-cloud9/1.11.1015/aws-java-sdk-cloud9-1.11.1015.jar:/home/ec2-user/.m2/repository/com/amazonaws/aws-java-sdk-serverlessapplicationrepository/1.11.1015/aws-java-sdk-serverlessapplicationrepository-1.11.1015.jar:/home/ec2-user/.m2/repository/com/amazonaws/aws-java-sdk-alexaforbusiness/1.11.1015/aws-java-sdk-alexaforbusiness-1.11.1015.jar:/home/ec2-user/.m2/repository/com/amazonaws/aws-java-sdk-resourcegroups/1.11.1015/aws-java-sdk-resourcegroups-1.11.1015.jar:/home/ec2-user/.m2/repository/com/amazonaws/aws-java-sdk-comprehend/1.11.1015/aws-java-sdk-comprehend-1.11.1015.jar:/home/ec2-user/.m2/repository/com/amazonaws/aws-java-sdk-translate/1.11.1015/aws-java-sdk-translate-1.11.1015.jar:/home/ec2-user/.m2/repository/com/amazonaws/aws-java-sdk-sagemaker/1.11.1015/aws-java-sdk-sagemaker-1.11.1015.jar:/home/ec2-user/.m2/repository/com/amazonaws/aws-java-sdk-iotjobsdataplane/1.11.1015/aws-java-sdk-iotjobsdataplane-1.11.1015.jar:/home/ec2-user/.m2/repository/com/amazonaws/aws-java-sdk-sagemakerruntime/1.11.1015/aws-java-sdk-sagemakerruntime-1.11.1015.jar:/home/ec2-user/.m2/repository/com/amazonaws/aws-java-sdk-kinesisvideo/1.11.1015/aws-java-sdk-kinesisvideo-1.11.1015.jar:/home/ec2-user/.m2/repository/com/amazonaws/aws-java-sdk-appsync/1.11.1015/aws-java-sdk-appsync-1.11.1015.jar:/home/ec2-user/.m2/repository/com/amazonaws/aws-java-sdk-guardduty/1.11.1015/aws-java-sdk-guardduty-1.11.1015.jar:/home/ec2-user/.m2/repository/com/amazonaws/aws-java-sdk-mq/1.11.1015/aws-java-sdk-mq-1.11.1015.jar:/home/ec2-user/.m2/repository/com/amazonaws/aws-java-sdk-mediaconvert/1.11.1015/aws-java-sdk-mediaconvert-1.11.1015.jar:/home/ec2-user/.m2/repository/com/amazonaws/aws-java-sdk-mediastore/1.11.1015/aws-java-sdk-mediastore-1.11.1015.jar:/home/ec2-user/.m2/repository/com/amazonaws/aws-java-sdk-mediastoredata/1.11.1015/aws-java-sdk-mediastoredata-1.11.1015.jar:/home/ec2-user/.m2/repository/com/amazonaws/aws-java-sdk-medialive/1.11.1015/aws-java-sdk-medialive-1.11.1015.jar:/home/ec2-user/.m2/repository/com/amazonaws/aws-java-sdk-mediapackage/1.11.1015/aws-java-sdk-mediapackage-1.11.1015.jar:/home/ec2-user/.m2/repository/com/amazonaws/aws-java-sdk-costexplorer/1.11.1015/aws-java-sdk-costexplorer-1.11.1015.jar:/home/ec2-user/.m2/repository/com/amazonaws/aws-java-sdk-pricing/1.11.1015/aws-java-sdk-pricing-1.11.1015.jar:/home/ec2-user/.m2/repository/com/amazonaws/aws-java-sdk-mobile/1.11.1015/aws-java-sdk-mobile-1.11.1015.jar:/home/ec2-user/.m2/repository/com/amazonaws/aws-java-sdk-cloudhsmv2/1.11.1015/aws-java-sdk-cloudhsmv2-1.11.1015.jar:/home/ec2-user/.m2/repository/com/amazonaws/aws-java-sdk-glue/1.11.1015/aws-java-sdk-glue-1.11.1015.jar:/home/ec2-user/.m2/repository/com/amazonaws/aws-java-sdk-migrationhub/1.11.1015/aws-java-sdk-migrationhub-1.11.1015.jar:/home/ec2-user/.m2/repository/com/amazonaws/aws-java-sdk-dax/1.11.1015/aws-java-sdk-dax-1.11.1015.jar:/home/ec2-user/.m2/repository/com/amazonaws/aws-java-sdk-greengrass/1.11.1015/aws-java-sdk-greengrass-1.11.1015.jar:/home/ec2-user/.m2/repository/com/amazonaws/aws-java-sdk-athena/1.11.1015/aws-java-sdk-athena-1.11.1015.jar:/home/ec2-user/.m2/repository/com/amazonaws/aws-java-sdk-marketplaceentitlement/1.11.1015/aws-java-sdk-marketplaceentitlement-1.11.1015.jar:/home/ec2-user/.m2/repository/com/amazonaws/aws-java-sdk-codestar/1.11.1015/aws-java-sdk-codestar-1.11.1015.jar:/home/ec2-user/.m2/repository/com/amazonaws/aws-java-sdk-lexmodelbuilding/1.11.1015/aws-java-sdk-lexmodelbuilding-1.11.1015.jar:/home/ec2-user/.m2/repository/com/amazonaws/aws-java-sdk-resourcegroupstaggingapi/1.11.1015/aws-java-sdk-resourcegroupstaggingapi-1.11.1015.jar:/home/ec2-user/.m2/repository/com/amazonaws/aws-java-sdk-pinpoint/1.11.1015/aws-java-sdk-pinpoint-1.11.1015.jar:/home/ec2-user/.m2/repository/com/amazonaws/aws-java-sdk-xray/1.11.1015/aws-java-sdk-xray-1.11.1015.jar:/home/ec2-user/.m2/repository/com/amazonaws/aws-java-sdk-opsworkscm/1.11.1015/aws-java-sdk-opsworkscm-1.11.1015.jar:/home/ec2-user/.m2/repository/com/amazonaws/aws-java-sdk-support/1.11.1015/aws-java-sdk-support-1.11.1015.jar:/home/ec2-user/.m2/repository/com/amazonaws/aws-java-sdk-simpledb/1.11.1015/aws-java-sdk-simpledb-1.11.1015.jar:/home/ec2-user/.m2/repository/com/amazonaws/aws-java-sdk-servicecatalog/1.11.1015/aws-java-sdk-servicecatalog-1.11.1015.jar:/home/ec2-user/.m2/repository/com/amazonaws/aws-java-sdk-servermigration/1.11.1015/aws-java-sdk-servermigration-1.11.1015.jar:/home/ec2-user/.m2/repository/com/amazonaws/aws-java-sdk-simpleworkflow/1.11.1015/aws-java-sdk-simpleworkflow-1.11.1015.jar:/home/ec2-user/.m2/repository/com/amazonaws/aws-java-sdk-storagegateway/1.11.1015/aws-java-sdk-storagegateway-1.11.1015.jar:/home/ec2-user/.m2/repository/com/amazonaws/aws-java-sdk-route53/1.11.1015/aws-java-sdk-route53-1.11.1015.jar:/home/ec2-user/.m2/repository/com/amazonaws/aws-java-sdk-importexport/1.11.1015/aws-java-sdk-importexport-1.11.1015.jar:/home/ec2-user/.m2/repository/com/amazonaws/aws-java-sdk-sts/1.11.1015/aws-java-sdk-sts-1.11.1015.jar:/home/ec2-user/.m2/repository/com/amazonaws/aws-java-sdk-sqs/1.11.1015/aws-java-sdk-sqs-1.11.1015.jar:/home/ec2-user/.m2/repository/com/amazonaws/aws-java-sdk-rds/1.11.1015/aws-java-sdk-rds-1.11.1015.jar:/home/ec2-user/.m2/repository/com/amazonaws/aws-java-sdk-redshift/1.11.1015/aws-java-sdk-redshift-1.11.1015.jar:/home/ec2-user/.m2/repository/com/amazonaws/aws-java-sdk-elasticbeanstalk/1.11.1015/aws-java-sdk-elasticbeanstalk-1.11.1015.jar:/home/ec2-user/.m2/repository/com/amazonaws/aws-java-sdk-glacier/1.11.1015/aws-java-sdk-glacier-1.11.1015.jar:/home/ec2-user/.m2/repository/com/amazonaws/aws-java-sdk-iam/1.11.1015/aws-java-sdk-iam-1.11.1015.jar:/home/ec2-user/.m2/repository/com/amazonaws/aws-java-sdk-datapipeline/1.11.1015/aws-java-sdk-datapipeline-1.11.1015.jar:/home/ec2-user/.m2/repository/com/amazonaws/aws-java-sdk-elasticloadbalancing/1.11.1015/aws-java-sdk-elasticloadbalancing-1.11.1015.jar:/home/ec2-user/.m2/repository/com/amazonaws/aws-java-sdk-elasticloadbalancingv2/1.11.1015/aws-java-sdk-elasticloadbalancingv2-1.11.1015.jar:/home/ec2-user/.m2/repository/com/amazonaws/aws-java-sdk-emr/1.11.1015/aws-java-sdk-emr-1.11.1015.jar:/home/ec2-user/.m2/repository/com/amazonaws/aws-java-sdk-elasticache/1.11.1015/aws-java-sdk-elasticache-1.11.1015.jar:/home/ec2-user/.m2/repository/com/amazonaws/aws-java-sdk-elastictranscoder/1.11.1015/aws-java-sdk-elastictranscoder-1.11.1015.jar:/home/ec2-user/.m2/repository/com/amazonaws/aws-java-sdk-ec2/1.11.1015/aws-java-sdk-ec2-1.11.1015.jar:/home/ec2-user/.m2/repository/com/amazonaws/aws-java-sdk-dynamodb/1.11.1015/aws-java-sdk-dynamodb-1.11.1015.jar:/home/ec2-user/.m2/repository/com/amazonaws/aws-java-sdk-sns/1.11.1015/aws-java-sdk-sns-1.11.1015.jar:/home/ec2-user/.m2/repository/com/amazonaws/aws-java-sdk-budgets/1.11.1015/aws-java-sdk-budgets-1.11.1015.jar:/home/ec2-user/.m2/repository/com/amazonaws/aws-java-sdk-cloudtrail/1.11.1015/aws-java-sdk-cloudtrail-1.11.1015.jar:/home/ec2-user/.m2/repository/com/amazonaws/aws-java-sdk-cloudwatch/1.11.1015/aws-java-sdk-cloudwatch-1.11.1015.jar:/home/ec2-user/.m2/repository/com/amazonaws/aws-java-sdk-logs/1.11.1015/aws-java-sdk-logs-1.11.1015.jar:/home/ec2-user/.m2/repository/com/amazonaws/aws-java-sdk-events/1.11.1015/aws-java-sdk-events-1.11.1015.jar:/home/ec2-user/.m2/repository/com/amazonaws/aws-java-sdk-cognitoidentity/1.11.1015/aws-java-sdk-cognitoidentity-1.11.1015.jar:/home/ec2-user/.m2/repository/com/amazonaws/aws-java-sdk-cognitosync/1.11.1015/aws-java-sdk-cognitosync-1.11.1015.jar:/home/ec2-user/.m2/repository/com/amazonaws/aws-java-sdk-directconnect/1.11.1015/aws-java-sdk-directconnect-1.11.1015.jar:/home/ec2-user/.m2/repository/com/amazonaws/aws-java-sdk-cloudformation/1.11.1015/aws-java-sdk-cloudformation-1.11.1015.jar:/home/ec2-user/.m2/repository/com/amazonaws/aws-java-sdk-cloudfront/1.11.1015/aws-java-sdk-cloudfront-1.11.1015.jar:/home/ec2-user/.m2/repository/com/amazonaws/aws-java-sdk-clouddirectory/1.11.1015/aws-java-sdk-clouddirectory-1.11.1015.jar:/home/ec2-user/.m2/repository/com/amazonaws/aws-java-sdk-kinesis/1.11.1015/aws-java-sdk-kinesis-1.11.1015.jar:/home/ec2-user/.m2/repository/com/amazonaws/aws-java-sdk-opsworks/1.11.1015/aws-java-sdk-opsworks-1.11.1015.jar:/home/ec2-user/.m2/repository/com/amazonaws/aws-java-sdk-ses/1.11.1015/aws-java-sdk-ses-1.11.1015.jar:/home/ec2-user/.m2/repository/com/amazonaws/aws-java-sdk-autoscaling/1.11.1015/aws-java-sdk-autoscaling-1.11.1015.jar:/home/ec2-user/.m2/repository/com/amazonaws/aws-java-sdk-cloudsearch/1.11.1015/aws-java-sdk-cloudsearch-1.11.1015.jar:/home/ec2-user/.m2/repository/com/amazonaws/aws-java-sdk-cloudwatchmetrics/1.11.1015/aws-java-sdk-cloudwatchmetrics-1.11.1015.jar:/home/ec2-user/.m2/repository/com/amazonaws/aws-java-sdk-codedeploy/1.11.1015/aws-java-sdk-codedeploy-1.11.1015.jar:/home/ec2-user/.m2/repository/com/amazonaws/aws-java-sdk-codepipeline/1.11.1015/aws-java-sdk-codepipeline-1.11.1015.jar:/home/ec2-user/.m2/repository/com/amazonaws/aws-java-sdk-kms/1.11.1015/aws-java-sdk-kms-1.11.1015.jar:/home/ec2-user/.m2/repository/com/amazonaws/aws-java-sdk-config/1.11.1015/aws-java-sdk-config-1.11.1015.jar:/home/ec2-user/.m2/repository/com/amazonaws/aws-java-sdk-lambda/1.11.1015/aws-java-sdk-lambda-1.11.1015.jar:/home/ec2-user/.m2/repository/com/amazonaws/aws-java-sdk-ecs/1.11.1015/aws-java-sdk-ecs-1.11.1015.jar:/home/ec2-user/.m2/repository/com/amazonaws/aws-java-sdk-ecr/1.11.1015/aws-java-sdk-ecr-1.11.1015.jar:/home/ec2-user/.m2/repository/com/amazonaws/aws-java-sdk-cloudhsm/1.11.1015/aws-java-sdk-cloudhsm-1.11.1015.jar:/home/ec2-user/.m2/repository/com/amazonaws/aws-java-sdk-ssm/1.11.1015/aws-java-sdk-ssm-1.11.1015.jar:/home/ec2-user/.m2/repository/com/amazonaws/aws-java-sdk-workspaces/1.11.1015/aws-java-sdk-workspaces-1.11.1015.jar:/home/ec2-user/.m2/repository/com/amazonaws/aws-java-sdk-machinelearning/1.11.1015/aws-java-sdk-machinelearning-1.11.1015.jar:/home/ec2-user/.m2/repository/com/amazonaws/aws-java-sdk-directory/1.11.1015/aws-java-sdk-directory-1.11.1015.jar:/home/ec2-user/.m2/repository/com/amazonaws/aws-java-sdk-efs/1.11.1015/aws-java-sdk-efs-1.11.1015.jar:/home/ec2-user/.m2/repository/com/amazonaws/aws-java-sdk-codecommit/1.11.1015/aws-java-sdk-codecommit-1.11.1015.jar:/home/ec2-user/.m2/repository/com/amazonaws/aws-java-sdk-devicefarm/1.11.1015/aws-java-sdk-devicefarm-1.11.1015.jar:/home/ec2-user/.m2/repository/com/amazonaws/aws-java-sdk-elasticsearch/1.11.1015/aws-java-sdk-elasticsearch-1.11.1015.jar:/home/ec2-user/.m2/repository/com/amazonaws/aws-java-sdk-waf/1.11.1015/aws-java-sdk-waf-1.11.1015.jar:/home/ec2-user/.m2/repository/com/amazonaws/aws-java-sdk-marketplacecommerceanalytics/1.11.1015/aws-java-sdk-marketplacecommerceanalytics-1.11.1015.jar:/home/ec2-user/.m2/repository/com/amazonaws/aws-java-sdk-inspector/1.11.1015/aws-java-sdk-inspector-1.11.1015.jar:/home/ec2-user/.m2/repository/com/amazonaws/aws-java-sdk-iot/1.11.1015/aws-java-sdk-iot-1.11.1015.jar:/home/ec2-user/.m2/repository/com/amazonaws/aws-java-sdk-api-gateway/1.11.1015/aws-java-sdk-api-gateway-1.11.1015.jar:/home/ec2-user/.m2/repository/com/amazonaws/aws-java-sdk-acm/1.11.1015/aws-java-sdk-acm-1.11.1015.jar:/home/ec2-user/.m2/repository/com/amazonaws/aws-java-sdk-gamelift/1.11.1015/aws-java-sdk-gamelift-1.11.1015.jar:/home/ec2-user/.m2/repository/com/amazonaws/aws-java-sdk-dms/1.11.1015/aws-java-sdk-dms-1.11.1015.jar:/home/ec2-user/.m2/repository/com/amazonaws/aws-java-sdk-marketplacemeteringservice/1.11.1015/aws-java-sdk-marketplacemeteringservice-1.11.1015.jar:/home/ec2-user/.m2/repository/com/amazonaws/aws-java-sdk-cognitoidp/1.11.1015/aws-java-sdk-cognitoidp-1.11.1015.jar:/home/ec2-user/.m2/repository/com/amazonaws/aws-java-sdk-discovery/1.11.1015/aws-java-sdk-discovery-1.11.1015.jar:/home/ec2-user/.m2/repository/com/amazonaws/aws-java-sdk-applicationautoscaling/1.11.1015/aws-java-sdk-applicationautoscaling-1.11.1015.jar:/home/ec2-user/.m2/repository/com/amazonaws/aws-java-sdk-snowball/1.11.1015/aws-java-sdk-snowball-1.11.1015.jar:/home/ec2-user/.m2/repository/com/amazonaws/aws-java-sdk-rekognition/1.11.1015/aws-java-sdk-rekognition-1.11.1015.jar:/home/ec2-user/.m2/repository/com/amazonaws/aws-java-sdk-polly/1.11.1015/aws-java-sdk-polly-1.11.1015.jar:/home/ec2-user/.m2/repository/com/amazonaws/aws-java-sdk-lightsail/1.11.1015/aws-java-sdk-lightsail-1.11.1015.jar:/home/ec2-user/.m2/repository/com/amazonaws/aws-java-sdk-stepfunctions/1.11.1015/aws-java-sdk-stepfunctions-1.11.1015.jar:/home/ec2-user/.m2/repository/com/amazonaws/aws-java-sdk-health/1.11.1015/aws-java-sdk-health-1.11.1015.jar:/home/ec2-user/.m2/repository/com/amazonaws/aws-java-sdk-costandusagereport/1.11.1015/aws-java-sdk-costandusagereport-1.11.1015.jar:/home/ec2-user/.m2/repository/com/amazonaws/aws-java-sdk-codebuild/1.11.1015/aws-java-sdk-codebuild-1.11.1015.jar:/home/ec2-user/.m2/repository/com/amazonaws/aws-java-sdk-appstream/1.11.1015/aws-java-sdk-appstream-1.11.1015.jar:/home/ec2-user/.m2/repository/com/amazonaws/aws-java-sdk-shield/1.11.1015/aws-java-sdk-shield-1.11.1015.jar:/home/ec2-user/.m2/repository/com/amazonaws/aws-java-sdk-batch/1.11.1015/aws-java-sdk-batch-1.11.1015.jar:/home/ec2-user/.m2/repository/com/amazonaws/aws-java-sdk-lex/1.11.1015/aws-java-sdk-lex-1.11.1015.jar:/home/ec2-user/.m2/repository/com/amazonaws/aws-java-sdk-mechanicalturkrequester/1.11.1015/aws-java-sdk-mechanicalturkrequester-1.11.1015.jar:/home/ec2-user/.m2/repository/com/amazonaws/aws-java-sdk-organizations/1.11.1015/aws-java-sdk-organizations-1.11.1015.jar:/home/ec2-user/.m2/repository/com/amazonaws/aws-java-sdk-workdocs/1.11.1015/aws-java-sdk-workdocs-1.11.1015.jar:/home/ec2-user/.m2/repository/com/amazonaws/aws-java-sdk-core/1.11.1015/aws-java-sdk-core-1.11.1015.jar:/home/ec2-user/.m2/repository/software/amazon/ion/ion-java/1.0.2/ion-java-1.0.2.jar:/home/ec2-user/.m2/repository/com/amazonaws/aws-java-sdk-models/1.11.1015/aws-java-sdk-models-1.11.1015.jar:/home/ec2-user/.m2/repository/com/amazonaws/aws-java-sdk-swf-libraries/1.11.22/aws-java-sdk-swf-libraries-1.11.22.jar:/home/ec2-user/.m2/repository/com/amazonaws/amazon-kinesis-client/1.0.0/amazon-kinesis-client-1.0.0.jar:/home/ec2-user/.m2/repository/com/fasterxml/jackson/core/jackson-annotations/2.13.4/jackson-annotations-2.13.4.jar:/home/ec2-user/.m2/repository/com/fasterxml/jackson/dataformat/jackson-dataformat-cbor/2.13.4/jackson-dataformat-cbor-2.13.4.jar:/home/ec2-user/.m2/repository/com/azure/azure-messaging-eventhubs/5.15.0/azure-messaging-eventhubs-5.15.0.jar:/home/ec2-user/.m2/repository/com/azure/azure-core/1.34.0/azure-core-1.34.0.jar:/home/ec2-user/.m2/repository/com/fasterxml/jackson/dataformat/jackson-dataformat-xml/2.13.4/jackson-dataformat-xml-2.13.4.jar:/home/ec2-user/.m2/repository/org/codehaus/woodstox/stax2-api/4.2.1/stax2-api-4.2.1.jar:/home/ec2-user/.m2/repository/com/fasterxml/woodstox/woodstox-core/6.4.0/woodstox-core-6.4.0.jar:/home/ec2-user/.m2/repository/io/projectreactor/reactor-core/3.4.23/reactor-core-3.4.23.jar:/home/ec2-user/.m2/repository/org/reactivestreams/reactive-streams/1.0.4/reactive-streams-1.0.4.jar:/home/ec2-user/.m2/repository/com/azure/azure-core-amqp/2.8.0/azure-core-amqp-2.8.0.jar:/home/ec2-user/.m2/repository/com/microsoft/azure/qpid-proton-j-extensions/1.2.4/qpid-proton-j-extensions-1.2.4.jar:/home/ec2-user/.m2/repository/org/apache/qpid/proton-j/0.33.8/proton-j-0.33.8.jar:"/>
    <property name="java.vm.vendor" value="Red Hat, Inc."/>
    <property name="sun.arch.data.model" value="64"/>
    <property name="run.releaseTests" value="true"/>
    <property name="java.vendor.url" value="https://www.redhat.com/"/>
    <property name="user.timezone" value=""/>
    <property name="java.vm.specification.version" value="11"/>
    <property name="os.name" value="Linux"/>
    <property name="sun.java.launcher" value="SUN_STANDARD"/>
    <property name="user.country" value="US"/>
    <property name="sun.boot.library.path" value="/usr/lib/jvm/java-11-openjdk-11.0.15.0.10-2.el8_6.x86_64/lib"/>
    <property name="sun.java.command" value="/home/ec2-user/code/cdcsdk-testing/target/surefire/surefirebooter5728124449784495897.jar /home/ec2-user/code/cdcsdk-testing/target/surefire 2022-12-06T08-50-51_131-jvmRun1 surefire12335771684034936227tmp surefire_0894323362948555508tmp"/>
    <property name="jdk.debug" value="release"/>
    <property name="surefire.test.class.path" value="/home/ec2-user/code/cdcsdk-testing/target/test-classes:/home/ec2-user/code/cdcsdk-testing/target/cdcsdk-testing-1.0.0-SNAPSHOT.jar:/home/ec2-user/.m2/repository/com/yugabyte/cdcsdk-server-core/1.0.0.RC1/cdcsdk-server-core-1.0.0.RC1.jar:/home/ec2-user/.m2/repository/io/quarkus/quarkus-core/2.7.2.Final/quarkus-core-2.7.2.Final.jar:/home/ec2-user/.m2/repository/jakarta/annotation/jakarta.annotation-api/1.3.5/jakarta.annotation-api-1.3.5.jar:/home/ec2-user/.m2/repository/jakarta/enterprise/jakarta.enterprise.cdi-api/2.0.2/jakarta.enterprise.cdi-api-2.0.2.jar:/home/ec2-user/.m2/repository/jakarta/el/jakarta.el-api/3.0.3/jakarta.el-api-3.0.3.jar:/home/ec2-user/.m2/repository/jakarta/interceptor/jakarta.interceptor-api/1.2.5/jakarta.interceptor-api-1.2.5.jar:/home/ec2-user/.m2/repository/jakarta/ejb/jakarta.ejb-api/3.2.6/jakarta.ejb-api-3.2.6.jar:/home/ec2-user/.m2/repository/jakarta/inject/jakarta.inject-api/1.0/jakarta.inject-api-1.0.jar:/home/ec2-user/.m2/repository/io/quarkus/quarkus-ide-launcher/2.7.2.Final/quarkus-ide-launcher-2.7.2.Final.jar:/home/ec2-user/.m2/repository/io/quarkus/quarkus-development-mode-spi/2.7.2.Final/quarkus-development-mode-spi-2.7.2.Final.jar:/home/ec2-user/.m2/repository/io/smallrye/config/smallrye-config/2.9.0/smallrye-config-2.9.0.jar:/home/ec2-user/.m2/repository/io/smallrye/config/smallrye-config-core/2.9.0/smallrye-config-core-2.9.0.jar:/home/ec2-user/.m2/repository/org/eclipse/microprofile/config/microprofile-config-api/2.0/microprofile-config-api-2.0.jar:/home/ec2-user/.m2/repository/io/smallrye/common/smallrye-common-annotation/1.9.0/smallrye-common-annotation-1.9.0.jar:/home/ec2-user/.m2/repository/io/smallrye/common/smallrye-common-expression/1.9.0/smallrye-common-expression-1.9.0.jar:/home/ec2-user/.m2/repository/io/smallrye/common/smallrye-common-function/1.9.0/smallrye-common-function-1.9.0.jar:/home/ec2-user/.m2/repository/io/smallrye/common/smallrye-common-constraint/1.9.0/smallrye-common-constraint-1.9.0.jar:/home/ec2-user/.m2/repository/io/smallrye/common/smallrye-common-classloader/1.9.0/smallrye-common-classloader-1.9.0.jar:/home/ec2-user/.m2/repository/io/smallrye/config/smallrye-config-common/2.9.0/smallrye-config-common-2.9.0.jar:/home/ec2-user/.m2/repository/org/jboss/logging/jboss-logging/3.4.3.Final/jboss-logging-3.4.3.Final.jar:/home/ec2-user/.m2/repository/org/jboss/logmanager/jboss-logmanager-embedded/1.0.9/jboss-logmanager-embedded-1.0.9.jar:/home/ec2-user/.m2/repository/org/jboss/logging/jboss-logging-annotations/2.2.1.Final/jboss-logging-annotations-2.2.1.Final.jar:/home/ec2-user/.m2/repository/org/jboss/threads/jboss-threads/3.4.2.Final/jboss-threads-3.4.2.Final.jar:/home/ec2-user/.m2/repository/org/jboss/slf4j/slf4j-jboss-logmanager/1.1.0.Final/slf4j-jboss-logmanager-1.1.0.Final.jar:/home/ec2-user/.m2/repository/org/graalvm/sdk/graal-sdk/21.3.1/graal-sdk-21.3.1.jar:/home/ec2-user/.m2/repository/org/wildfly/common/wildfly-common/1.5.4.Final-format-001/wildfly-common-1.5.4.Final-format-001.jar:/home/ec2-user/.m2/repository/io/quarkus/quarkus-bootstrap-runner/2.7.2.Final/quarkus-bootstrap-runner-2.7.2.Final.jar:/home/ec2-user/.m2/repository/io/smallrye/common/smallrye-common-io/1.10.0/smallrye-common-io-1.10.0.jar:/home/ec2-user/.m2/repository/io/quarkus/quarkus-fs-util/0.0.9/quarkus-fs-util-0.0.9.jar:/home/ec2-user/.m2/repository/io/quarkus/quarkus-smallrye-health/2.7.2.Final/quarkus-smallrye-health-2.7.2.Final.jar:/home/ec2-user/.m2/repository/io/smallrye/smallrye-health/3.1.2/smallrye-health-3.1.2.jar:/home/ec2-user/.m2/repository/org/eclipse/microprofile/health/microprofile-health-api/3.1/microprofile-health-api-3.1.jar:/home/ec2-user/.m2/repository/io/smallrye/smallrye-health-api/3.1.2/smallrye-health-api-3.1.2.jar:/home/ec2-user/.m2/repository/io/smallrye/reactive/mutiny/0.17.0/mutiny-0.17.0.jar:/home/ec2-user/.m2/repository/io/smallrye/smallrye-health-provided-checks/3.1.2/smallrye-health-provided-checks-3.1.2.jar:/home/ec2-user/.m2/repository/io/quarkus/quarkus-vertx-http/2.7.2.Final/quarkus-vertx-http-2.7.2.Final.jar:/home/ec2-user/.m2/repository/io/quarkus/quarkus-security-runtime-spi/2.7.2.Final/quarkus-security-runtime-spi-2.7.2.Final.jar:/home/ec2-user/.m2/repository/io/quarkus/quarkus-mutiny/2.7.2.Final/quarkus-mutiny-2.7.2.Final.jar:/home/ec2-user/.m2/repository/io/quarkus/quarkus-smallrye-context-propagation/2.7.2.Final/quarkus-smallrye-context-propagation-2.7.2.Final.jar:/home/ec2-user/.m2/repository/io/smallrye/smallrye-context-propagation/1.2.2/smallrye-context-propagation-1.2.2.jar:/home/ec2-user/.m2/repository/io/smallrye/smallrye-context-propagation-api/1.2.2/smallrye-context-propagation-api-1.2.2.jar:/home/ec2-user/.m2/repository/io/smallrye/smallrye-context-propagation-storage/1.2.2/smallrye-context-propagation-storage-1.2.2.jar:/home/ec2-user/.m2/repository/io/smallrye/reactive/mutiny-smallrye-context-propagation/1.3.1/mutiny-smallrye-context-propagation-1.3.1.jar:/home/ec2-user/.m2/repository/io/smallrye/common/smallrye-common-vertx-context/1.10.0/smallrye-common-vertx-context-1.10.0.jar:/home/ec2-user/.m2/repository/io/vertx/vertx-core/4.2.4/vertx-core-4.2.4.jar:/home/ec2-user/.m2/repository/io/quarkus/quarkus-vertx-http-dev-console-runtime-spi/2.7.2.Final/quarkus-vertx-http-dev-console-runtime-spi-2.7.2.Final.jar:/home/ec2-user/.m2/repository/io/quarkus/security/quarkus-security/1.1.4.Final/quarkus-security-1.1.4.Final.jar:/home/ec2-user/.m2/repository/io/quarkus/quarkus-vertx/2.7.2.Final/quarkus-vertx-2.7.2.Final.jar:/home/ec2-user/.m2/repository/io/quarkus/quarkus-netty/2.7.2.Final/quarkus-netty-2.7.2.Final.jar:/home/ec2-user/.m2/repository/io/smallrye/reactive/smallrye-mutiny-vertx-core/2.18.1/smallrye-mutiny-vertx-core-2.18.1.jar:/home/ec2-user/.m2/repository/io/smallrye/reactive/smallrye-mutiny-vertx-runtime/2.18.1/smallrye-mutiny-vertx-runtime-2.18.1.jar:/home/ec2-user/.m2/repository/io/smallrye/reactive/vertx-mutiny-generator/2.18.1/vertx-mutiny-generator-2.18.1.jar:/home/ec2-user/.m2/repository/io/vertx/vertx-codegen/4.2.3/vertx-codegen-4.2.3.jar:/home/ec2-user/.m2/repository/io/smallrye/smallrye-fault-tolerance-vertx/5.2.1/smallrye-fault-tolerance-vertx-5.2.1.jar:/home/ec2-user/.m2/repository/io/smallrye/reactive/smallrye-mutiny-vertx-web/2.18.1/smallrye-mutiny-vertx-web-2.18.1.jar:/home/ec2-user/.m2/repository/io/smallrye/reactive/smallrye-mutiny-vertx-web-common/2.18.1/smallrye-mutiny-vertx-web-common-2.18.1.jar:/home/ec2-user/.m2/repository/io/smallrye/reactive/smallrye-mutiny-vertx-auth-common/2.18.1/smallrye-mutiny-vertx-auth-common-2.18.1.jar:/home/ec2-user/.m2/repository/io/smallrye/reactive/smallrye-mutiny-vertx-bridge-common/2.18.1/smallrye-mutiny-vertx-bridge-common-2.18.1.jar:/home/ec2-user/.m2/repository/io/vertx/vertx-web/4.2.4/vertx-web-4.2.4.jar:/home/ec2-user/.m2/repository/io/vertx/vertx-web-common/4.2.4/vertx-web-common-4.2.4.jar:/home/ec2-user/.m2/repository/io/vertx/vertx-auth-common/4.2.4/vertx-auth-common-4.2.4.jar:/home/ec2-user/.m2/repository/io/vertx/vertx-bridge-common/4.2.4/vertx-bridge-common-4.2.4.jar:/home/ec2-user/.m2/repository/io/quarkus/quarkus-jsonp/2.7.2.Final/quarkus-jsonp-2.7.2.Final.jar:/home/ec2-user/.m2/repository/io/quarkus/quarkus-micrometer/2.7.2.Final/quarkus-micrometer-2.7.2.Final.jar:/home/ec2-user/.m2/repository/io/quarkus/quarkus-arc/2.7.2.Final/quarkus-arc-2.7.2.Final.jar:/home/ec2-user/.m2/repository/io/quarkus/arc/arc/2.7.2.Final/arc-2.7.2.Final.jar:/home/ec2-user/.m2/repository/jakarta/transaction/jakarta.transaction-api/1.3.3/jakarta.transaction-api-1.3.3.jar:/home/ec2-user/.m2/repository/org/eclipse/microprofile/context-propagation/microprofile-context-propagation-api/1.2/microprofile-context-propagation-api-1.2.jar:/home/ec2-user/.m2/repository/io/micrometer/micrometer-core/1.8.3/micrometer-core-1.8.3.jar:/home/ec2-user/.m2/repository/org/hdrhistogram/HdrHistogram/2.1.12/HdrHistogram-2.1.12.jar:/home/ec2-user/.m2/repository/org/latencyutils/LatencyUtils/2.0.3/LatencyUtils-2.0.3.jar:/home/ec2-user/.m2/repository/org/glassfish/jakarta.json/1.1.6/jakarta.json-1.1.6.jar:/home/ec2-user/.m2/repository/io/quarkus/quarkus-micrometer-registry-prometheus/2.10.0.Final/quarkus-micrometer-registry-prometheus-2.10.0.Final.jar:/home/ec2-user/.m2/repository/io/micrometer/micrometer-registry-prometheus/1.9.0/micrometer-registry-prometheus-1.9.0.jar:/home/ec2-user/.m2/repository/io/prometheus/simpleclient_common/0.15.0/simpleclient_common-0.15.0.jar:/home/ec2-user/.m2/repository/io/prometheus/simpleclient/0.15.0/simpleclient-0.15.0.jar:/home/ec2-user/.m2/repository/io/prometheus/simpleclient_tracer_otel/0.15.0/simpleclient_tracer_otel-0.15.0.jar:/home/ec2-user/.m2/repository/io/prometheus/simpleclient_tracer_common/0.15.0/simpleclient_tracer_common-0.15.0.jar:/home/ec2-user/.m2/repository/io/prometheus/simpleclient_tracer_otel_agent/0.15.0/simpleclient_tracer_otel_agent-0.15.0.jar:/home/ec2-user/.m2/repository/io/quarkus/quarkus-resteasy/2.7.2.Final/quarkus-resteasy-2.7.2.Final.jar:/home/ec2-user/.m2/repository/io/quarkus/quarkus-resteasy-server-common/2.7.2.Final/quarkus-resteasy-server-common-2.7.2.Final.jar:/home/ec2-user/.m2/repository/io/quarkus/quarkus-resteasy-common/2.7.2.Final/quarkus-resteasy-common-2.7.2.Final.jar:/home/ec2-user/.m2/repository/org/jboss/resteasy/resteasy-core/4.7.5.Final/resteasy-core-4.7.5.Final.jar:/home/ec2-user/.m2/repository/org/jboss/spec/javax/annotation/jboss-annotations-api_1.3_spec/2.0.1.Final/jboss-annotations-api_1.3_spec-2.0.1.Final.jar:/home/ec2-user/.m2/repository/org/jboss/spec/javax/ws/rs/jboss-jaxrs-api_2.1_spec/2.0.1.Final/jboss-jaxrs-api_2.1_spec-2.0.1.Final.jar:/home/ec2-user/.m2/repository/org/jboss/resteasy/resteasy-core-spi/4.7.5.Final/resteasy-core-spi-4.7.5.Final.jar:/home/ec2-user/.m2/repository/com/ibm/async/asyncutil/0.1.0/asyncutil-0.1.0.jar:/home/ec2-user/.m2/repository/com/sun/activation/jakarta.activation/1.2.1/jakarta.activation-1.2.1.jar:/home/ec2-user/.m2/repository/jakarta/validation/jakarta.validation-api/2.0.2/jakarta.validation-api-2.0.2.jar:/home/ec2-user/.m2/repository/io/debezium/debezium-api/1.9.5.Final/debezium-api-1.9.5.Final.jar:/home/ec2-user/.m2/repository/com/yugabyte/cdcsdk-engine/1.0.0.RC1/cdcsdk-engine-1.0.0.RC1.jar:/home/ec2-user/.m2/repository/io/debezium/debezium-core/1.9.5.Final/debezium-core-1.9.5.Final.jar:/home/ec2-user/.m2/repository/org/apache/kafka/connect-api/3.2.0/connect-api-3.2.0.jar:/home/ec2-user/.m2/repository/javax/ws/rs/javax.ws.rs-api/2.1.1/javax.ws.rs-api-2.1.1.jar:/home/ec2-user/.m2/repository/org/apache/kafka/connect-runtime/3.2.0/connect-runtime-3.2.0.jar:/home/ec2-user/.m2/repository/org/apache/kafka/connect-transforms/3.2.0/connect-transforms-3.2.0.jar:/home/ec2-user/.m2/repository/org/apache/kafka/kafka-tools/3.2.0/kafka-tools-3.2.0.jar:/home/ec2-user/.m2/repository/org/apache/kafka/kafka-log4j-appender/3.2.0/kafka-log4j-appender-3.2.0.jar:/home/ec2-user/.m2/repository/org/slf4j/slf4j-reload4j/1.7.36/slf4j-reload4j-1.7.36.jar:/home/ec2-user/.m2/repository/net/sourceforge/argparse4j/argparse4j/0.7.0/argparse4j-0.7.0.jar:/home/ec2-user/.m2/repository/ch/qos/reload4j/reload4j/1.2.19/reload4j-1.2.19.jar:/home/ec2-user/.m2/repository/org/bitbucket/b_c/jose4j/0.7.9/jose4j-0.7.9.jar:/home/ec2-user/.m2/repository/com/fasterxml/jackson/jaxrs/jackson-jaxrs-json-provider/2.12.6/jackson-jaxrs-json-provider-2.12.6.jar:/home/ec2-user/.m2/repository/com/fasterxml/jackson/jaxrs/jackson-jaxrs-base/2.12.6/jackson-jaxrs-base-2.12.6.jar:/home/ec2-user/.m2/repository/com/fasterxml/jackson/module/jackson-module-jaxb-annotations/2.12.6/jackson-module-jaxb-annotations-2.12.6.jar:/home/ec2-user/.m2/repository/jakarta/xml/bind/jakarta.xml.bind-api/2.3.2/jakarta.xml.bind-api-2.3.2.jar:/home/ec2-user/.m2/repository/jakarta/activation/jakarta.activation-api/1.2.1/jakarta.activation-api-1.2.1.jar:/home/ec2-user/.m2/repository/org/glassfish/jersey/containers/jersey-container-servlet/2.34/jersey-container-servlet-2.34.jar:/home/ec2-user/.m2/repository/org/glassfish/jersey/containers/jersey-container-servlet-core/2.34/jersey-container-servlet-core-2.34.jar:/home/ec2-user/.m2/repository/org/glassfish/hk2/external/jakarta.inject/2.6.1/jakarta.inject-2.6.1.jar:/home/ec2-user/.m2/repository/org/glassfish/jersey/core/jersey-common/2.34/jersey-common-2.34.jar:/home/ec2-user/.m2/repository/org/glassfish/hk2/osgi-resource-locator/1.0.3/osgi-resource-locator-1.0.3.jar:/home/ec2-user/.m2/repository/org/glassfish/jersey/core/jersey-server/2.34/jersey-server-2.34.jar:/home/ec2-user/.m2/repository/org/glassfish/jersey/core/jersey-client/2.34/jersey-client-2.34.jar:/home/ec2-user/.m2/repository/jakarta/ws/rs/jakarta.ws.rs-api/2.1.6/jakarta.ws.rs-api-2.1.6.jar:/home/ec2-user/.m2/repository/org/glassfish/jersey/inject/jersey-hk2/2.34/jersey-hk2-2.34.jar:/home/ec2-user/.m2/repository/org/glassfish/hk2/hk2-locator/2.6.1/hk2-locator-2.6.1.jar:/home/ec2-user/.m2/repository/org/glassfish/hk2/external/aopalliance-repackaged/2.6.1/aopalliance-repackaged-2.6.1.jar:/home/ec2-user/.m2/repository/org/glassfish/hk2/hk2-api/2.6.1/hk2-api-2.6.1.jar:/home/ec2-user/.m2/repository/org/glassfish/hk2/hk2-utils/2.6.1/hk2-utils-2.6.1.jar:/home/ec2-user/.m2/repository/org/javassist/javassist/3.25.0-GA/javassist-3.25.0-GA.jar:/home/ec2-user/.m2/repository/javax/xml/bind/jaxb-api/2.3.0/jaxb-api-2.3.0.jar:/home/ec2-user/.m2/repository/javax/activation/activation/1.1.1/activation-1.1.1.jar:/home/ec2-user/.m2/repository/org/eclipse/jetty/jetty-server/9.4.44.v20210927/jetty-server-9.4.44.v20210927.jar:/home/ec2-user/.m2/repository/javax/servlet/javax.servlet-api/3.1.0/javax.servlet-api-3.1.0.jar:/home/ec2-user/.m2/repository/org/eclipse/jetty/jetty-http/9.4.44.v20210927/jetty-http-9.4.44.v20210927.jar:/home/ec2-user/.m2/repository/org/eclipse/jetty/jetty-io/9.4.44.v20210927/jetty-io-9.4.44.v20210927.jar:/home/ec2-user/.m2/repository/org/eclipse/jetty/jetty-servlet/9.4.44.v20210927/jetty-servlet-9.4.44.v20210927.jar:/home/ec2-user/.m2/repository/org/eclipse/jetty/jetty-security/9.4.44.v20210927/jetty-security-9.4.44.v20210927.jar:/home/ec2-user/.m2/repository/org/eclipse/jetty/jetty-util-ajax/9.4.44.v20210927/jetty-util-ajax-9.4.44.v20210927.jar:/home/ec2-user/.m2/repository/org/eclipse/jetty/jetty-servlets/9.4.44.v20210927/jetty-servlets-9.4.44.v20210927.jar:/home/ec2-user/.m2/repository/org/eclipse/jetty/jetty-continuation/9.4.44.v20210927/jetty-continuation-9.4.44.v20210927.jar:/home/ec2-user/.m2/repository/org/eclipse/jetty/jetty-util/9.4.44.v20210927/jetty-util-9.4.44.v20210927.jar:/home/ec2-user/.m2/repository/org/eclipse/jetty/jetty-client/9.4.44.v20210927/jetty-client-9.4.44.v20210927.jar:/home/ec2-user/.m2/repository/org/reflections/reflections/0.9.12/reflections-0.9.12.jar:/home/ec2-user/.m2/repository/org/apache/maven/maven-artifact/3.8.4/maven-artifact-3.8.4.jar:/home/ec2-user/.m2/repository/org/codehaus/plexus/plexus-utils/3.3.0/plexus-utils-3.3.0.jar:/home/ec2-user/.m2/repository/org/apache/kafka/connect-json/3.2.0/connect-json-3.2.0.jar:/home/ec2-user/.m2/repository/com/fasterxml/jackson/datatype/jackson-datatype-jdk8/2.12.6/jackson-datatype-jdk8-2.12.6.jar:/home/ec2-user/.m2/repository/org/apache/kafka/connect-file/3.2.0/connect-file-3.2.0.jar:/home/ec2-user/.m2/repository/io/apicurio/apicurio-registry-utils-converter/2.1.5.Final/apicurio-registry-utils-converter-2.1.5.Final.jar:/home/ec2-user/.m2/repository/io/apicurio/apicurio-registry-serdes-avro-serde/2.1.5.Final/apicurio-registry-serdes-avro-serde-2.1.5.Final.jar:/home/ec2-user/.m2/repository/io/apicurio/apicurio-registry-serde-common/2.1.5.Final/apicurio-registry-serde-common-2.1.5.Final.jar:/home/ec2-user/.m2/repository/io/apicurio/apicurio-registry-client/2.1.5.Final/apicurio-registry-client-2.1.5.Final.jar:/home/ec2-user/.m2/repository/io/apicurio/apicurio-registry-common/2.1.5.Final/apicurio-registry-common-2.1.5.Final.jar:/home/ec2-user/.m2/repository/io/apicurio/apicurio-common-rest-client-jdk/0.1.5.Final/apicurio-common-rest-client-jdk-0.1.5.Final.jar:/home/ec2-user/.m2/repository/io/apicurio/apicurio-common-rest-client-common/0.1.5.Final/apicurio-common-rest-client-common-0.1.5.Final.jar:/home/ec2-user/.m2/repository/org/apache/avro/avro/1.11.0/avro-1.11.0.jar:/home/ec2-user/.m2/repository/io/apicurio/apicurio-registry-serdes-jsonschema-serde/2.1.5.Final/apicurio-registry-serdes-jsonschema-serde-2.1.5.Final.jar:/home/ec2-user/.m2/repository/com/networknt/json-schema-validator/1.0.64/json-schema-validator-1.0.64.jar:/home/ec2-user/.m2/repository/io/quarkus/quarkus-resteasy-jackson/2.7.2.Final/quarkus-resteasy-jackson-2.7.2.Final.jar:/home/ec2-user/.m2/repository/io/quarkus/quarkus-jackson/2.7.2.Final/quarkus-jackson-2.7.2.Final.jar:/home/ec2-user/.m2/repository/com/fasterxml/jackson/module/jackson-module-parameter-names/2.13.1/jackson-module-parameter-names-2.13.1.jar:/home/ec2-user/.m2/repository/org/jboss/resteasy/resteasy-jackson2-provider/4.7.5.Final/resteasy-jackson2-provider-4.7.5.Final.jar:/home/ec2-user/.m2/repository/com/github/java-json-tools/json-patch/1.13/json-patch-1.13.jar:/home/ec2-user/.m2/repository/com/github/java-json-tools/msg-simple/1.2/msg-simple-1.2.jar:/home/ec2-user/.m2/repository/com/github/java-json-tools/btf/1.3/btf-1.3.jar:/home/ec2-user/.m2/repository/com/github/java-json-tools/jackson-coreutils/2.0/jackson-coreutils-2.0.jar:/home/ec2-user/.m2/repository/org/jboss/spec/javax/xml/bind/jboss-jaxb-api_2.3_spec/2.0.0.Final/jboss-jaxb-api_2.3_spec-2.0.0.Final.jar:/home/ec2-user/.m2/repository/commons-logging/commons-logging/1.2/commons-logging-1.2.jar:/home/ec2-user/.m2/repository/com/yugabyte/cdcsdk-server-s3/1.0.0.RC1/cdcsdk-server-s3-1.0.0.RC1.jar:/home/ec2-user/.m2/repository/commons-io/commons-io/2.11.0/commons-io-2.11.0.jar:/home/ec2-user/.m2/repository/joda-time/joda-time/2.9.6/joda-time-2.9.6.jar:/home/ec2-user/.m2/repository/com/amazonaws/aws-java-sdk-s3/1.11.1015/aws-java-sdk-s3-1.11.1015.jar:/home/ec2-user/.m2/repository/com/amazonaws/jmespath-java/1.11.1015/jmespath-java-1.11.1015.jar:/home/ec2-user/.m2/repository/com/github/spotbugs/spotbugs-annotations/4.2.0/spotbugs-annotations-4.2.0.jar:/home/ec2-user/.m2/repository/org/apache/commons/commons-lang3/3.12.0/commons-lang3-3.12.0.jar:/home/ec2-user/.m2/repository/xerces/xercesImpl/2.12.2/xercesImpl-2.12.2.jar:/home/ec2-user/.m2/repository/xml-apis/xml-apis/1.4.01/xml-apis-1.4.01.jar:/home/ec2-user/.m2/repository/org/yb/yb-client/0.8.34-SNAPSHOT/yb-client-0.8.34-SNAPSHOT.jar:/home/ec2-user/.m2/repository/org/bouncycastle/bcpkix-jdk15on/1.69/bcpkix-jdk15on-1.69.jar:/home/ec2-user/.m2/repository/org/bouncycastle/bcprov-jdk15on/1.69/bcprov-jdk15on-1.69.jar:/home/ec2-user/.m2/repository/org/bouncycastle/bcutil-jdk15on/1.69/bcutil-jdk15on-1.69.jar:/home/ec2-user/.m2/repository/com/google/code/gson/gson/2.9.1/gson-2.9.1.jar:/home/ec2-user/.m2/repository/org/yb/interface-annotations/0.8.34-SNAPSHOT/interface-annotations-0.8.34-SNAPSHOT.jar:/home/ec2-user/.m2/repository/org/spf4j/spf4j-jdiff-maven-plugin/8.9.5/spf4j-jdiff-maven-plugin-8.9.5.jar:/home/ec2-user/.m2/repository/org/spf4j/spf4j-aether/8.9.5/spf4j-aether-8.9.5.jar:/home/ec2-user/.m2/repository/org/apache/maven/maven-aether-provider/3.3.9/maven-aether-provider-3.3.9.jar:/home/ec2-user/.m2/repository/org/eclipse/aether/aether-spi/1.0.2.v20150114/aether-spi-1.0.2.v20150114.jar:/home/ec2-user/.m2/repository/org/eclipse/aether/aether-impl/1.1.0/aether-impl-1.1.0.jar:/home/ec2-user/.m2/repository/org/eclipse/aether/aether-connector-basic/1.1.0/aether-connector-basic-1.1.0.jar:/home/ec2-user/.m2/repository/org/eclipse/aether/aether-transport-file/1.1.0/aether-transport-file-1.1.0.jar:/home/ec2-user/.m2/repository/org/eclipse/aether/aether-transport-http/1.1.0/aether-transport-http-1.1.0.jar:/home/ec2-user/.m2/repository/org/slf4j/jcl-over-slf4j/1.6.2/jcl-over-slf4j-1.6.2.jar:/home/ec2-user/.m2/repository/com/google/code/findbugs/findbugs-annotations/3.0.1/findbugs-annotations-3.0.1.jar:/home/ec2-user/.m2/repository/org/apache/maven/maven-core/3.3.9/maven-core-3.3.9.jar:/home/ec2-user/.m2/repository/org/apache/maven/maven-settings/3.3.9/maven-settings-3.3.9.jar:/home/ec2-user/.m2/repository/org/apache/maven/maven-settings-builder/3.3.9/maven-settings-builder-3.3.9.jar:/home/ec2-user/.m2/repository/org/apache/maven/maven-builder-support/3.3.9/maven-builder-support-3.3.9.jar:/home/ec2-user/.m2/repository/org/apache/maven/maven-repository-metadata/3.3.9/maven-repository-metadata-3.3.9.jar:/home/ec2-user/.m2/repository/org/apache/maven/maven-model-builder/3.3.9/maven-model-builder-3.3.9.jar:/home/ec2-user/.m2/repository/org/eclipse/aether/aether-api/1.0.2.v20150114/aether-api-1.0.2.v20150114.jar:/home/ec2-user/.m2/repository/org/eclipse/aether/aether-util/1.0.2.v20150114/aether-util-1.0.2.v20150114.jar:/home/ec2-user/.m2/repository/org/eclipse/sisu/org.eclipse.sisu.plexus/0.3.2/org.eclipse.sisu.plexus-0.3.2.jar:/home/ec2-user/.m2/repository/javax/enterprise/cdi-api/1.0/cdi-api-1.0.jar:/home/ec2-user/.m2/repository/javax/annotation/jsr250-api/1.0/jsr250-api-1.0.jar:/home/ec2-user/.m2/repository/com/google/inject/guice/4.0/guice-4.0-no_aop.jar:/home/ec2-user/.m2/repository/javax/inject/javax.inject/1/javax.inject-1.jar:/home/ec2-user/.m2/repository/aopalliance/aopalliance/1.0/aopalliance-1.0.jar:/home/ec2-user/.m2/repository/org/codehaus/plexus/plexus-interpolation/1.21/plexus-interpolation-1.21.jar:/home/ec2-user/.m2/repository/org/codehaus/plexus/plexus-classworlds/2.5.2/plexus-classworlds-2.5.2.jar:/home/ec2-user/.m2/repository/org/codehaus/plexus/plexus-component-annotations/1.6/plexus-component-annotations-1.6.jar:/home/ec2-user/.m2/repository/org/sonatype/plexus/plexus-sec-dispatcher/1.3/plexus-sec-dispatcher-1.3.jar:/home/ec2-user/.m2/repository/org/sonatype/plexus/plexus-cipher/1.4/plexus-cipher-1.4.jar:/home/ec2-user/.m2/repository/org/apache/maven/maven-model/3.3.9/maven-model-3.3.9.jar:/home/ec2-user/.m2/repository/org/apache/maven/maven-plugin-api/3.3.9/maven-plugin-api-3.3.9.jar:/home/ec2-user/.m2/repository/org/apache/maven/reporting/maven-reporting-impl/3.0.0/maven-reporting-impl-3.0.0.jar:/home/ec2-user/.m2/repository/org/apache/maven/reporting/maven-reporting-api/3.0/maven-reporting-api-3.0.jar:/home/ec2-user/.m2/repository/org/apache/maven/shared/maven-shared-utils/3.2.0/maven-shared-utils-3.2.0.jar:/home/ec2-user/.m2/repository/org/apache/maven/doxia/doxia-sink-api/1.7/doxia-sink-api-1.7.jar:/home/ec2-user/.m2/repository/org/apache/maven/doxia/doxia-logging-api/1.7/doxia-logging-api-1.7.jar:/home/ec2-user/.m2/repository/org/apache/maven/doxia/doxia-decoration-model/1.7.4/doxia-decoration-model-1.7.4.jar:/home/ec2-user/.m2/repository/org/apache/maven/doxia/doxia-core/1.7/doxia-core-1.7.jar:/home/ec2-user/.m2/repository/org/codehaus/plexus/plexus-container-default/1.0-alpha-30/plexus-container-default-1.0-alpha-30.jar:/home/ec2-user/.m2/repository/commons-lang/commons-lang/2.4/commons-lang-2.4.jar:/home/ec2-user/.m2/repository/xmlunit/xmlunit/1.5/xmlunit-1.5.jar:/home/ec2-user/.m2/repository/org/apache/maven/doxia/doxia-site-renderer/1.7.4/doxia-site-renderer-1.7.4.jar:/home/ec2-user/.m2/repository/org/apache/maven/doxia/doxia-skin-model/1.7.4/doxia-skin-model-1.7.4.jar:/home/ec2-user/.m2/repository/org/apache/maven/doxia/doxia-module-xhtml/1.7/doxia-module-xhtml-1.7.jar:/home/ec2-user/.m2/repository/org/codehaus/plexus/plexus-i18n/1.0-beta-7/plexus-i18n-1.0-beta-7.jar:/home/ec2-user/.m2/repository/org/codehaus/plexus/plexus-velocity/1.2/plexus-velocity-1.2.jar:/home/ec2-user/.m2/repository/org/apache/velocity/velocity/1.7/velocity-1.7.jar:/home/ec2-user/.m2/repository/org/apache/velocity/velocity-tools/2.0/velocity-tools-2.0.jar:/home/ec2-user/.m2/repository/commons-beanutils/commons-beanutils/1.7.0/commons-beanutils-1.7.0.jar:/home/ec2-user/.m2/repository/commons-digester/commons-digester/1.8/commons-digester-1.8.jar:/home/ec2-user/.m2/repository/commons-chain/commons-chain/1.1/commons-chain-1.1.jar:/home/ec2-user/.m2/repository/commons-validator/commons-validator/1.3.1/commons-validator-1.3.1.jar:/home/ec2-user/.m2/repository/dom4j/dom4j/1.1/dom4j-1.1.jar:/home/ec2-user/.m2/repository/oro/oro/2.0.8/oro-2.0.8.jar:/home/ec2-user/.m2/repository/sslext/sslext/1.2-0/sslext-1.2-0.jar:/home/ec2-user/.m2/repository/org/apache/struts/struts-core/1.3.8/struts-core-1.3.8.jar:/home/ec2-user/.m2/repository/antlr/antlr/2.7.2/antlr-2.7.2.jar:/home/ec2-user/.m2/repository/org/apache/struts/struts-taglib/1.3.8/struts-taglib-1.3.8.jar:/home/ec2-user/.m2/repository/org/apache/struts/struts-tiles/1.3.8/struts-tiles-1.3.8.jar:/home/ec2-user/.m2/repository/commons-collections/commons-collections/3.2.1/commons-collections-3.2.1.jar:/home/ec2-user/.m2/repository/jdiff/jdiff/1.0.9/jdiff-1.0.9.jar:/home/ec2-user/.m2/repository/com/google/protobuf/protobuf-java/3.21.7/protobuf-java-3.21.7.jar:/home/ec2-user/.m2/repository/com/google/guava/guava/31.1-jre/guava-31.1-jre.jar:/home/ec2-user/.m2/repository/io/netty/netty-all/4.1.80.Final/netty-all-4.1.80.Final.jar:/home/ec2-user/.m2/repository/io/netty/netty-buffer/4.1.80.Final/netty-buffer-4.1.80.Final.jar:/home/ec2-user/.m2/repository/io/netty/netty-codec/4.1.80.Final/netty-codec-4.1.80.Final.jar:/home/ec2-user/.m2/repository/io/netty/netty-codec-dns/4.1.80.Final/netty-codec-dns-4.1.80.Final.jar:/home/ec2-user/.m2/repository/io/netty/netty-codec-haproxy/4.1.80.Final/netty-codec-haproxy-4.1.80.Final.jar:/home/ec2-user/.m2/repository/io/netty/netty-codec-http/4.1.80.Final/netty-codec-http-4.1.80.Final.jar:/home/ec2-user/.m2/repository/io/netty/netty-codec-http2/4.1.80.Final/netty-codec-http2-4.1.80.Final.jar:/home/ec2-user/.m2/repository/io/netty/netty-codec-memcache/4.1.80.Final/netty-codec-memcache-4.1.80.Final.jar:/home/ec2-user/.m2/repository/io/netty/netty-codec-mqtt/4.1.80.Final/netty-codec-mqtt-4.1.80.Final.jar:/home/ec2-user/.m2/repository/io/netty/netty-codec-redis/4.1.80.Final/netty-codec-redis-4.1.80.Final.jar:/home/ec2-user/.m2/repository/io/netty/netty-codec-smtp/4.1.80.Final/netty-codec-smtp-4.1.80.Final.jar:/home/ec2-user/.m2/repository/io/netty/netty-codec-socks/4.1.80.Final/netty-codec-socks-4.1.80.Final.jar:/home/ec2-user/.m2/repository/io/netty/netty-codec-stomp/4.1.80.Final/netty-codec-stomp-4.1.80.Final.jar:/home/ec2-user/.m2/repository/io/netty/netty-codec-xml/4.1.80.Final/netty-codec-xml-4.1.80.Final.jar:/home/ec2-user/.m2/repository/io/netty/netty-common/4.1.80.Final/netty-common-4.1.80.Final.jar:/home/ec2-user/.m2/repository/io/netty/netty-handler/4.1.80.Final/netty-handler-4.1.80.Final.jar:/home/ec2-user/.m2/repository/io/netty/netty-transport-native-unix-common/4.1.80.Final/netty-transport-native-unix-common-4.1.80.Final.jar:/home/ec2-user/.m2/repository/io/netty/netty-handler-proxy/4.1.80.Final/netty-handler-proxy-4.1.80.Final.jar:/home/ec2-user/.m2/repository/io/netty/netty-resolver/4.1.80.Final/netty-resolver-4.1.80.Final.jar:/home/ec2-user/.m2/repository/io/netty/netty-resolver-dns/4.1.80.Final/netty-resolver-dns-4.1.80.Final.jar:/home/ec2-user/.m2/repository/io/netty/netty-transport/4.1.80.Final/netty-transport-4.1.80.Final.jar:/home/ec2-user/.m2/repository/io/netty/netty-transport-rxtx/4.1.80.Final/netty-transport-rxtx-4.1.80.Final.jar:/home/ec2-user/.m2/repository/io/netty/netty-transport-sctp/4.1.80.Final/netty-transport-sctp-4.1.80.Final.jar:/home/ec2-user/.m2/repository/io/netty/netty-transport-udt/4.1.80.Final/netty-transport-udt-4.1.80.Final.jar:/home/ec2-user/.m2/repository/io/netty/netty-transport-classes-epoll/4.1.80.Final/netty-transport-classes-epoll-4.1.80.Final.jar:/home/ec2-user/.m2/repository/io/netty/netty-transport-classes-kqueue/4.1.80.Final/netty-transport-classes-kqueue-4.1.80.Final.jar:/home/ec2-user/.m2/repository/io/netty/netty-resolver-dns-classes-macos/4.1.80.Final/netty-resolver-dns-classes-macos-4.1.80.Final.jar:/home/ec2-user/.m2/repository/io/netty/netty-transport-native-epoll/4.1.80.Final/netty-transport-native-epoll-4.1.80.Final-linux-x86_64.jar:/home/ec2-user/.m2/repository/io/netty/netty-transport-native-epoll/4.1.80.Final/netty-transport-native-epoll-4.1.80.Final-linux-aarch_64.jar:/home/ec2-user/.m2/repository/io/netty/netty-transport-native-kqueue/4.1.80.Final/netty-transport-native-kqueue-4.1.80.Final-osx-x86_64.jar:/home/ec2-user/.m2/repository/io/netty/netty-transport-native-kqueue/4.1.80.Final/netty-transport-native-kqueue-4.1.80.Final-osx-aarch_64.jar:/home/ec2-user/.m2/repository/io/netty/netty-resolver-dns-native-macos/4.1.80.Final/netty-resolver-dns-native-macos-4.1.80.Final-osx-x86_64.jar:/home/ec2-user/.m2/repository/io/netty/netty-resolver-dns-native-macos/4.1.80.Final/netty-resolver-dns-native-macos-4.1.80.Final-osx-aarch_64.jar:/home/ec2-user/.m2/repository/com/stumbleupon/async/1.4.1/async-1.4.1.jar:/home/ec2-user/.m2/repository/com/sangupta/murmur/1.0.0/murmur-1.0.0.jar:/home/ec2-user/.m2/repository/org/postgresql/postgresql/42.5.0/postgresql-42.5.0.jar:/home/ec2-user/.m2/repository/com/google/code/findbugs/jsr305/3.0.1/jsr305-3.0.1.jar:/home/ec2-user/.m2/repository/org/yb/yb-client/0.8.34-SNAPSHOT/yb-client-0.8.34-SNAPSHOT-tests.jar:/home/ec2-user/.m2/repository/org/slf4j/slf4j-api/1.7.36/slf4j-api-1.7.36.jar:/home/ec2-user/.m2/repository/org/junit/jupiter/junit-jupiter-engine/5.8.1/junit-jupiter-engine-5.8.1.jar:/home/ec2-user/.m2/repository/org/junit/platform/junit-platform-engine/1.8.1/junit-platform-engine-1.8.1.jar:/home/ec2-user/.m2/repository/org/apiguardian/apiguardian-api/1.1.2/apiguardian-api-1.1.2.jar:/home/ec2-user/.m2/repository/org/junit/jupiter/junit-jupiter-api/5.8.1/junit-jupiter-api-5.8.1.jar:/home/ec2-user/.m2/repository/org/opentest4j/opentest4j/1.2.0/opentest4j-1.2.0.jar:/home/ec2-user/.m2/repository/org/junit/platform/junit-platform-commons/1.8.1/junit-platform-commons-1.8.1.jar:/home/ec2-user/.m2/repository/com/yugabyte/jdbc-yugabytedb/42.3.0-beta.1/jdbc-yugabytedb-42.3.0-beta.1.jar:/home/ec2-user/.m2/repository/org/checkerframework/checker-qual/3.5.0/checker-qual-3.5.0.jar:/home/ec2-user/.m2/repository/com/yugabyte/cdcsdk-server-core/1.0.0.RC1/cdcsdk-server-core-1.0.0.RC1-tests.jar:/home/ec2-user/.m2/repository/com/yugabyte/cdcsdk-server-s3/1.0.0.RC1/cdcsdk-server-s3-1.0.0.RC1-tests.jar:/home/ec2-user/.m2/repository/com/yugabyte/testcontainers-yugabytedb/1.0.0-beta-3/testcontainers-yugabytedb-1.0.0-beta-3.jar:/home/ec2-user/.m2/repository/org/testcontainers/jdbc/1.16.0/jdbc-1.16.0.jar:/home/ec2-user/.m2/repository/org/testcontainers/database-commons/1.16.0/database-commons-1.16.0.jar:/home/ec2-user/.m2/repository/org/testcontainers/kafka/1.17.3/kafka-1.17.3.jar:/home/ec2-user/.m2/repository/org/testcontainers/testcontainers/1.17.3/testcontainers-1.17.3.jar:/home/ec2-user/.m2/repository/junit/junit/4.13.2/junit-4.13.2.jar:/home/ec2-user/.m2/repository/org/hamcrest/hamcrest-core/1.3/hamcrest-core-1.3.jar:/home/ec2-user/.m2/repository/org/apache/commons/commons-compress/1.21/commons-compress-1.21.jar:/home/ec2-user/.m2/repository/org/rnorth/duct-tape/duct-tape/1.0.8/duct-tape-1.0.8.jar:/home/ec2-user/.m2/repository/org/jetbrains/annotations/17.0.0/annotations-17.0.0.jar:/home/ec2-user/.m2/repository/com/github/docker-java/docker-java-api/3.2.13/docker-java-api-3.2.13.jar:/home/ec2-user/.m2/repository/com/github/docker-java/docker-java-transport-zerodep/3.2.13/docker-java-transport-zerodep-3.2.13.jar:/home/ec2-user/.m2/repository/com/github/docker-java/docker-java-transport/3.2.13/docker-java-transport-3.2.13.jar:/home/ec2-user/.m2/repository/net/java/dev/jna/jna/5.8.0/jna-5.8.0.jar:/home/ec2-user/.m2/repository/org/testcontainers/elasticsearch/1.17.3/elasticsearch-1.17.3.jar:/home/ec2-user/.m2/repository/org/testcontainers/postgresql/1.17.3/postgresql-1.17.3.jar:/home/ec2-user/.m2/repository/io/debezium/debezium-testing-testcontainers/1.9.5.Final/debezium-testing-testcontainers-1.9.5.Final.jar:/home/ec2-user/.m2/repository/com/squareup/okhttp3/okhttp/4.8.1/okhttp-4.8.1.jar:/home/ec2-user/.m2/repository/com/squareup/okio/okio/2.7.0/okio-2.7.0.jar:/home/ec2-user/.m2/repository/org/jetbrains/kotlin/kotlin-stdlib-common/1.3.70/kotlin-stdlib-common-1.3.70.jar:/home/ec2-user/.m2/repository/org/jetbrains/kotlin/kotlin-stdlib/1.3.72/kotlin-stdlib-1.3.72.jar:/home/ec2-user/.m2/repository/com/fasterxml/jackson/core/jackson-core/2.13.2/jackson-core-2.13.2.jar:/home/ec2-user/.m2/repository/com/fasterxml/jackson/core/jackson-databind/2.13.2.2/jackson-databind-2.13.2.2.jar:/home/ec2-user/.m2/repository/org/testcontainers/mongodb/1.16.1/mongodb-1.16.1.jar:/home/ec2-user/.m2/repository/io/debezium/debezium-core/1.9.5.Final/debezium-core-1.9.5.Final-tests.jar:/home/ec2-user/.m2/repository/com/fasterxml/jackson/datatype/jackson-datatype-jsr310/2.13.2/jackson-datatype-jsr310-2.13.2.jar:/home/ec2-user/.m2/repository/io/quarkus/quarkus-test-common/2.7.2.Final/quarkus-test-common-2.7.2.Final.jar:/home/ec2-user/.m2/repository/io/quarkus/quarkus-core-deployment/2.7.2.Final/quarkus-core-deployment-2.7.2.Final.jar:/home/ec2-user/.m2/repository/org/aesh/readline/2.2/readline-2.2.jar:/home/ec2-user/.m2/repository/org/fusesource/jansi/jansi/1.18/jansi-1.18.jar:/home/ec2-user/.m2/repository/org/aesh/aesh/2.6/aesh-2.6.jar:/home/ec2-user/.m2/repository/io/quarkus/gizmo/gizmo/1.0.10.Final/gizmo-1.0.10.Final.jar:/home/ec2-user/.m2/repository/org/ow2/asm/asm-util/9.2/asm-util-9.2.jar:/home/ec2-user/.m2/repository/org/ow2/asm/asm/9.2/asm-9.2.jar:/home/ec2-user/.m2/repository/org/ow2/asm/asm-commons/9.2/asm-commons-9.2.jar:/home/ec2-user/.m2/repository/org/ow2/asm/asm-tree/9.2/asm-tree-9.2.jar:/home/ec2-user/.m2/repository/org/ow2/asm/asm-analysis/9.2/asm-analysis-9.2.jar:/home/ec2-user/.m2/repository/io/quarkus/quarkus-class-change-agent/2.7.2.Final/quarkus-class-change-agent-2.7.2.Final.jar:/home/ec2-user/.m2/repository/io/quarkus/quarkus-bootstrap-core/2.7.2.Final/quarkus-bootstrap-core-2.7.2.Final.jar:/home/ec2-user/.m2/repository/io/quarkus/quarkus-bootstrap-app-model/2.7.2.Final/quarkus-bootstrap-app-model-2.7.2.Final.jar:/home/ec2-user/.m2/repository/io/quarkus/quarkus-bootstrap-maven-resolver/2.7.2.Final/quarkus-bootstrap-maven-resolver-2.7.2.Final.jar:/home/ec2-user/.m2/repository/org/apache/maven/maven-embedder/3.8.4/maven-embedder-3.8.4.jar:/home/ec2-user/.m2/repository/org/apache/maven/resolver/maven-resolver-api/1.6.3/maven-resolver-api-1.6.3.jar:/home/ec2-user/.m2/repository/org/apache/maven/resolver/maven-resolver-util/1.6.3/maven-resolver-util-1.6.3.jar:/home/ec2-user/.m2/repository/org/codehaus/plexus/plexus-sec-dispatcher/2.0/plexus-sec-dispatcher-2.0.jar:/home/ec2-user/.m2/repository/org/codehaus/plexus/plexus-cipher/2.0/plexus-cipher-2.0.jar:/home/ec2-user/.m2/repository/commons-cli/commons-cli/1.4/commons-cli-1.4.jar:/home/ec2-user/.m2/repository/org/apache/maven/maven-resolver-provider/3.8.4/maven-resolver-provider-3.8.4.jar:/home/ec2-user/.m2/repository/org/apache/maven/resolver/maven-resolver-spi/1.6.3/maven-resolver-spi-1.6.3.jar:/home/ec2-user/.m2/repository/org/apache/maven/resolver/maven-resolver-impl/1.6.3/maven-resolver-impl-1.6.3.jar:/home/ec2-user/.m2/repository/org/apache/maven/resolver/maven-resolver-connector-basic/1.6.3/maven-resolver-connector-basic-1.6.3.jar:/home/ec2-user/.m2/repository/org/apache/maven/resolver/maven-resolver-transport-wagon/1.6.3/maven-resolver-transport-wagon-1.6.3.jar:/home/ec2-user/.m2/repository/org/apache/maven/wagon/wagon-http/3.4.3/wagon-http-3.4.3.jar:/home/ec2-user/.m2/repository/org/apache/maven/wagon/wagon-http-shared/3.4.3/wagon-http-shared-3.4.3.jar:/home/ec2-user/.m2/repository/org/jsoup/jsoup/1.12.1/jsoup-1.12.1.jar:/home/ec2-user/.m2/repository/org/apache/maven/wagon/wagon-provider-api/3.4.3/wagon-provider-api-3.4.3.jar:/home/ec2-user/.m2/repository/org/apache/maven/wagon/wagon-file/3.4.3/wagon-file-3.4.3.jar:/home/ec2-user/.m2/repository/io/quarkus/quarkus-bootstrap-gradle-resolver/2.7.2.Final/quarkus-bootstrap-gradle-resolver-2.7.2.Final.jar:/home/ec2-user/.m2/repository/io/quarkus/quarkus-devtools-utilities/2.7.2.Final/quarkus-devtools-utilities-2.7.2.Final.jar:/home/ec2-user/.m2/repository/org/eclipse/sisu/org.eclipse.sisu.inject/0.3.5/org.eclipse.sisu.inject-0.3.5.jar:/home/ec2-user/.m2/repository/io/quarkus/quarkus-builder/2.7.2.Final/quarkus-builder-2.7.2.Final.jar:/home/ec2-user/.m2/repository/org/junit/platform/junit-platform-launcher/1.8.2/junit-platform-launcher-1.8.2.jar:/home/ec2-user/.m2/repository/org/junit/jupiter/junit-jupiter/5.8.2/junit-jupiter-5.8.2.jar:/home/ec2-user/.m2/repository/io/quarkus/quarkus-jsonp-deployment/2.7.2.Final/quarkus-jsonp-deployment-2.7.2.Final.jar:/home/ec2-user/.m2/repository/org/jboss/jandex/2.4.2.Final/jandex-2.4.2.Final.jar:/home/ec2-user/.m2/repository/org/jboss/logging/commons-logging-jboss-logging/1.0.0.Final/commons-logging-jboss-logging-1.0.0.Final.jar:/home/ec2-user/.m2/repository/com/zaxxer/HikariCP/5.0.1/HikariCP-5.0.1.jar:/home/ec2-user/.m2/repository/org/awaitility/awaitility/4.2.0/awaitility-4.2.0.jar:/home/ec2-user/.m2/repository/org/hamcrest/hamcrest/2.1/hamcrest-2.1.jar:/home/ec2-user/.m2/repository/org/elasticsearch/client/elasticsearch-rest-client/8.3.2/elasticsearch-rest-client-8.3.2.jar:/home/ec2-user/.m2/repository/org/apache/httpcomponents/httpclient/4.5.10/httpclient-4.5.10.jar:/home/ec2-user/.m2/repository/org/apache/httpcomponents/httpcore/4.4.12/httpcore-4.4.12.jar:/home/ec2-user/.m2/repository/org/apache/httpcomponents/httpasyncclient/4.1.4/httpasyncclient-4.1.4.jar:/home/ec2-user/.m2/repository/org/apache/httpcomponents/httpcore-nio/4.4.12/httpcore-nio-4.4.12.jar:/home/ec2-user/.m2/repository/commons-codec/commons-codec/1.14/commons-codec-1.14.jar:/home/ec2-user/.m2/repository/org/json/json/20220320/json-20220320.jar:/home/ec2-user/.m2/repository/org/apache/kafka/kafka-clients/3.2.0/kafka-clients-3.2.0.jar:/home/ec2-user/.m2/repository/com/github/luben/zstd-jni/1.5.2-1/zstd-jni-1.5.2-1.jar:/home/ec2-user/.m2/repository/org/lz4/lz4-java/1.8.0/lz4-java-1.8.0.jar:/home/ec2-user/.m2/repository/org/xerial/snappy/snappy-java/1.1.8.4/snappy-java-1.1.8.4.jar:/home/ec2-user/.m2/repository/org/junit/jupiter/junit-jupiter-params/5.8.1/junit-jupiter-params-5.8.1.jar:/home/ec2-user/.m2/repository/com/google/cloud/google-cloud-pubsub/1.120.20/google-cloud-pubsub-1.120.20.jar:/home/ec2-user/.m2/repository/io/grpc/grpc-api/1.49.2/grpc-api-1.49.2.jar:/home/ec2-user/.m2/repository/io/grpc/grpc-context/1.49.2/grpc-context-1.49.2.jar:/home/ec2-user/.m2/repository/io/grpc/grpc-stub/1.49.2/grpc-stub-1.49.2.jar:/home/ec2-user/.m2/repository/io/grpc/grpc-protobuf/1.49.2/grpc-protobuf-1.49.2.jar:/home/ec2-user/.m2/repository/io/grpc/grpc-protobuf-lite/1.49.2/grpc-protobuf-lite-1.49.2.jar:/home/ec2-user/.m2/repository/com/google/api/api-common/2.2.1/api-common-2.2.1.jar:/home/ec2-user/.m2/repository/javax/annotation/javax.annotation-api/1.3.2/javax.annotation-api-1.3.2.jar:/home/ec2-user/.m2/repository/com/google/api/grpc/proto-google-common-protos/2.9.6/proto-google-common-protos-2.9.6.jar:/home/ec2-user/.m2/repository/com/google/auth/google-auth-library-oauth2-http/1.11.0/google-auth-library-oauth2-http-1.11.0.jar:/home/ec2-user/.m2/repository/com/google/auth/google-auth-library-credentials/1.11.0/google-auth-library-credentials-1.11.0.jar:/home/ec2-user/.m2/repository/com/google/http-client/google-http-client-gson/1.42.2/google-http-client-gson-1.42.2.jar:/home/ec2-user/.m2/repository/com/google/api/grpc/proto-google-cloud-pubsub-v1/1.102.20/proto-google-cloud-pubsub-v1-1.102.20.jar:/home/ec2-user/.m2/repository/com/google/api/grpc/proto-google-iam-v1/1.6.2/proto-google-iam-v1-1.6.2.jar:/home/ec2-user/.m2/repository/com/google/guava/failureaccess/1.0.1/failureaccess-1.0.1.jar:/home/ec2-user/.m2/repository/com/google/guava/listenablefuture/9999.0-empty-to-avoid-conflict-with-guava/listenablefuture-9999.0-empty-to-avoid-conflict-with-guava.jar:/home/ec2-user/.m2/repository/com/google/j2objc/j2objc-annotations/1.3/j2objc-annotations-1.3.jar:/home/ec2-user/.m2/repository/com/google/api/gax/2.19.2/gax-2.19.2.jar:/home/ec2-user/.m2/repository/com/google/api/gax-grpc/2.19.2/gax-grpc-2.19.2.jar:/home/ec2-user/.m2/repository/io/grpc/grpc-alts/1.49.2/grpc-alts-1.49.2.jar:/home/ec2-user/.m2/repository/io/grpc/grpc-grpclb/1.49.2/grpc-grpclb-1.49.2.jar:/home/ec2-user/.m2/repository/org/conscrypt/conscrypt-openjdk-uber/2.5.2/conscrypt-openjdk-uber-2.5.2.jar:/home/ec2-user/.m2/repository/io/grpc/grpc-auth/1.49.2/grpc-auth-1.49.2.jar:/home/ec2-user/.m2/repository/io/grpc/grpc-netty-shaded/1.49.2/grpc-netty-shaded-1.49.2.jar:/home/ec2-user/.m2/repository/io/grpc/grpc-googleapis/1.49.2/grpc-googleapis-1.49.2.jar:/home/ec2-user/.m2/repository/io/grpc/grpc-xds/1.49.2/grpc-xds-1.49.2.jar:/home/ec2-user/.m2/repository/io/opencensus/opencensus-proto/0.2.0/opencensus-proto-0.2.0.jar:/home/ec2-user/.m2/repository/io/grpc/grpc-services/1.49.2/grpc-services-1.49.2.jar:/home/ec2-user/.m2/repository/com/google/re2j/re2j/1.6/re2j-1.6.jar:/home/ec2-user/.m2/repository/com/google/api/gax-httpjson/0.104.2/gax-httpjson-0.104.2.jar:/home/ec2-user/.m2/repository/com/google/protobuf/protobuf-java-util/3.21.7/protobuf-java-util-3.21.7.jar:/home/ec2-user/.m2/repository/org/threeten/threetenbp/1.6.2/threetenbp-1.6.2.jar:/home/ec2-user/.m2/repository/io/opencensus/opencensus-api/0.31.1/opencensus-api-0.31.1.jar:/home/ec2-user/.m2/repository/io/grpc/grpc-core/1.49.2/grpc-core-1.49.2.jar:/home/ec2-user/.m2/repository/com/google/android/annotations/4.1.1.4/annotations-4.1.1.4.jar:/home/ec2-user/.m2/repository/org/codehaus/mojo/animal-sniffer-annotations/1.22/animal-sniffer-annotations-1.22.jar:/home/ec2-user/.m2/repository/io/perfmark/perfmark-api/0.25.0/perfmark-api-0.25.0.jar:/home/ec2-user/.m2/repository/com/google/errorprone/error_prone_annotations/2.15.0/error_prone_annotations-2.15.0.jar:/home/ec2-user/.m2/repository/com/google/auto/value/auto-value-annotations/1.9/auto-value-annotations-1.9.jar:/home/ec2-user/.m2/repository/com/google/http-client/google-http-client/1.42.2/google-http-client-1.42.2.jar:/home/ec2-user/.m2/repository/io/opencensus/opencensus-contrib-http-util/0.31.1/opencensus-contrib-http-util-0.31.1.jar:/home/ec2-user/.m2/repository/com/amazonaws/aws-java-sdk/1.11.1015/aws-java-sdk-1.11.1015.jar:/home/ec2-user/.m2/repository/com/amazonaws/aws-java-sdk-finspacedata/1.11.1015/aws-java-sdk-finspacedata-1.11.1015.jar:/home/ec2-user/.m2/repository/com/amazonaws/aws-java-sdk-finspace/1.11.1015/aws-java-sdk-finspace-1.11.1015.jar:/home/ec2-user/.m2/repository/com/amazonaws/aws-java-sdk-nimblestudio/1.11.1015/aws-java-sdk-nimblestudio-1.11.1015.jar:/home/ec2-user/.m2/repository/com/amazonaws/aws-java-sdk-lookoutequipment/1.11.1015/aws-java-sdk-lookoutequipment-1.11.1015.jar:/home/ec2-user/.m2/repository/com/amazonaws/aws-java-sdk-mgn/1.11.1015/aws-java-sdk-mgn-1.11.1015.jar:/home/ec2-user/.m2/repository/com/amazonaws/aws-java-sdk-lookoutmetrics/1.11.1015/aws-java-sdk-lookoutmetrics-1.11.1015.jar:/home/ec2-user/.m2/repository/com/amazonaws/aws-java-sdk-fis/1.11.1015/aws-java-sdk-fis-1.11.1015.jar:/home/ec2-user/.m2/repository/com/amazonaws/aws-java-sdk-lexmodelsv2/1.11.1015/aws-java-sdk-lexmodelsv2-1.11.1015.jar:/home/ec2-user/.m2/repository/com/amazonaws/aws-java-sdk-lexruntimev2/1.11.1015/aws-java-sdk-lexruntimev2-1.11.1015.jar:/home/ec2-user/.m2/repository/com/amazonaws/aws-java-sdk-wellarchitected/1.11.1015/aws-java-sdk-wellarchitected-1.11.1015.jar:/home/ec2-user/.m2/repository/com/amazonaws/aws-java-sdk-location/1.11.1015/aws-java-sdk-location-1.11.1015.jar:/home/ec2-user/.m2/repository/com/amazonaws/aws-java-sdk-iotdeviceadvisor/1.11.1015/aws-java-sdk-iotdeviceadvisor-1.11.1015.jar:/home/ec2-user/.m2/repository/com/amazonaws/aws-java-sdk-iotfleethub/1.11.1015/aws-java-sdk-iotfleethub-1.11.1015.jar:/home/ec2-user/.m2/repository/com/amazonaws/aws-java-sdk-iotwireless/1.11.1015/aws-java-sdk-iotwireless-1.11.1015.jar:/home/ec2-user/.m2/repository/com/amazonaws/aws-java-sdk-greengrassv2/1.11.1015/aws-java-sdk-greengrassv2-1.11.1015.jar:/home/ec2-user/.m2/repository/com/amazonaws/aws-java-sdk-prometheus/1.11.1015/aws-java-sdk-prometheus-1.11.1015.jar:/home/ec2-user/.m2/repository/com/amazonaws/aws-java-sdk-auditmanager/1.11.1015/aws-java-sdk-auditmanager-1.11.1015.jar:/home/ec2-user/.m2/repository/com/amazonaws/aws-java-sdk-healthlake/1.11.1015/aws-java-sdk-healthlake-1.11.1015.jar:/home/ec2-user/.m2/repository/com/amazonaws/aws-java-sdk-sagemakeredgemanager/1.11.1015/aws-java-sdk-sagemakeredgemanager-1.11.1015.jar:/home/ec2-user/.m2/repository/com/amazonaws/aws-java-sdk-emrcontainers/1.11.1015/aws-java-sdk-emrcontainers-1.11.1015.jar:/home/ec2-user/.m2/repository/com/amazonaws/aws-java-sdk-customerprofiles/1.11.1015/aws-java-sdk-customerprofiles-1.11.1015.jar:/home/ec2-user/.m2/repository/com/amazonaws/aws-java-sdk-lookoutforvision/1.11.1015/aws-java-sdk-lookoutforvision-1.11.1015.jar:/home/ec2-user/.m2/repository/com/amazonaws/aws-java-sdk-connectcontactlens/1.11.1015/aws-java-sdk-connectcontactlens-1.11.1015.jar:/home/ec2-user/.m2/repository/com/amazonaws/aws-java-sdk-amplifybackend/1.11.1015/aws-java-sdk-amplifybackend-1.11.1015.jar:/home/ec2-user/.m2/repository/com/amazonaws/aws-java-sdk-ecrpublic/1.11.1015/aws-java-sdk-ecrpublic-1.11.1015.jar:/home/ec2-user/.m2/repository/com/amazonaws/aws-java-sdk-appintegrations/1.11.1015/aws-java-sdk-appintegrations-1.11.1015.jar:/home/ec2-user/.m2/repository/com/amazonaws/aws-java-sdk-sagemakerfeaturestoreruntime/1.11.1015/aws-java-sdk-sagemakerfeaturestoreruntime-1.11.1015.jar:/home/ec2-user/.m2/repository/com/amazonaws/aws-java-sdk-devopsguru/1.11.1015/aws-java-sdk-devopsguru-1.11.1015.jar:/home/ec2-user/.m2/repository/com/amazonaws/aws-java-sdk-mwaa/1.11.1015/aws-java-sdk-mwaa-1.11.1015.jar:/home/ec2-user/.m2/repository/com/amazonaws/aws-java-sdk-networkfirewall/1.11.1015/aws-java-sdk-networkfirewall-1.11.1015.jar:/home/ec2-user/.m2/repository/com/amazonaws/aws-java-sdk-appregistry/1.11.1015/aws-java-sdk-appregistry-1.11.1015.jar:/home/ec2-user/.m2/repository/com/amazonaws/aws-java-sdk-gluedatabrew/1.11.1015/aws-java-sdk-gluedatabrew-1.11.1015.jar:/home/ec2-user/.m2/repository/com/amazonaws/aws-java-sdk-s3outposts/1.11.1015/aws-java-sdk-s3outposts-1.11.1015.jar:/home/ec2-user/.m2/repository/com/amazonaws/aws-java-sdk-timestreamquery/1.11.1015/aws-java-sdk-timestreamquery-1.11.1015.jar:/home/ec2-user/.m2/repository/com/amazonaws/aws-java-sdk-timestreamwrite/1.11.1015/aws-java-sdk-timestreamwrite-1.11.1015.jar:/home/ec2-user/.m2/repository/com/amazonaws/aws-java-sdk-ssoadmin/1.11.1015/aws-java-sdk-ssoadmin-1.11.1015.jar:/home/ec2-user/.m2/repository/com/amazonaws/aws-java-sdk-redshiftdataapi/1.11.1015/aws-java-sdk-redshiftdataapi-1.11.1015.jar:/home/ec2-user/.m2/repository/com/amazonaws/aws-java-sdk-appflow/1.11.1015/aws-java-sdk-appflow-1.11.1015.jar:/home/ec2-user/.m2/repository/com/amazonaws/aws-java-sdk-identitystore/1.11.1015/aws-java-sdk-identitystore-1.11.1015.jar:/home/ec2-user/.m2/repository/com/amazonaws/aws-java-sdk-braket/1.11.1015/aws-java-sdk-braket-1.11.1015.jar:/home/ec2-user/.m2/repository/com/amazonaws/aws-java-sdk-ivs/1.11.1015/aws-java-sdk-ivs-1.11.1015.jar:/home/ec2-user/.m2/repository/com/amazonaws/aws-java-sdk-honeycode/1.11.1015/aws-java-sdk-honeycode-1.11.1015.jar:/home/ec2-user/.m2/repository/com/amazonaws/aws-java-sdk-codeartifact/1.11.1015/aws-java-sdk-codeartifact-1.11.1015.jar:/home/ec2-user/.m2/repository/com/amazonaws/aws-java-sdk-macie2/1.11.1015/aws-java-sdk-macie2-1.11.1015.jar:/home/ec2-user/.m2/repository/com/amazonaws/aws-java-sdk-iotsitewise/1.11.1015/aws-java-sdk-iotsitewise-1.11.1015.jar:/home/ec2-user/.m2/repository/com/amazonaws/aws-java-sdk-synthetics/1.11.1015/aws-java-sdk-synthetics-1.11.1015.jar:/home/ec2-user/.m2/repository/com/amazonaws/aws-java-sdk-codestarconnections/1.11.1015/aws-java-sdk-codestarconnections-1.11.1015.jar:/home/ec2-user/.m2/repository/com/amazonaws/aws-java-sdk-detective/1.11.1015/aws-java-sdk-detective-1.11.1015.jar:/home/ec2-user/.m2/repository/com/amazonaws/aws-java-sdk-kinesisvideosignalingchannels/1.11.1015/aws-java-sdk-kinesisvideosignalingchannels-1.11.1015.jar:/home/ec2-user/.m2/repository/com/amazonaws/aws-java-sdk-ebs/1.11.1015/aws-java-sdk-ebs-1.11.1015.jar:/home/ec2-user/.m2/repository/com/amazonaws/aws-java-sdk-augmentedairuntime/1.11.1015/aws-java-sdk-augmentedairuntime-1.11.1015.jar:/home/ec2-user/.m2/repository/com/amazonaws/aws-java-sdk-outposts/1.11.1015/aws-java-sdk-outposts-1.11.1015.jar:/home/ec2-user/.m2/repository/com/amazonaws/aws-java-sdk-codeguruprofiler/1.11.1015/aws-java-sdk-codeguruprofiler-1.11.1015.jar:/home/ec2-user/.m2/repository/com/amazonaws/aws-java-sdk-codegurureviewer/1.11.1015/aws-java-sdk-codegurureviewer-1.11.1015.jar:/home/ec2-user/.m2/repository/com/amazonaws/aws-java-sdk-frauddetector/1.11.1015/aws-java-sdk-frauddetector-1.11.1015.jar:/home/ec2-user/.m2/repository/com/amazonaws/aws-java-sdk-kendra/1.11.1015/aws-java-sdk-kendra-1.11.1015.jar:/home/ec2-user/.m2/repository/com/amazonaws/aws-java-sdk-networkmanager/1.11.1015/aws-java-sdk-networkmanager-1.11.1015.jar:/home/ec2-user/.m2/repository/com/amazonaws/aws-java-sdk-computeoptimizer/1.11.1015/aws-java-sdk-computeoptimizer-1.11.1015.jar:/home/ec2-user/.m2/repository/com/amazonaws/aws-java-sdk-accessanalyzer/1.11.1015/aws-java-sdk-accessanalyzer-1.11.1015.jar:/home/ec2-user/.m2/repository/com/amazonaws/aws-java-sdk-schemas/1.11.1015/aws-java-sdk-schemas-1.11.1015.jar:/home/ec2-user/.m2/repository/com/amazonaws/aws-java-sdk-imagebuilder/1.11.1015/aws-java-sdk-imagebuilder-1.11.1015.jar:/home/ec2-user/.m2/repository/com/amazonaws/aws-java-sdk-elasticinference/1.11.1015/aws-java-sdk-elasticinference-1.11.1015.jar:/home/ec2-user/.m2/repository/com/amazonaws/aws-java-sdk-iotsecuretunneling/1.11.1015/aws-java-sdk-iotsecuretunneling-1.11.1015.jar:/home/ec2-user/.m2/repository/com/amazonaws/aws-java-sdk-appconfig/1.11.1015/aws-java-sdk-appconfig-1.11.1015.jar:/home/ec2-user/.m2/repository/com/amazonaws/aws-java-sdk-wafv2/1.11.1015/aws-java-sdk-wafv2-1.11.1015.jar:/home/ec2-user/.m2/repository/com/amazonaws/aws-java-sdk-connectparticipant/1.11.1015/aws-java-sdk-connectparticipant-1.11.1015.jar:/home/ec2-user/.m2/repository/com/amazonaws/aws-java-sdk-migrationhubconfig/1.11.1015/aws-java-sdk-migrationhubconfig-1.11.1015.jar:/home/ec2-user/.m2/repository/com/amazonaws/aws-java-sdk-dataexchange/1.11.1015/aws-java-sdk-dataexchange-1.11.1015.jar:/home/ec2-user/.m2/repository/com/amazonaws/aws-java-sdk-sesv2/1.11.1015/aws-java-sdk-sesv2-1.11.1015.jar:/home/ec2-user/.m2/repository/com/amazonaws/aws-java-sdk-marketplacecatalog/1.11.1015/aws-java-sdk-marketplacecatalog-1.11.1015.jar:/home/ec2-user/.m2/repository/com/amazonaws/aws-java-sdk-ssooidc/1.11.1015/aws-java-sdk-ssooidc-1.11.1015.jar:/home/ec2-user/.m2/repository/com/amazonaws/aws-java-sdk-sso/1.11.1015/aws-java-sdk-sso-1.11.1015.jar:/home/ec2-user/.m2/repository/com/amazonaws/aws-java-sdk-savingsplans/1.11.1015/aws-java-sdk-savingsplans-1.11.1015.jar:/home/ec2-user/.m2/repository/com/amazonaws/aws-java-sdk-codestarnotifications/1.11.1015/aws-java-sdk-codestarnotifications-1.11.1015.jar:/home/ec2-user/.m2/repository/com/amazonaws/aws-java-sdk-workmailmessageflow/1.11.1015/aws-java-sdk-workmailmessageflow-1.11.1015.jar:/home/ec2-user/.m2/repository/com/amazonaws/aws-java-sdk-qldbsession/1.11.1015/aws-java-sdk-qldbsession-1.11.1015.jar:/home/ec2-user/.m2/repository/com/amazonaws/aws-java-sdk-qldb/1.11.1015/aws-java-sdk-qldb-1.11.1015.jar:/home/ec2-user/.m2/repository/com/amazonaws/aws-java-sdk-forecastquery/1.11.1015/aws-java-sdk-forecastquery-1.11.1015.jar:/home/ec2-user/.m2/repository/com/amazonaws/aws-java-sdk-forecast/1.11.1015/aws-java-sdk-forecast-1.11.1015.jar:/home/ec2-user/.m2/repository/com/amazonaws/aws-java-sdk-lakeformation/1.11.1015/aws-java-sdk-lakeformation-1.11.1015.jar:/home/ec2-user/.m2/repository/com/amazonaws/aws-java-sdk-eventbridge/1.11.1015/aws-java-sdk-eventbridge-1.11.1015.jar:/home/ec2-user/.m2/repository/com/amazonaws/aws-java-sdk-ec2instanceconnect/1.11.1015/aws-java-sdk-ec2instanceconnect-1.11.1015.jar:/home/ec2-user/.m2/repository/com/amazonaws/aws-java-sdk-applicationinsights/1.11.1015/aws-java-sdk-applicationinsights-1.11.1015.jar:/home/ec2-user/.m2/repository/com/amazonaws/aws-java-sdk-servicequotas/1.11.1015/aws-java-sdk-servicequotas-1.11.1015.jar:/home/ec2-user/.m2/repository/com/amazonaws/aws-java-sdk-personalizeevents/1.11.1015/aws-java-sdk-personalizeevents-1.11.1015.jar:/home/ec2-user/.m2/repository/com/amazonaws/aws-java-sdk-personalize/1.11.1015/aws-java-sdk-personalize-1.11.1015.jar:/home/ec2-user/.m2/repository/com/amazonaws/aws-java-sdk-personalizeruntime/1.11.1015/aws-java-sdk-personalizeruntime-1.11.1015.jar:/home/ec2-user/.m2/repository/com/amazonaws/aws-java-sdk-ioteventsdata/1.11.1015/aws-java-sdk-ioteventsdata-1.11.1015.jar:/home/ec2-user/.m2/repository/com/amazonaws/aws-java-sdk-iotevents/1.11.1015/aws-java-sdk-iotevents-1.11.1015.jar:/home/ec2-user/.m2/repository/com/amazonaws/aws-java-sdk-iotthingsgraph/1.11.1015/aws-java-sdk-iotthingsgraph-1.11.1015.jar:/home/ec2-user/.m2/repository/com/amazonaws/aws-java-sdk-groundstation/1.11.1015/aws-java-sdk-groundstation-1.11.1015.jar:/home/ec2-user/.m2/repository/com/amazonaws/aws-java-sdk-mediapackagevod/1.11.1015/aws-java-sdk-mediapackagevod-1.11.1015.jar:/home/ec2-user/.m2/repository/com/amazonaws/aws-java-sdk-managedblockchain/1.11.1015/aws-java-sdk-managedblockchain-1.11.1015.jar:/home/ec2-user/.m2/repository/com/amazonaws/aws-java-sdk-textract/1.11.1015/aws-java-sdk-textract-1.11.1015.jar:/home/ec2-user/.m2/repository/com/amazonaws/aws-java-sdk-worklink/1.11.1015/aws-java-sdk-worklink-1.11.1015.jar:/home/ec2-user/.m2/repository/com/amazonaws/aws-java-sdk-backup/1.11.1015/aws-java-sdk-backup-1.11.1015.jar:/home/ec2-user/.m2/repository/com/amazonaws/aws-java-sdk-docdb/1.11.1015/aws-java-sdk-docdb-1.11.1015.jar:/home/ec2-user/.m2/repository/com/amazonaws/aws-java-sdk-apigatewayv2/1.11.1015/aws-java-sdk-apigatewayv2-1.11.1015.jar:/home/ec2-user/.m2/repository/com/amazonaws/aws-java-sdk-apigatewaymanagementapi/1.11.1015/aws-java-sdk-apigatewaymanagementapi-1.11.1015.jar:/home/ec2-user/.m2/repository/com/amazonaws/aws-java-sdk-kafka/1.11.1015/aws-java-sdk-kafka-1.11.1015.jar:/home/ec2-user/.m2/repository/com/amazonaws/aws-java-sdk-appmesh/1.11.1015/aws-java-sdk-appmesh-1.11.1015.jar:/home/ec2-user/.m2/repository/com/amazonaws/aws-java-sdk-licensemanager/1.11.1015/aws-java-sdk-licensemanager-1.11.1015.jar:/home/ec2-user/.m2/repository/com/amazonaws/aws-java-sdk-securityhub/1.11.1015/aws-java-sdk-securityhub-1.11.1015.jar:/home/ec2-user/.m2/repository/com/amazonaws/aws-java-sdk-fsx/1.11.1015/aws-java-sdk-fsx-1.11.1015.jar:/home/ec2-user/.m2/repository/com/amazonaws/aws-java-sdk-mediaconnect/1.11.1015/aws-java-sdk-mediaconnect-1.11.1015.jar:/home/ec2-user/.m2/repository/com/amazonaws/aws-java-sdk-kinesisanalyticsv2/1.11.1015/aws-java-sdk-kinesisanalyticsv2-1.11.1015.jar:/home/ec2-user/.m2/repository/com/amazonaws/aws-java-sdk-comprehendmedical/1.11.1015/aws-java-sdk-comprehendmedical-1.11.1015.jar:/home/ec2-user/.m2/repository/com/amazonaws/aws-java-sdk-globalaccelerator/1.11.1015/aws-java-sdk-globalaccelerator-1.11.1015.jar:/home/ec2-user/.m2/repository/com/amazonaws/aws-java-sdk-transfer/1.11.1015/aws-java-sdk-transfer-1.11.1015.jar:/home/ec2-user/.m2/repository/com/amazonaws/aws-java-sdk-datasync/1.11.1015/aws-java-sdk-datasync-1.11.1015.jar:/home/ec2-user/.m2/repository/com/amazonaws/aws-java-sdk-robomaker/1.11.1015/aws-java-sdk-robomaker-1.11.1015.jar:/home/ec2-user/.m2/repository/com/amazonaws/aws-java-sdk-amplify/1.11.1015/aws-java-sdk-amplify-1.11.1015.jar:/home/ec2-user/.m2/repository/com/amazonaws/aws-java-sdk-quicksight/1.11.1015/aws-java-sdk-quicksight-1.11.1015.jar:/home/ec2-user/.m2/repository/com/amazonaws/aws-java-sdk-rdsdata/1.11.1015/aws-java-sdk-rdsdata-1.11.1015.jar:/home/ec2-user/.m2/repository/com/amazonaws/aws-java-sdk-route53resolver/1.11.1015/aws-java-sdk-route53resolver-1.11.1015.jar:/home/ec2-user/.m2/repository/com/amazonaws/aws-java-sdk-ram/1.11.1015/aws-java-sdk-ram-1.11.1015.jar:/home/ec2-user/.m2/repository/com/amazonaws/aws-java-sdk-s3control/1.11.1015/aws-java-sdk-s3control-1.11.1015.jar:/home/ec2-user/.m2/repository/com/amazonaws/aws-java-sdk-pinpointsmsvoice/1.11.1015/aws-java-sdk-pinpointsmsvoice-1.11.1015.jar:/home/ec2-user/.m2/repository/com/amazonaws/aws-java-sdk-pinpointemail/1.11.1015/aws-java-sdk-pinpointemail-1.11.1015.jar:/home/ec2-user/.m2/repository/com/amazonaws/aws-java-sdk-chime/1.11.1015/aws-java-sdk-chime-1.11.1015.jar:/home/ec2-user/.m2/repository/com/amazonaws/aws-java-sdk-signer/1.11.1015/aws-java-sdk-signer-1.11.1015.jar:/home/ec2-user/.m2/repository/com/amazonaws/aws-java-sdk-dlm/1.11.1015/aws-java-sdk-dlm-1.11.1015.jar:/home/ec2-user/.m2/repository/com/amazonaws/aws-java-sdk-macie/1.11.1015/aws-java-sdk-macie-1.11.1015.jar:/home/ec2-user/.m2/repository/com/amazonaws/aws-java-sdk-eks/1.11.1015/aws-java-sdk-eks-1.11.1015.jar:/home/ec2-user/.m2/repository/com/amazonaws/aws-java-sdk-mediatailor/1.11.1015/aws-java-sdk-mediatailor-1.11.1015.jar:/home/ec2-user/.m2/repository/com/amazonaws/aws-java-sdk-neptune/1.11.1015/aws-java-sdk-neptune-1.11.1015.jar:/home/ec2-user/.m2/repository/com/amazonaws/aws-java-sdk-pi/1.11.1015/aws-java-sdk-pi-1.11.1015.jar:/home/ec2-user/.m2/repository/com/amazonaws/aws-java-sdk-iot1clickprojects/1.11.1015/aws-java-sdk-iot1clickprojects-1.11.1015.jar:/home/ec2-user/.m2/repository/com/amazonaws/aws-java-sdk-iot1clickdevices/1.11.1015/aws-java-sdk-iot1clickdevices-1.11.1015.jar:/home/ec2-user/.m2/repository/com/amazonaws/aws-java-sdk-iotanalytics/1.11.1015/aws-java-sdk-iotanalytics-1.11.1015.jar:/home/ec2-user/.m2/repository/com/amazonaws/aws-java-sdk-acmpca/1.11.1015/aws-java-sdk-acmpca-1.11.1015.jar:/home/ec2-user/.m2/repository/com/amazonaws/aws-java-sdk-secretsmanager/1.11.1015/aws-java-sdk-secretsmanager-1.11.1015.jar:/home/ec2-user/.m2/repository/com/amazonaws/aws-java-sdk-fms/1.11.1015/aws-java-sdk-fms-1.11.1015.jar:/home/ec2-user/.m2/repository/com/amazonaws/aws-java-sdk-connect/1.11.1015/aws-java-sdk-connect-1.11.1015.jar:/home/ec2-user/.m2/repository/com/amazonaws/aws-java-sdk-transcribe/1.11.1015/aws-java-sdk-transcribe-1.11.1015.jar:/home/ec2-user/.m2/repository/com/amazonaws/aws-java-sdk-autoscalingplans/1.11.1015/aws-java-sdk-autoscalingplans-1.11.1015.jar:/home/ec2-user/.m2/repository/com/amazonaws/aws-java-sdk-workmail/1.11.1015/aws-java-sdk-workmail-1.11.1015.jar:/home/ec2-user/.m2/repository/com/amazonaws/aws-java-sdk-servicediscovery/1.11.1015/aws-java-sdk-servicediscovery-1.11.1015.jar:/home/ec2-user/.m2/repository/com/amazonaws/aws-java-sdk-cloud9/1.11.1015/aws-java-sdk-cloud9-1.11.1015.jar:/home/ec2-user/.m2/repository/com/amazonaws/aws-java-sdk-serverlessapplicationrepository/1.11.1015/aws-java-sdk-serverlessapplicationrepository-1.11.1015.jar:/home/ec2-user/.m2/repository/com/amazonaws/aws-java-sdk-alexaforbusiness/1.11.1015/aws-java-sdk-alexaforbusiness-1.11.1015.jar:/home/ec2-user/.m2/repository/com/amazonaws/aws-java-sdk-resourcegroups/1.11.1015/aws-java-sdk-resourcegroups-1.11.1015.jar:/home/ec2-user/.m2/repository/com/amazonaws/aws-java-sdk-comprehend/1.11.1015/aws-java-sdk-comprehend-1.11.1015.jar:/home/ec2-user/.m2/repository/com/amazonaws/aws-java-sdk-translate/1.11.1015/aws-java-sdk-translate-1.11.1015.jar:/home/ec2-user/.m2/repository/com/amazonaws/aws-java-sdk-sagemaker/1.11.1015/aws-java-sdk-sagemaker-1.11.1015.jar:/home/ec2-user/.m2/repository/com/amazonaws/aws-java-sdk-iotjobsdataplane/1.11.1015/aws-java-sdk-iotjobsdataplane-1.11.1015.jar:/home/ec2-user/.m2/repository/com/amazonaws/aws-java-sdk-sagemakerruntime/1.11.1015/aws-java-sdk-sagemakerruntime-1.11.1015.jar:/home/ec2-user/.m2/repository/com/amazonaws/aws-java-sdk-kinesisvideo/1.11.1015/aws-java-sdk-kinesisvideo-1.11.1015.jar:/home/ec2-user/.m2/repository/com/amazonaws/aws-java-sdk-appsync/1.11.1015/aws-java-sdk-appsync-1.11.1015.jar:/home/ec2-user/.m2/repository/com/amazonaws/aws-java-sdk-guardduty/1.11.1015/aws-java-sdk-guardduty-1.11.1015.jar:/home/ec2-user/.m2/repository/com/amazonaws/aws-java-sdk-mq/1.11.1015/aws-java-sdk-mq-1.11.1015.jar:/home/ec2-user/.m2/repository/com/amazonaws/aws-java-sdk-mediaconvert/1.11.1015/aws-java-sdk-mediaconvert-1.11.1015.jar:/home/ec2-user/.m2/repository/com/amazonaws/aws-java-sdk-mediastore/1.11.1015/aws-java-sdk-mediastore-1.11.1015.jar:/home/ec2-user/.m2/repository/com/amazonaws/aws-java-sdk-mediastoredata/1.11.1015/aws-java-sdk-mediastoredata-1.11.1015.jar:/home/ec2-user/.m2/repository/com/amazonaws/aws-java-sdk-medialive/1.11.1015/aws-java-sdk-medialive-1.11.1015.jar:/home/ec2-user/.m2/repository/com/amazonaws/aws-java-sdk-mediapackage/1.11.1015/aws-java-sdk-mediapackage-1.11.1015.jar:/home/ec2-user/.m2/repository/com/amazonaws/aws-java-sdk-costexplorer/1.11.1015/aws-java-sdk-costexplorer-1.11.1015.jar:/home/ec2-user/.m2/repository/com/amazonaws/aws-java-sdk-pricing/1.11.1015/aws-java-sdk-pricing-1.11.1015.jar:/home/ec2-user/.m2/repository/com/amazonaws/aws-java-sdk-mobile/1.11.1015/aws-java-sdk-mobile-1.11.1015.jar:/home/ec2-user/.m2/repository/com/amazonaws/aws-java-sdk-cloudhsmv2/1.11.1015/aws-java-sdk-cloudhsmv2-1.11.1015.jar:/home/ec2-user/.m2/repository/com/amazonaws/aws-java-sdk-glue/1.11.1015/aws-java-sdk-glue-1.11.1015.jar:/home/ec2-user/.m2/repository/com/amazonaws/aws-java-sdk-migrationhub/1.11.1015/aws-java-sdk-migrationhub-1.11.1015.jar:/home/ec2-user/.m2/repository/com/amazonaws/aws-java-sdk-dax/1.11.1015/aws-java-sdk-dax-1.11.1015.jar:/home/ec2-user/.m2/repository/com/amazonaws/aws-java-sdk-greengrass/1.11.1015/aws-java-sdk-greengrass-1.11.1015.jar:/home/ec2-user/.m2/repository/com/amazonaws/aws-java-sdk-athena/1.11.1015/aws-java-sdk-athena-1.11.1015.jar:/home/ec2-user/.m2/repository/com/amazonaws/aws-java-sdk-marketplaceentitlement/1.11.1015/aws-java-sdk-marketplaceentitlement-1.11.1015.jar:/home/ec2-user/.m2/repository/com/amazonaws/aws-java-sdk-codestar/1.11.1015/aws-java-sdk-codestar-1.11.1015.jar:/home/ec2-user/.m2/repository/com/amazonaws/aws-java-sdk-lexmodelbuilding/1.11.1015/aws-java-sdk-lexmodelbuilding-1.11.1015.jar:/home/ec2-user/.m2/repository/com/amazonaws/aws-java-sdk-resourcegroupstaggingapi/1.11.1015/aws-java-sdk-resourcegroupstaggingapi-1.11.1015.jar:/home/ec2-user/.m2/repository/com/amazonaws/aws-java-sdk-pinpoint/1.11.1015/aws-java-sdk-pinpoint-1.11.1015.jar:/home/ec2-user/.m2/repository/com/amazonaws/aws-java-sdk-xray/1.11.1015/aws-java-sdk-xray-1.11.1015.jar:/home/ec2-user/.m2/repository/com/amazonaws/aws-java-sdk-opsworkscm/1.11.1015/aws-java-sdk-opsworkscm-1.11.1015.jar:/home/ec2-user/.m2/repository/com/amazonaws/aws-java-sdk-support/1.11.1015/aws-java-sdk-support-1.11.1015.jar:/home/ec2-user/.m2/repository/com/amazonaws/aws-java-sdk-simpledb/1.11.1015/aws-java-sdk-simpledb-1.11.1015.jar:/home/ec2-user/.m2/repository/com/amazonaws/aws-java-sdk-servicecatalog/1.11.1015/aws-java-sdk-servicecatalog-1.11.1015.jar:/home/ec2-user/.m2/repository/com/amazonaws/aws-java-sdk-servermigration/1.11.1015/aws-java-sdk-servermigration-1.11.1015.jar:/home/ec2-user/.m2/repository/com/amazonaws/aws-java-sdk-simpleworkflow/1.11.1015/aws-java-sdk-simpleworkflow-1.11.1015.jar:/home/ec2-user/.m2/repository/com/amazonaws/aws-java-sdk-storagegateway/1.11.1015/aws-java-sdk-storagegateway-1.11.1015.jar:/home/ec2-user/.m2/repository/com/amazonaws/aws-java-sdk-route53/1.11.1015/aws-java-sdk-route53-1.11.1015.jar:/home/ec2-user/.m2/repository/com/amazonaws/aws-java-sdk-importexport/1.11.1015/aws-java-sdk-importexport-1.11.1015.jar:/home/ec2-user/.m2/repository/com/amazonaws/aws-java-sdk-sts/1.11.1015/aws-java-sdk-sts-1.11.1015.jar:/home/ec2-user/.m2/repository/com/amazonaws/aws-java-sdk-sqs/1.11.1015/aws-java-sdk-sqs-1.11.1015.jar:/home/ec2-user/.m2/repository/com/amazonaws/aws-java-sdk-rds/1.11.1015/aws-java-sdk-rds-1.11.1015.jar:/home/ec2-user/.m2/repository/com/amazonaws/aws-java-sdk-redshift/1.11.1015/aws-java-sdk-redshift-1.11.1015.jar:/home/ec2-user/.m2/repository/com/amazonaws/aws-java-sdk-elasticbeanstalk/1.11.1015/aws-java-sdk-elasticbeanstalk-1.11.1015.jar:/home/ec2-user/.m2/repository/com/amazonaws/aws-java-sdk-glacier/1.11.1015/aws-java-sdk-glacier-1.11.1015.jar:/home/ec2-user/.m2/repository/com/amazonaws/aws-java-sdk-iam/1.11.1015/aws-java-sdk-iam-1.11.1015.jar:/home/ec2-user/.m2/repository/com/amazonaws/aws-java-sdk-datapipeline/1.11.1015/aws-java-sdk-datapipeline-1.11.1015.jar:/home/ec2-user/.m2/repository/com/amazonaws/aws-java-sdk-elasticloadbalancing/1.11.1015/aws-java-sdk-elasticloadbalancing-1.11.1015.jar:/home/ec2-user/.m2/repository/com/amazonaws/aws-java-sdk-elasticloadbalancingv2/1.11.1015/aws-java-sdk-elasticloadbalancingv2-1.11.1015.jar:/home/ec2-user/.m2/repository/com/amazonaws/aws-java-sdk-emr/1.11.1015/aws-java-sdk-emr-1.11.1015.jar:/home/ec2-user/.m2/repository/com/amazonaws/aws-java-sdk-elasticache/1.11.1015/aws-java-sdk-elasticache-1.11.1015.jar:/home/ec2-user/.m2/repository/com/amazonaws/aws-java-sdk-elastictranscoder/1.11.1015/aws-java-sdk-elastictranscoder-1.11.1015.jar:/home/ec2-user/.m2/repository/com/amazonaws/aws-java-sdk-ec2/1.11.1015/aws-java-sdk-ec2-1.11.1015.jar:/home/ec2-user/.m2/repository/com/amazonaws/aws-java-sdk-dynamodb/1.11.1015/aws-java-sdk-dynamodb-1.11.1015.jar:/home/ec2-user/.m2/repository/com/amazonaws/aws-java-sdk-sns/1.11.1015/aws-java-sdk-sns-1.11.1015.jar:/home/ec2-user/.m2/repository/com/amazonaws/aws-java-sdk-budgets/1.11.1015/aws-java-sdk-budgets-1.11.1015.jar:/home/ec2-user/.m2/repository/com/amazonaws/aws-java-sdk-cloudtrail/1.11.1015/aws-java-sdk-cloudtrail-1.11.1015.jar:/home/ec2-user/.m2/repository/com/amazonaws/aws-java-sdk-cloudwatch/1.11.1015/aws-java-sdk-cloudwatch-1.11.1015.jar:/home/ec2-user/.m2/repository/com/amazonaws/aws-java-sdk-logs/1.11.1015/aws-java-sdk-logs-1.11.1015.jar:/home/ec2-user/.m2/repository/com/amazonaws/aws-java-sdk-events/1.11.1015/aws-java-sdk-events-1.11.1015.jar:/home/ec2-user/.m2/repository/com/amazonaws/aws-java-sdk-cognitoidentity/1.11.1015/aws-java-sdk-cognitoidentity-1.11.1015.jar:/home/ec2-user/.m2/repository/com/amazonaws/aws-java-sdk-cognitosync/1.11.1015/aws-java-sdk-cognitosync-1.11.1015.jar:/home/ec2-user/.m2/repository/com/amazonaws/aws-java-sdk-directconnect/1.11.1015/aws-java-sdk-directconnect-1.11.1015.jar:/home/ec2-user/.m2/repository/com/amazonaws/aws-java-sdk-cloudformation/1.11.1015/aws-java-sdk-cloudformation-1.11.1015.jar:/home/ec2-user/.m2/repository/com/amazonaws/aws-java-sdk-cloudfront/1.11.1015/aws-java-sdk-cloudfront-1.11.1015.jar:/home/ec2-user/.m2/repository/com/amazonaws/aws-java-sdk-clouddirectory/1.11.1015/aws-java-sdk-clouddirectory-1.11.1015.jar:/home/ec2-user/.m2/repository/com/amazonaws/aws-java-sdk-kinesis/1.11.1015/aws-java-sdk-kinesis-1.11.1015.jar:/home/ec2-user/.m2/repository/com/amazonaws/aws-java-sdk-opsworks/1.11.1015/aws-java-sdk-opsworks-1.11.1015.jar:/home/ec2-user/.m2/repository/com/amazonaws/aws-java-sdk-ses/1.11.1015/aws-java-sdk-ses-1.11.1015.jar:/home/ec2-user/.m2/repository/com/amazonaws/aws-java-sdk-autoscaling/1.11.1015/aws-java-sdk-autoscaling-1.11.1015.jar:/home/ec2-user/.m2/repository/com/amazonaws/aws-java-sdk-cloudsearch/1.11.1015/aws-java-sdk-cloudsearch-1.11.1015.jar:/home/ec2-user/.m2/repository/com/amazonaws/aws-java-sdk-cloudwatchmetrics/1.11.1015/aws-java-sdk-cloudwatchmetrics-1.11.1015.jar:/home/ec2-user/.m2/repository/com/amazonaws/aws-java-sdk-codedeploy/1.11.1015/aws-java-sdk-codedeploy-1.11.1015.jar:/home/ec2-user/.m2/repository/com/amazonaws/aws-java-sdk-codepipeline/1.11.1015/aws-java-sdk-codepipeline-1.11.1015.jar:/home/ec2-user/.m2/repository/com/amazonaws/aws-java-sdk-kms/1.11.1015/aws-java-sdk-kms-1.11.1015.jar:/home/ec2-user/.m2/repository/com/amazonaws/aws-java-sdk-config/1.11.1015/aws-java-sdk-config-1.11.1015.jar:/home/ec2-user/.m2/repository/com/amazonaws/aws-java-sdk-lambda/1.11.1015/aws-java-sdk-lambda-1.11.1015.jar:/home/ec2-user/.m2/repository/com/amazonaws/aws-java-sdk-ecs/1.11.1015/aws-java-sdk-ecs-1.11.1015.jar:/home/ec2-user/.m2/repository/com/amazonaws/aws-java-sdk-ecr/1.11.1015/aws-java-sdk-ecr-1.11.1015.jar:/home/ec2-user/.m2/repository/com/amazonaws/aws-java-sdk-cloudhsm/1.11.1015/aws-java-sdk-cloudhsm-1.11.1015.jar:/home/ec2-user/.m2/repository/com/amazonaws/aws-java-sdk-ssm/1.11.1015/aws-java-sdk-ssm-1.11.1015.jar:/home/ec2-user/.m2/repository/com/amazonaws/aws-java-sdk-workspaces/1.11.1015/aws-java-sdk-workspaces-1.11.1015.jar:/home/ec2-user/.m2/repository/com/amazonaws/aws-java-sdk-machinelearning/1.11.1015/aws-java-sdk-machinelearning-1.11.1015.jar:/home/ec2-user/.m2/repository/com/amazonaws/aws-java-sdk-directory/1.11.1015/aws-java-sdk-directory-1.11.1015.jar:/home/ec2-user/.m2/repository/com/amazonaws/aws-java-sdk-efs/1.11.1015/aws-java-sdk-efs-1.11.1015.jar:/home/ec2-user/.m2/repository/com/amazonaws/aws-java-sdk-codecommit/1.11.1015/aws-java-sdk-codecommit-1.11.1015.jar:/home/ec2-user/.m2/repository/com/amazonaws/aws-java-sdk-devicefarm/1.11.1015/aws-java-sdk-devicefarm-1.11.1015.jar:/home/ec2-user/.m2/repository/com/amazonaws/aws-java-sdk-elasticsearch/1.11.1015/aws-java-sdk-elasticsearch-1.11.1015.jar:/home/ec2-user/.m2/repository/com/amazonaws/aws-java-sdk-waf/1.11.1015/aws-java-sdk-waf-1.11.1015.jar:/home/ec2-user/.m2/repository/com/amazonaws/aws-java-sdk-marketplacecommerceanalytics/1.11.1015/aws-java-sdk-marketplacecommerceanalytics-1.11.1015.jar:/home/ec2-user/.m2/repository/com/amazonaws/aws-java-sdk-inspector/1.11.1015/aws-java-sdk-inspector-1.11.1015.jar:/home/ec2-user/.m2/repository/com/amazonaws/aws-java-sdk-iot/1.11.1015/aws-java-sdk-iot-1.11.1015.jar:/home/ec2-user/.m2/repository/com/amazonaws/aws-java-sdk-api-gateway/1.11.1015/aws-java-sdk-api-gateway-1.11.1015.jar:/home/ec2-user/.m2/repository/com/amazonaws/aws-java-sdk-acm/1.11.1015/aws-java-sdk-acm-1.11.1015.jar:/home/ec2-user/.m2/repository/com/amazonaws/aws-java-sdk-gamelift/1.11.1015/aws-java-sdk-gamelift-1.11.1015.jar:/home/ec2-user/.m2/repository/com/amazonaws/aws-java-sdk-dms/1.11.1015/aws-java-sdk-dms-1.11.1015.jar:/home/ec2-user/.m2/repository/com/amazonaws/aws-java-sdk-marketplacemeteringservice/1.11.1015/aws-java-sdk-marketplacemeteringservice-1.11.1015.jar:/home/ec2-user/.m2/repository/com/amazonaws/aws-java-sdk-cognitoidp/1.11.1015/aws-java-sdk-cognitoidp-1.11.1015.jar:/home/ec2-user/.m2/repository/com/amazonaws/aws-java-sdk-discovery/1.11.1015/aws-java-sdk-discovery-1.11.1015.jar:/home/ec2-user/.m2/repository/com/amazonaws/aws-java-sdk-applicationautoscaling/1.11.1015/aws-java-sdk-applicationautoscaling-1.11.1015.jar:/home/ec2-user/.m2/repository/com/amazonaws/aws-java-sdk-snowball/1.11.1015/aws-java-sdk-snowball-1.11.1015.jar:/home/ec2-user/.m2/repository/com/amazonaws/aws-java-sdk-rekognition/1.11.1015/aws-java-sdk-rekognition-1.11.1015.jar:/home/ec2-user/.m2/repository/com/amazonaws/aws-java-sdk-polly/1.11.1015/aws-java-sdk-polly-1.11.1015.jar:/home/ec2-user/.m2/repository/com/amazonaws/aws-java-sdk-lightsail/1.11.1015/aws-java-sdk-lightsail-1.11.1015.jar:/home/ec2-user/.m2/repository/com/amazonaws/aws-java-sdk-stepfunctions/1.11.1015/aws-java-sdk-stepfunctions-1.11.1015.jar:/home/ec2-user/.m2/repository/com/amazonaws/aws-java-sdk-health/1.11.1015/aws-java-sdk-health-1.11.1015.jar:/home/ec2-user/.m2/repository/com/amazonaws/aws-java-sdk-costandusagereport/1.11.1015/aws-java-sdk-costandusagereport-1.11.1015.jar:/home/ec2-user/.m2/repository/com/amazonaws/aws-java-sdk-codebuild/1.11.1015/aws-java-sdk-codebuild-1.11.1015.jar:/home/ec2-user/.m2/repository/com/amazonaws/aws-java-sdk-appstream/1.11.1015/aws-java-sdk-appstream-1.11.1015.jar:/home/ec2-user/.m2/repository/com/amazonaws/aws-java-sdk-shield/1.11.1015/aws-java-sdk-shield-1.11.1015.jar:/home/ec2-user/.m2/repository/com/amazonaws/aws-java-sdk-batch/1.11.1015/aws-java-sdk-batch-1.11.1015.jar:/home/ec2-user/.m2/repository/com/amazonaws/aws-java-sdk-lex/1.11.1015/aws-java-sdk-lex-1.11.1015.jar:/home/ec2-user/.m2/repository/com/amazonaws/aws-java-sdk-mechanicalturkrequester/1.11.1015/aws-java-sdk-mechanicalturkrequester-1.11.1015.jar:/home/ec2-user/.m2/repository/com/amazonaws/aws-java-sdk-organizations/1.11.1015/aws-java-sdk-organizations-1.11.1015.jar:/home/ec2-user/.m2/repository/com/amazonaws/aws-java-sdk-workdocs/1.11.1015/aws-java-sdk-workdocs-1.11.1015.jar:/home/ec2-user/.m2/repository/com/amazonaws/aws-java-sdk-core/1.11.1015/aws-java-sdk-core-1.11.1015.jar:/home/ec2-user/.m2/repository/software/amazon/ion/ion-java/1.0.2/ion-java-1.0.2.jar:/home/ec2-user/.m2/repository/com/amazonaws/aws-java-sdk-models/1.11.1015/aws-java-sdk-models-1.11.1015.jar:/home/ec2-user/.m2/repository/com/amazonaws/aws-java-sdk-swf-libraries/1.11.22/aws-java-sdk-swf-libraries-1.11.22.jar:/home/ec2-user/.m2/repository/com/amazonaws/amazon-kinesis-client/1.0.0/amazon-kinesis-client-1.0.0.jar:/home/ec2-user/.m2/repository/com/fasterxml/jackson/core/jackson-annotations/2.13.4/jackson-annotations-2.13.4.jar:/home/ec2-user/.m2/repository/com/fasterxml/jackson/dataformat/jackson-dataformat-cbor/2.13.4/jackson-dataformat-cbor-2.13.4.jar:/home/ec2-user/.m2/repository/com/azure/azure-messaging-eventhubs/5.15.0/azure-messaging-eventhubs-5.15.0.jar:/home/ec2-user/.m2/repository/com/azure/azure-core/1.34.0/azure-core-1.34.0.jar:/home/ec2-user/.m2/repository/com/fasterxml/jackson/dataformat/jackson-dataformat-xml/2.13.4/jackson-dataformat-xml-2.13.4.jar:/home/ec2-user/.m2/repository/org/codehaus/woodstox/stax2-api/4.2.1/stax2-api-4.2.1.jar:/home/ec2-user/.m2/repository/com/fasterxml/woodstox/woodstox-core/6.4.0/woodstox-core-6.4.0.jar:/home/ec2-user/.m2/repository/io/projectreactor/reactor-core/3.4.23/reactor-core-3.4.23.jar:/home/ec2-user/.m2/repository/org/reactivestreams/reactive-streams/1.0.4/reactive-streams-1.0.4.jar:/home/ec2-user/.m2/repository/com/azure/azure-core-amqp/2.8.0/azure-core-amqp-2.8.0.jar:/home/ec2-user/.m2/repository/com/microsoft/azure/qpid-proton-j-extensions/1.2.4/qpid-proton-j-extensions-1.2.4.jar:/home/ec2-user/.m2/repository/org/apache/qpid/proton-j/0.33.8/proton-j-0.33.8.jar:"/>
    <property name="sun.cpu.endian" value="little"/>
    <property name="user.home" value="/home/ec2-user"/>
    <property name="user.language" value="en"/>
    <property name="java.specification.vendor" value="Oracle Corporation"/>
    <property name="java.version.date" value="2022-04-19"/>
    <property name="java.home" value="/usr/lib/jvm/java-11-openjdk-11.0.15.0.10-2.el8_6.x86_64"/>
    <property name="file.separator" value="/"/>
    <property name="basedir" value="/home/ec2-user/code/cdcsdk-testing"/>
    <property name="java.vm.compressedOopsMode" value="Zero based"/>
    <property name="line.separator" value="&#10;"/>
    <property name="java.specification.name" value="Java Platform API Specification"/>
    <property name="java.vm.specification.vendor" value="Oracle Corporation"/>
    <property name="java.awt.graphicsenv" value="sun.awt.X11GraphicsEnvironment"/>
    <property name="surefire.real.class.path" value="/home/ec2-user/code/cdcsdk-testing/target/surefire/surefirebooter5728124449784495897.jar"/>
    <property name="sun.management.compiler" value="HotSpot 64-Bit Tiered Compilers"/>
    <property name="java.runtime.version" value="11.0.15+10-LTS"/>
    <property name="user.name" value="ec2-user"/>
    <property name="path.separator" value=":"/>
    <property name="os.version" value="4.18.0-372.16.1.el8_6.x86_64"/>
    <property name="java.runtime.name" value="OpenJDK Runtime Environment"/>
    <property name="file.encoding" value="UTF-8"/>
    <property name="java.vm.name" value="OpenJDK 64-Bit Server VM"/>
    <property name="java.vendor.version" value="18.9"/>
    <property name="localRepository" value="/home/ec2-user/.m2/repository"/>
    <property name="java.vendor.url.bug" value="https://bugzilla.redhat.com/enter_bug.cgi?product=Red%20Hat%20Enterprise%20Linux%208&amp;component=java-11-openjdk"/>
    <property name="java.io.tmpdir" value="/tmp"/>
    <property name="java.version" value="11.0.15"/>
    <property name="user.dir" value="/home/ec2-user/code/cdcsdk-testing"/>
    <property name="os.arch" value="amd64"/>
    <property name="java.vm.specification.name" value="Java Virtual Machine Specification"/>
    <property name="java.awt.printerjob" value="sun.print.PSPrinterJob"/>
    <property name="it.test" value="PostgresSinkConsumerIT"/>
    <property name="sun.os.patch.level" value="unknown"/>
    <property name="java.library.path" value="/usr/java/packages/lib:/usr/lib64:/lib64:/lib:/usr/lib"/>
    <property name="java.vm.info" value="mixed mode, sharing"/>
    <property name="java.vendor" value="Red Hat, Inc."/>
    <property name="java.vm.version" value="11.0.15+10-LTS"/>
    <property name="sun.io.unicode.encoding" value="UnicodeLittle"/>
    <property name="java.class.version" value="55.0"/>
  </properties>
  <testcase name="verifyRecordsInPostgresFromKafka" classname="com.yugabyte.cdcsdk.testing.PostgresSinkConsumerIT" time="0.82"/>
  <testcase name="verifyRecordsInKafka" classname="com.yugabyte.cdcsdk.testing.PostgresSinkConsumerIT" time="0.984"/>
</testsuite>